[2017-07-03 16:02:42.063] [INFO] resLogger - 
*************** response log start ***************
request method: POST
request originalUrl:  /api/bleconnect/ble_connect_result
request client ip:  ::ffff:127.0.0.1
request body: 
{"mac":"","name":"","mi":"","mobile":"","flag":"12345","userid":""}
response time: 268
response status: 200
response body: 
{"data":[{"_id":"12345","avg_connect":0,"min_connect":null,"max_connect":null,"avg_scan":0,"min_scan":null,"max_scan":null,"avg_rssi":0,"min_rssi":null,"max_rssi":null}],"status":{"code":0,"msg":"查询成功","sub_code":"query_success","sub_msg":"查询成功","timestamp":"1499068941401"},"isf":false}
*************** response log end ***************

[2017-07-03 16:03:54.221] [INFO] resLogger - 
*************** response log start ***************
request method: POST
request originalUrl:  /api/bleconnect/ble_connect_result
request client ip:  ::ffff:127.0.0.1
request body: 
{"mac":"","name":"","mi":"","mobile":"","flag":"12345","userid":""}
response time: 54
response status: 200
response body: 
{"data":[{"_id":"12345","avg_connect":0,"min_connect":null,"max_connect":null,"avg_scan":0,"min_scan":null,"max_scan":null,"avg_rssi":0,"min_rssi":null,"max_rssi":null}],"status":{"code":0,"msg":"查询成功","sub_code":"query_success","sub_msg":"查询成功","timestamp":"1499069027508"},"isf":false}
*************** response log end ***************

[2017-07-03 16:04:42.367] [INFO] resLogger - 
*************** response log start ***************
request method: POST
request originalUrl:  /api/bleconnect/ble_connect_result
request client ip:  ::ffff:127.0.0.1
request body: 
{"mac":"","name":"","mi":"","mobile":"","flag":"12345","userid":""}
response time: 43
response status: 200
response body: 
{"data":[{"_id":"12345","avg_connect":0,"min_connect":null,"max_connect":null,"avg_scan":0,"min_scan":null,"max_scan":null,"avg_rssi":0,"min_rssi":null,"max_rssi":null}],"status":{"code":0,"msg":"查询成功","sub_code":"query_success","sub_msg":"查询成功","timestamp":"1499069077827"},"isf":false}
*************** response log end ***************

[2017-07-03 16:06:21.855] [INFO] resLogger - 
*************** response log start ***************
request method: POST
request originalUrl:  /api/bleconnect/ble_connect_result
request client ip:  ::ffff:127.0.0.1
request body: 
{"mac":"","name":"","mi":"","mobile":"","flag":"12345","userid":""}
response time: 59
response status: 200
response body: 
{"data":[{"_id":"12345","avg_connect":0,"min_connect":null,"max_connect":null,"avg_scan":0,"min_scan":null,"max_scan":null,"avg_rssi":0,"min_rssi":null,"max_rssi":null}],"status":{"code":0,"msg":"查询成功","sub_code":"query_success","sub_msg":"查询成功","timestamp":"1499069176391"},"isf":false}
*************** response log end ***************

[2017-07-03 16:07:29.638] [INFO] resLogger - 
*************** response log start ***************
request method: POST
request originalUrl:  /api/bleconnect/ble_connect_result
request client ip:  ::ffff:127.0.0.1
request body: 
{"mac":"","name":"","mi":"","mobile":"","flag":"12345","userid":""}
response time: 41
response status: 200
response body: 
{"data":[{"_id":"12345","avg_connect":0,"min_connect":null,"max_connect":null,"avg_scan":0,"min_scan":null,"max_scan":null,"avg_rssi":0,"min_rssi":null,"max_rssi":null}],"status":{"code":0,"msg":"查询成功","sub_code":"query_success","sub_msg":"查询成功","timestamp":"1499069243958"},"isf":false}
*************** response log end ***************

[2017-07-03 16:08:13.621] [INFO] resLogger - 
*************** response log start ***************
request method: POST
request originalUrl:  /api/bleconnect/ble_connect_result
request client ip:  ::ffff:127.0.0.1
request body: 
{"mac":"","name":"","mi":"","mobile":"","flag":"12345","userid":""}
response time: 125
response status: 200
response body: 
{"data":[{"_id":"12345","avg_connect":0,"min_connect":null,"max_connect":null,"avg_scan":0,"min_scan":null,"max_scan":null,"avg_rssi":0,"min_rssi":null,"max_rssi":null}],"status":{"code":0,"msg":"查询成功","sub_code":"query_success","sub_msg":"查询成功","timestamp":"1499069286779"},"isf":false}
*************** response log end ***************

[2017-07-03 16:45:22.765] [INFO] resLogger - 
*************** response log start ***************
request method: POST
request originalUrl:  /api/bleconnect/ble_connect_result
request client ip:  ::ffff:127.0.0.1
request body: 
{"mac":"","name":"","mi":"","mobile":"","flag":"12345","userid":""}
response time: 209
response status: 200
response body: 
{"status":{"code":-1,"msg":"系统错误","sub_code":"query_faild_syserror","sub_msg":"查询失败，系统错误","timestamp":"1499071506462"},"isf":false}
*************** response log end ***************

[2017-07-03 16:46:44.815] [INFO] resLogger - 
*************** response log start ***************
request method: POST
request originalUrl:  /api/bleconnect/ble_connect_result
request client ip:  ::ffff:127.0.0.1
request body: 
{"mac":"","name":"","mi":"","mobile":"","flag":"12345","userid":""}
response time: 110
response status: 200
response body: 
{"status":{"code":-1,"msg":"系统错误","sub_code":"query_faild_syserror","sub_msg":"查询失败，系统错误","timestamp":"1499071595990"},"isf":false}
*************** response log end ***************

[2017-07-03 16:49:10.234] [INFO] resLogger - 
*************** response log start ***************
request method: POST
request originalUrl:  /api/bleconnect/ble_connect_result
request client ip:  ::ffff:127.0.0.1
request body: 
{"mac":"","name":"","mi":"","mobile":"","flag":"12345","userid":""}
response time: 108
response status: 200
response body: 
{"status":{"code":-1,"msg":"系统错误","sub_code":"query_faild_syserror","sub_msg":"查询失败，系统错误","timestamp":"1499071744186"},"isf":false}
*************** response log end ***************

[2017-07-03 16:58:13.616] [INFO] resLogger - 
*************** response log start ***************
request method: POST
request originalUrl:  /api/bleconnect/ble_connect_result
request client ip:  ::ffff:127.0.0.1
request body: 
{"mac":"","name":"","mi":"","mobile":"","flag":"12345","userid":""}
response time: 93
response status: 200
response body: 
{"data":[{"_id":"12345","avg_connect":0,"min_connect":null,"max_connect":null,"avg_scan":0,"min_scan":null,"max_scan":null,"avg_rssi":0,"min_rssi":null,"max_rssi":null}],"status":{"code":0,"msg":"查询成功","sub_code":"query_success","sub_msg":"查询成功","timestamp":"1499072287874"},"isf":false}
*************** response log end ***************

[2017-07-03 16:59:23.385] [INFO] resLogger - 
*************** response log start ***************
request method: POST
request originalUrl:  /api/bleconnect/ble_connect_result
request client ip:  ::ffff:127.0.0.1
request body: 
{"mac":"","name":"","mi":"","mobile":"","flag":"12345","userid":""}
response time: 61
response status: 200
response body: 
{"status":{"code":-1,"msg":"系统错误","sub_code":"query_faild_syserror","sub_msg":"查询失败，系统错误","timestamp":"1499072359407"},"isf":false}
*************** response log end ***************

