[2017-07-17 11:12:04.856] [INFO] resLogger - 
*************** response log start ***************
request method: POST
request originalUrl:  /api/ble/ble_get_connect_mobile
request client ip:  ::ffff:127.0.0.1
request body: 
{"connect_interval":"80","connect_window":"18","connect_min_interval":"10","connect_max_interval":"5"}
response time: 5
response status: 200
response body: 
{"code":0,"message":"success"}
*************** response log end ***************

[2017-07-17 11:12:21.990] [INFO] resLogger - 
*************** response log start ***************
request method: POST
request originalUrl:  /api/ble/ble_get_connect
request client ip:  ::ffff:127.0.0.1
request body: 
{}
response time: 29
response status: 200
response body: 
{"data":[{"_id":{}},{"_id":{"connect_interval":"0","connect_window":"0","connect_min_interval":"0","connect_max_interval":"0"}},{"_id":{"connect_interval":"80","connect_window":"18","connect_min_interval":"10","connect_max_interval":"15"}},{"_id":{"connect_interval":"96","connect_window":"48","connect_min_interval":"24","connect_max_interval":"40"}},{"_id":{"connect_interval":"96","connect_window":"48","connect_min_interval":"06","connect_max_interval":"06"}},{"_id":{"connect_interval":"05","connect_window":"05","connect_min_interval":"15","connect_max_interval":"15"}}],"status":{"code":0,"msg":"获取成功","sub_code":"get_success","sub_msg":"获取成功","timestamp":"1500261118947"},"isf":false}
*************** response log end ***************

[2017-07-17 11:13:07.042] [INFO] resLogger - 
*************** response log start ***************
request method: POST
request originalUrl:  /api/ble/ble_get_connect_mobile
request client ip:  ::ffff:127.0.0.1
request body: 
{"connect_interval":"80","connect_window":"18","connect_min_interval":"10","connect_max_interval":"15"}
response time: 9
response status: 200
response body: 
{"code":0,"message":"success"}
*************** response log end ***************

[2017-07-17 11:13:11.495] [INFO] resLogger - 
*************** response log start ***************
request method: POST
request originalUrl:  /api/ble/ble_get_connect_mobile
request client ip:  ::ffff:127.0.0.1
request body: 
{"connect_interval":"80","connect_window":"18","connect_min_interval":"10","connect_max_interval":"15"}
response time: 2
response status: 200
response body: 
{"code":0,"message":"success"}
*************** response log end ***************

[2017-07-17 11:13:14.111] [INFO] resLogger - 
*************** response log start ***************
request method: POST
request originalUrl:  /api/ble/ble_get_connect_mobile
request client ip:  ::ffff:127.0.0.1
request body: 
{"connect_interval":"80","connect_window":"18","connect_min_interval":"10","connect_max_interval":"15"}
response time: 1
response status: 200
response body: 
{"code":0,"message":"success"}
*************** response log end ***************

[2017-07-17 11:14:29.985] [INFO] resLogger - 
*************** response log start ***************
request method: POST
request originalUrl:  /api/ble/ble_get_connect
request client ip:  ::ffff:127.0.0.1
request body: 
{}
response time: 12
response status: 200
response body: 
{"data":[{"_id":{}},{"_id":{"connect_interval":"0","connect_window":"0","connect_min_interval":"0","connect_max_interval":"0"}},{"_id":{"connect_interval":"80","connect_window":"18","connect_min_interval":"10","connect_max_interval":"15"}},{"_id":{"connect_interval":"96","connect_window":"48","connect_min_interval":"24","connect_max_interval":"40"}},{"_id":{"connect_interval":"96","connect_window":"48","connect_min_interval":"06","connect_max_interval":"06"}},{"_id":{"connect_interval":"05","connect_window":"05","connect_min_interval":"15","connect_max_interval":"15"}}],"status":{"code":0,"msg":"获取成功","sub_code":"get_success","sub_msg":"获取成功","timestamp":"1500261118947"},"isf":false}
*************** response log end ***************

[2017-07-17 11:15:10.415] [INFO] resLogger - 
*************** response log start ***************
request method: POST
request originalUrl:  /api/ble/ble_get_connect_mobile
request client ip:  ::ffff:127.0.0.1
request body: 
{"connect_interval":"96","connect_window":"48","connect_min_interval":"06","connect_max_interval":"06"}
response time: 3
response status: 200
response body: 
{"code":0,"message":"success"}
*************** response log end ***************

[2017-07-17 11:15:44.390] [INFO] resLogger - 
*************** response log start ***************
request method: POST
request originalUrl:  /api/ble/ble_get_connect_mobile
request client ip:  ::ffff:127.0.0.1
request body: 
{"connect_interval":"96","connect_window":"48","connect_min_interval":"06","connect_max_interval":"06"}
response time: 6
response status: 200
response body: 
{"code":0,"message":"success"}
*************** response log end ***************

[2017-07-17 11:16:32.660] [INFO] resLogger - 
*************** response log start ***************
request method: POST
request originalUrl:  /api/ble/ble_get_connect_mobile
request client ip:  ::ffff:127.0.0.1
request body: 
{"connect_interval":"96","connect_window":"48","connect_min_interval":"06","connect_max_interval":"06"}
response time: 53
response status: 200
response body: 
{"data":[{"_id":"57b17a4113153759feb1da8e","mobile":"LG_D325","scan_interval":"0018","scan_window":"0018","connect_interval":"96","connect_window":"48","connect_min_interval":"06","connect_max_interval":"06"}],"status":{"code":0,"msg":"获取成功","sub_code":"get_success","sub_msg":"获取成功","timestamp":"1500261388889"},"isf":false}
*************** response log end ***************

