[2017-07-13 16:34:01.679] [INFO] resLogger - 
*************** response log start ***************
request method: POST
request originalUrl:  /api/bleconnect/ble_connect_result
request client ip:  ::ffff:127.0.0.1
request body: 
{"mac":"","name":"","mi":"","mobile":"","flag":"A7 1m","userid":"","connect_num":"200"}
response time: 16516
response status: 200
response body: 
{"data":[{"name":"iHealth HS4SDC7F","mac":"b0489dac-720b-4f73-be0a-1504d20aee04","flag":"A7 1m","scan_success_rate":0.005,"connect_success_rate":1,"disconnect_success_rate":1,"ledc_failed_number":0,"scan_failed_number":0,"success_rate":0.005,"avg_connect":136.97,"min_connect":4,"max_connect":745,"avg_scan":35.84,"min_scan":16,"max_scan":546,"avg_rssi":-62.84,"min_rssi":-69,"max_rssi":-57,"var_connect":313016.7201065462,"var_scan":75008.07109968987,"var_rssi":64.52164422468388}],"status":{"code":0,"msg":"查询成功","sub_code":"query_success","sub_msg":"查询成功","timestamp":"1499931503633"},"isf":false}
*************** response log end ***************

[2017-07-13 16:35:46.495] [INFO] resLogger - 
*************** response log start ***************
request method: POST
request originalUrl:  /api/bleconnect/ble_connect_result_export
request client ip:  ::ffff:127.0.0.1
request body: 
{"mac":"","name":"","mi":"","mobile":"","flag":"A7 1m","userid":"","connect_num":"200"}
response time: 5
response status: 200
response body: 
{"status":{"code":1,"msg":"导出失败","sub_code":"export_faild_paramerror","sub_msg":"导出失败，导出参数有误","timestamp":"1499931503633"},"isf":false}
*************** response log end ***************

[2017-07-13 16:35:46.580] [INFO] resLogger - 
*************** response log start ***************
request method: GET
request originalUrl:  /undefined
request client ip:  ::ffff:127.0.0.1
request query:  {}
response time: 45
response status: 404
response body: 
undefined
*************** response log end ***************

[2017-07-13 16:35:46.616] [INFO] resLogger - 
*************** response log start ***************
request method: GET
request originalUrl:  /favicon.ico
request client ip:  ::ffff:127.0.0.1
request query:  {}
response time: 3
response status: 404
response body: 
undefined
*************** response log end ***************

[2017-07-13 16:37:22.162] [INFO] resLogger - 
*************** response log start ***************
request method: POST
request originalUrl:  /api/bleconnect/ble_connect_result_export
request client ip:  ::ffff:127.0.0.1
request body: 
{"mac":"","name":"","mi":"","mobile":"","flag":"A7 1m","userid":"","connect_num":"200"}
response time: 5
response status: 200
response body: 
{"status":{"code":1,"msg":"导出失败","sub_code":"export_faild_paramerror","sub_msg":"导出失败，导出参数有误","timestamp":"1499935017519"},"isf":false}
*************** response log end ***************

[2017-07-13 16:37:22.229] [INFO] resLogger - 
*************** response log start ***************
request method: GET
request originalUrl:  /undefined
request client ip:  ::ffff:127.0.0.1
request query:  {}
response time: 22
response status: 404
response body: 
undefined
*************** response log end ***************

[2017-07-13 16:38:07.193] [INFO] resLogger - 
*************** response log start ***************
request method: POST
request originalUrl:  /api/bleconnect/ble_connect_result_export
request client ip:  ::ffff:127.0.0.1
request body: 
{"mac":"","name":"","mi":"","mobile":"","flag":"A7 1m","userid":"","connect_num":"200"}
response time: 9
response status: 200
response body: 
{"status":{"code":1,"msg":"导出失败","sub_code":"export_faild_paramerror","sub_msg":"导出失败，导出参数有误","timestamp":"1499935080557"},"isf":false}
*************** response log end ***************

[2017-07-13 16:38:07.244] [INFO] resLogger - 
*************** response log start ***************
request method: GET
request originalUrl:  /undefined
request client ip:  ::ffff:127.0.0.1
request query:  {}
response time: 7
response status: 404
response body: 
undefined
*************** response log end ***************

[2017-07-13 16:39:33.258] [INFO] resLogger - 
*************** response log start ***************
request method: POST
request originalUrl:  /api/bleconnect/ble_connect_result_export
request client ip:  ::ffff:127.0.0.1
request body: 
{"mac":"","name":"","mi":"","mobile":"","flag":"A7 1m","userid":"","connect_num":"200"}
response time: 6
response status: 200
response body: 
{"status":{"code":1,"msg":"导出失败","sub_code":"export_faild_paramerror","sub_msg":"导出失败，导出参数有误","timestamp":"1499935158120"},"isf":false}
*************** response log end ***************

[2017-07-13 16:39:33.332] [INFO] resLogger - 
*************** response log start ***************
request method: GET
request originalUrl:  /undefined
request client ip:  ::ffff:127.0.0.1
request query:  {}
response time: 26
response status: 404
response body: 
undefined
*************** response log end ***************

[2017-07-13 16:40:36.363] [INFO] resLogger - 
*************** response log start ***************
request method: POST
request originalUrl:  /api/bleconnect/ble_connect_result_export
request client ip:  ::ffff:127.0.0.1
request body: 
{"mac":"","name":"","mi":"","mobile":"","flag":"A7 1m","userid":"","connect_num":"200"}
response time: 11
response status: 200
response body: 
{"status":{"code":1,"msg":"导出失败","sub_code":"export_faild_paramerror","sub_msg":"导出失败，导出参数有误","timestamp":"1499935228334"},"isf":false}
*************** response log end ***************

[2017-07-13 16:40:36.422] [INFO] resLogger - 
*************** response log start ***************
request method: GET
request originalUrl:  /undefined
request client ip:  ::ffff:127.0.0.1
request query:  {}
response time: 13
response status: 404
response body: 
undefined
*************** response log end ***************

[2017-07-13 16:40:56.001] [INFO] resLogger - 
*************** response log start ***************
request method: POST
request originalUrl:  /api/bleconnect/ble_connect_result
request client ip:  ::ffff:127.0.0.1
request body: 
{"mac":"","name":"","mi":"","mobile":"","flag":"A7 1m","userid":"","connect_num":"200"}
response time: 273
response status: 200
response body: 
{"data":[{"name":"iHealth HS4SDC7F","mac":"b0489dac-720b-4f73-be0a-1504d20aee04","flag":"A7 1m","scan_success_rate":0.005,"connect_success_rate":1,"disconnect_success_rate":1,"ledc_failed_number":0,"scan_failed_number":0,"success_rate":0.005,"avg_connect":136.97,"min_connect":4,"max_connect":745,"avg_scan":35.84,"min_scan":16,"max_scan":546,"avg_rssi":-62.84,"min_rssi":-69,"max_rssi":-57,"var_connect":313016.7201065462,"var_scan":75008.07109968987,"var_rssi":64.52164422468388}],"status":{"code":0,"msg":"查询成功","sub_code":"query_success","sub_msg":"查询成功","timestamp":"1499935228334"},"isf":false}
*************** response log end ***************

[2017-07-13 16:41:03.872] [INFO] resLogger - 
*************** response log start ***************
request method: POST
request originalUrl:  /api/bleconnect/ble_connect_result_export
request client ip:  ::ffff:127.0.0.1
request body: 
{"mac":"","name":"","mi":"","mobile":"","flag":"A7 1m","userid":"","connect_num":"200"}
response time: 10
response status: 200
response body: 
{"status":{"code":1,"msg":"导出失败","sub_code":"export_faild_paramerror","sub_msg":"导出失败，导出参数有误","timestamp":"1499935228334"},"isf":false}
*************** response log end ***************

[2017-07-13 16:41:03.933] [INFO] resLogger - 
*************** response log start ***************
request method: GET
request originalUrl:  /undefined
request client ip:  ::ffff:127.0.0.1
request query:  {}
response time: 19
response status: 404
response body: 
undefined
*************** response log end ***************

