[2017-06-22 10:05:34.967] [INFO] resLogger - 
*************** response log start ***************
request method: POST
request originalUrl:  /api/users/registerUser
request client ip:  ::ffff:10.0.0.62
request body: 
{"name":"张三","pwd":"111111"}
response time: 56681
response status: 200
response body: 
{"code":0,"message":"success"}
*************** response log end ***************

[2017-06-22 10:05:35.026] [INFO] resLogger - 
*************** response log start ***************
request method: POST
request originalUrl:  /api/users/registerUser
request client ip:  ::ffff:10.0.0.62
request body: 
{"name":"张三","pwd":"111111"}
response time: 4
response status: 200
response body: 
{"code":0,"message":"success"}
*************** response log end ***************

[2017-06-22 10:06:15.813] [INFO] resLogger - 
*************** response log start ***************
request method: POST
request originalUrl:  /api/users/registerUser
request client ip:  ::ffff:10.0.0.62
request body: 
{"name":"张三","pwd":"111111"}
response time: 5
response status: 200
response body: 
{"code":0,"message":"success"}
*************** response log end ***************

[2017-06-22 10:06:28.434] [INFO] resLogger - 
*************** response log start ***************
request method: POST
request originalUrl:  /api/users/registerUser
request client ip:  ::ffff:10.0.0.62
request body: 
{"name":"张三","pwd":"111111"}
response time: 4
response status: 200
response body: 
{"code":0,"message":"success"}
*************** response log end ***************

[2017-06-22 10:06:30.322] [INFO] resLogger - 
*************** response log start ***************
request method: POST
request originalUrl:  /api/users/registerUser
request client ip:  ::ffff:10.0.0.62
request body: 
{"name":"张三","pwd":"111111"}
response time: 5
response status: 200
response body: 
{"code":0,"message":"success"}
*************** response log end ***************

[2017-06-22 10:06:33.012] [INFO] resLogger - 
*************** response log start ***************
request method: POST
request originalUrl:  /api/users/registerUser
request client ip:  ::ffff:10.0.0.62
request body: 
{"name":"张三","pwd":"111111"}
response time: 5
response status: 200
response body: 
{"code":0,"message":"success"}
*************** response log end ***************

[2017-06-22 10:07:04.322] [INFO] resLogger - 
*************** response log start ***************
request method: POST
request originalUrl:  /api/users/registerUser
request client ip:  ::ffff:10.0.0.62
request body: 
{"name":"张三","pwd":"111111"}
response time: 2
response status: 200
response body: 
{"code":0,"message":"success"}
*************** response log end ***************

[2017-06-22 10:07:09.970] [INFO] resLogger - 
*************** response log start ***************
request method: POST
request originalUrl:  /api/users/registerUser
request client ip:  ::ffff:10.0.0.62
request body: 
{"name":"张三","pwd":"111111"}
response time: 4
response status: 200
response body: 
{"code":0,"message":"success"}
*************** response log end ***************

[2017-06-22 10:07:21.051] [INFO] resLogger - 
*************** response log start ***************
request method: POST
request originalUrl:  /api/users/registerUser
request client ip:  ::ffff:10.0.0.62
request body: 
{"name":"张三","pwd":"111111"}
response time: 5
response status: 200
response body: 
{"code":0,"message":"success"}
*************** response log end ***************

[2017-06-22 10:14:30.631] [INFO] resLogger - 
*************** response log start ***************
request method: POST
request originalUrl:  /api/users/registerUser
request client ip:  ::ffff:10.0.0.62
request body: 
{"name":"张三","pwd":"111111"}
response time: 3
response status: 200
response body: 
{"code":0,"message":"success"}
*************** response log end ***************

[2017-06-22 10:14:52.953] [INFO] resLogger - 
*************** response log start ***************
request method: POST
request originalUrl:  /api/users/registerUser
request client ip:  ::ffff:10.0.0.62
request body: 
{"name":"张三","pwd":"111111"}
response time: 15
response status: 200
response body: 
{"code":0,"message":"success"}
*************** response log end ***************

[2017-06-22 10:15:07.201] [INFO] resLogger - 
*************** response log start ***************
request method: POST
request originalUrl:  /api/users/registerUser
request client ip:  ::ffff:10.0.0.62
request body: 
{"name":"张三","pwd":"111111"}
response time: 5
response status: 200
response body: 
{"code":0,"message":"success"}
*************** response log end ***************

[2017-06-22 10:15:22.277] [INFO] resLogger - 
*************** response log start ***************
request method: POST
request originalUrl:  /api/users/registerUser
request client ip:  ::ffff:10.0.0.62
request body: 
{"name":"张三","pwd":"111111"}
response time: 3
response status: 200
response body: 
{"code":0,"message":"success"}
*************** response log end ***************

[2017-06-22 10:20:33.164] [INFO] resLogger - 
*************** response log start ***************
request method: POST
request originalUrl:  /api/users/registerUser
request client ip:  ::ffff:10.0.0.62
request body: 
{"name":"张三","pwd":"111111"}
response time: 15
response status: 200
response body: 
{"code":0,"message":"success","data":{}}
*************** response log end ***************

[2017-06-22 10:21:54.072] [INFO] resLogger - 
*************** response log start ***************
request method: POST
request originalUrl:  /api/users/registerUser
request client ip:  ::ffff:10.0.0.62
request body: 
{"name":"张三","pwd":"111111"}
response time: 22
response status: 200
response body: 
{"code":0,"message":"success","data":{}}
*************** response log end ***************

[2017-06-22 10:23:31.960] [INFO] resLogger - 
*************** response log start ***************
request method: POST
request originalUrl:  /api/users/registerUser
request client ip:  ::ffff:10.0.0.62
request body: 
{"name":"张三","pwd":"111111"}
response time: 21
response status: 200
response body: 
{"code":0,"message":"success","data":{}}
*************** response log end ***************

[2017-06-22 10:24:58.201] [INFO] resLogger - 
*************** response log start ***************
request method: POST
request originalUrl:  /api/users/registerUser
request client ip:  ::ffff:10.0.0.62
request body: 
{"name":"张三","pwd":"111111"}
response time: 19
response status: 200
response body: 
{"code":0,"message":"success","data":{"issuccess":{}}}
*************** response log end ***************

[2017-06-22 10:26:42.262] [INFO] resLogger - 
*************** response log start ***************
request method: POST
request originalUrl:  /api/users/registerUser
request client ip:  ::ffff:10.0.0.62
request body: 
{"name":"张三","pwd":"111111"}
response time: 17
response status: 200
response body: 
{"code":0,"message":"success","data":{"issuccess":false}}
*************** response log end ***************

[2017-06-22 10:28:30.853] [INFO] resLogger - 
*************** response log start ***************
request method: POST
request originalUrl:  /api/users/registerUser
request client ip:  ::ffff:10.0.0.62
request body: 
{"name":"张三","pwd":"111111"}
response time: 21
response status: 200
response body: 
{"code":0,"message":"success","data":{"issuccess":false}}
*************** response log end ***************

[2017-06-22 10:30:06.296] [INFO] resLogger - 
*************** response log start ***************
request method: POST
request originalUrl:  /api/users/registerUser
request client ip:  ::ffff:10.0.0.62
request body: 
{"name":"张三","pwd":"111111"}
response time: 20
response status: 200
response body: 
{"code":0,"message":"success","data":{"issuccess":false}}
*************** response log end ***************

[2017-06-22 10:38:58.029] [INFO] resLogger - 
*************** response log start ***************
request method: POST
request originalUrl:  /api/users/registerUser
request client ip:  ::ffff:10.0.0.62
request body: 
{"name":"张三","pwd":"111111"}
response time: 18
response status: 200
response body: 
{"code":0,"message":"success","data":{}}
*************** response log end ***************

[2017-06-22 10:40:09.696] [INFO] resLogger - 
*************** response log start ***************
request method: POST
request originalUrl:  /api/users/registerUser
request client ip:  ::ffff:10.0.0.62
request body: 
{"name":"张三","pwd":"111111"}
response time: 61579
response status: 200
response body: 
{"code":0,"message":"success","data":{}}
*************** response log end ***************

[2017-06-22 10:40:09.719] [INFO] resLogger - 
*************** response log start ***************
request method: POST
request originalUrl:  /api/users/registerUser
request client ip:  ::ffff:10.0.0.62
request body: 
{"name":"张三","pwd":"111111"}
response time: 2
response status: 200
response body: 
{"code":0,"message":"success","data":{}}
*************** response log end ***************

[2017-06-22 10:40:09.727] [INFO] resLogger - 
*************** response log start ***************
request method: POST
request originalUrl:  /api/users/registerUser
request client ip:  ::ffff:10.0.0.62
request body: 
{"name":"张三","pwd":"111111"}
response time: 3
response status: 200
response body: 
{"code":0,"message":"success","data":{}}
*************** response log end ***************

[2017-06-22 10:40:30.382] [INFO] resLogger - 
*************** response log start ***************
request method: POST
request originalUrl:  /api/users/registerUser
request client ip:  ::ffff:10.0.0.62
request body: 
{"name":"张三","pwd":"111111"}
response time: 18
response status: 200
response body: 
{"code":0,"message":"success","data":{}}
*************** response log end ***************

[2017-06-22 10:40:36.600] [INFO] resLogger - 
*************** response log start ***************
request method: POST
request originalUrl:  /api/users/registerUser
request client ip:  ::ffff:10.0.0.62
request body: 
{"name":"张三","pwd":"111111"}
response time: 9
response status: 200
response body: 
{"code":0,"message":"success","data":{}}
*************** response log end ***************

[2017-06-22 10:48:41.312] [INFO] resLogger - 
*************** response log start ***************
request method: POST
request originalUrl:  /api/users/registerUser
request client ip:  ::ffff:10.0.0.62
request body: 
{"name":"张三","pwd":"111111"}
response time: 26
response status: 200
response body: 
{"code":0,"message":"success","data":{"issuccess":{}}}
*************** response log end ***************

[2017-06-22 10:48:59.159] [INFO] resLogger - 
*************** response log start ***************
request method: POST
request originalUrl:  /api/users/registerUser
request client ip:  ::ffff:10.0.0.62
request body: 
{"name":"张三","pwd":"111111"}
response time: 10
response status: 200
response body: 
{"code":0,"message":"success","data":{"issuccess":{}}}
*************** response log end ***************

