[2017-06-28 10:04:55.741] [INFO] resLogger - 
*************** response log start ***************
request method: POST
request originalUrl:  /api/bleconnect/ble_connect_query
request client ip:  ::ffff:127.0.0.1
request body: 
{"mac":"00:4d:32:07:92:09","name":"AM4","mi":"5","mobile":"Nexus 5","flag":"","userid":""}
response time: 23
response status: 200
response body: 
{"status":{"code":-1,"msg":"系统错误","sub_code":"query_faild_syserror","sub_msg":"查询失败，系统错误","timestamp":"1498615490130"},"isf":false}
*************** response log end ***************

[2017-06-28 10:06:27.145] [INFO] resLogger - 
*************** response log start ***************
request method: POST
request originalUrl:  /api/bleconnect/ble_connect_query
request client ip:  ::ffff:127.0.0.1
request body: 
{"mac":"00:4d:32:07:92:09","name":"AM4","mi":"5","mobile":"Nexus 5","flag":"","userid":""}
response time: 10
response status: 200
response body: 
{"status":{"code":-1,"msg":"系统错误","sub_code":"query_faild_syserror","sub_msg":"查询失败，系统错误","timestamp":"1498615584371"},"isf":false}
*************** response log end ***************

[2017-06-28 10:07:20.468] [INFO] resLogger - 
*************** response log start ***************
request method: POST
request originalUrl:  /api/bleconnect/ble_connect_query
request client ip:  ::ffff:127.0.0.1
request body: 
{"mac":"00:4d:32:07:92:09","name":"AM4","mi":"5","mobile":"Nexus 5","flag":"","userid":""}
response time: 34
response status: 200
response body: 
{"data":{"succ":true,"data":[]},"status":{"code":0,"msg":"查询成功","sub_code":"query_success","sub_msg":"查询成功","timestamp":"1498615632325"},"isf":false}
*************** response log end ***************

