[2017-07-05 10:16:11.584] [INFO] resLogger - 
*************** response log start ***************
request method: POST
request originalUrl:  /api/bleconnect/ble_connect_result_export
request client ip:  ::ffff:127.0.0.1
request body: 
{"mac":"","name":"","mi":"","mobile":"","flag":"2017060501","userid":"","connect_num":"200"}
response time: 7
response status: 200
response body: 
{"status":{"code":1,"msg":"导出失败","sub_code":"query_faild_paramerror","sub_msg":"导出失败，参数有误","timestamp":"1499220838996"},"isf":false}
*************** response log end ***************

[2017-07-05 10:16:11.654] [INFO] resLogger - 
*************** response log start ***************
request method: GET
request originalUrl:  /undefined
request client ip:  ::ffff:127.0.0.1
request query:  {}
response time: 25
response status: 404
response body: 
undefined
*************** response log end ***************

[2017-07-05 10:16:11.678] [INFO] resLogger - 
*************** response log start ***************
request method: GET
request originalUrl:  /favicon.ico
request client ip:  ::ffff:127.0.0.1
request query:  {}
response time: 1
response status: 404
response body: 
undefined
*************** response log end ***************

[2017-07-05 10:26:44.896] [INFO] resLogger - 
*************** response log start ***************
request method: POST
request originalUrl:  /api/bleconnect/ble_connect_result_export
request client ip:  ::ffff:127.0.0.1
request body: 
{"mac":"","name":"","mi":"","mobile":"","flag":"2017060501","userid":"","connect_num":"200"}
response time: 8
response status: 200
response body: 
{"status":{"code":1,"msg":"导出失败","sub_code":"query_faild_paramerror","sub_msg":"导出失败，参数有误","timestamp":"1499221600693"},"isf":false}
*************** response log end ***************

[2017-07-05 10:26:44.963] [INFO] resLogger - 
*************** response log start ***************
request method: GET
request originalUrl:  /undefined
request client ip:  ::ffff:127.0.0.1
request query:  {}
response time: 9
response status: 404
response body: 
undefined
*************** response log end ***************

[2017-07-05 10:27:54.627] [INFO] resLogger - 
*************** response log start ***************
request method: POST
request originalUrl:  /api/bleconnect/ble_connect_result_export
request client ip:  ::ffff:127.0.0.1
request body: 
{"mac":"","name":"","mi":"","mobile":"","flag":"2017060501","userid":"","connect_num":"200"}
response time: 13
response status: 200
response body: 
{"status":{"code":1,"msg":"导出失败","sub_code":"query_faild_paramerror","sub_msg":"导出失败，参数有误","timestamp":"1499221671802"},"isf":false}
*************** response log end ***************

[2017-07-05 10:27:54.688] [INFO] resLogger - 
*************** response log start ***************
request method: GET
request originalUrl:  /undefined
request client ip:  ::ffff:127.0.0.1
request query:  {}
response time: 9
response status: 404
response body: 
undefined
*************** response log end ***************

[2017-07-05 10:29:45.672] [INFO] resLogger - 
*************** response log start ***************
request method: POST
request originalUrl:  /api/bleconnect/ble_connect_result_export
request client ip:  ::ffff:127.0.0.1
request body: 
{"mac":"","name":"","mi":"","mobile":"","flag":"2017060501","userid":"","connect_num":"200"}
response time: 88
response status: 200
response body: 
{"status":{"code":-1,"msg":"系统错误","sub_code":"query_faild_syserror","sub_msg":"导出失败，系统错误","timestamp":"1499221779973"},"isf":false}
*************** response log end ***************

[2017-07-05 10:29:45.730] [INFO] resLogger - 
*************** response log start ***************
request method: GET
request originalUrl:  /undefined
request client ip:  ::ffff:127.0.0.1
request query:  {}
response time: 15
response status: 404
response body: 
undefined
*************** response log end ***************

[2017-07-05 10:32:05.499] [INFO] resLogger - 
*************** response log start ***************
request method: POST
request originalUrl:  /api/bleconnect/ble_connect_result
request client ip:  ::ffff:127.0.0.1
request body: 
{"mac":"","name":"","mi":"","mobile":"","flag":"2017060501","userid":"","connect_num":"200"}
response time: 11
response status: 200
response body: 
{"status":{"code":-1,"msg":"系统错误","sub_code":"query_faild_syserror","sub_msg":"查询失败，系统错误","timestamp":"1499221779973"},"isf":false}
*************** response log end ***************

[2017-07-05 10:33:00.308] [INFO] resLogger - 
*************** response log start ***************
request method: POST
request originalUrl:  /api/bleconnect/ble_connect_result
request client ip:  ::ffff:127.0.0.1
request body: 
{"mac":"","name":"","mi":"","mobile":"","flag":"2017060501","userid":"","connect_num":"200"}
response time: 50
response status: 200
response body: 
{"status":{"code":-1,"msg":"系统错误","sub_code":"query_faild_syserror","sub_msg":"查询失败，系统错误","timestamp":"1499221974387"},"isf":false}
*************** response log end ***************

[2017-07-05 10:35:08.401] [INFO] resLogger - 
*************** response log start ***************
request method: POST
request originalUrl:  /api/bleconnect/ble_connect_result
request client ip:  ::ffff:127.0.0.1
request body: 
{"mac":"","name":"","mi":"","mobile":"","flag":"2017060501","userid":"","connect_num":"200"}
response time: 333
response status: 200
response body: 
{"data":{"name":"Pulse Oximeter","mac":"7c:ec:79:de:33:bd","flag":"2017060501","scan_success_rate":0.075,"connect_success_rate":1,"disconnect_success_rate":1,"ledc_failed_number":0,"scan_failed_number":0,"success_rate":0.075,"avg_connect":0,"min_connect":null,"max_connect":null,"avg_scan":0,"min_scan":null,"max_scan":null,"avg_rssi":0,"min_rssi":null,"max_rssi":null},"status":{"code":0,"msg":"查询成功","sub_code":"query_success","sub_msg":"查询成功","timestamp":"1499222103412"},"isf":false}
*************** response log end ***************

[2017-07-05 10:35:16.163] [INFO] resLogger - 
*************** response log start ***************
request method: POST
request originalUrl:  /api/bleconnect/ble_connect_result_export
request client ip:  ::ffff:127.0.0.1
request body: 
{"mac":"","name":"","mi":"","mobile":"","flag":"2017060501","userid":"","connect_num":"200"}
response time: 19
response status: 200
response body: 
{"status":{"code":-1,"msg":"系统错误","sub_code":"query_faild_syserror","sub_msg":"导出失败，系统错误","timestamp":"1499222103412"},"isf":false}
*************** response log end ***************

[2017-07-05 10:35:16.230] [INFO] resLogger - 
*************** response log start ***************
request method: GET
request originalUrl:  /undefined
request client ip:  ::ffff:127.0.0.1
request query:  {}
response time: 27
response status: 404
response body: 
undefined
*************** response log end ***************

[2017-07-05 10:37:25.331] [INFO] resLogger - 
*************** response log start ***************
request method: POST
request originalUrl:  /api/bleconnect/ble_connect_result_export
request client ip:  ::ffff:127.0.0.1
request body: 
{"mac":"","name":"","mi":"","mobile":"","flag":"2017060501","userid":"","connect_num":"200"}
response time: 77
response status: 200
response body: 
{"status":{"code":-1,"msg":"系统错误","sub_code":"query_faild_syserror","sub_msg":"导出失败，系统错误","timestamp":"1499222239114"},"isf":false}
*************** response log end ***************

[2017-07-05 10:37:25.384] [INFO] resLogger - 
*************** response log start ***************
request method: GET
request originalUrl:  /undefined
request client ip:  ::ffff:127.0.0.1
request query:  {}
response time: 11
response status: 404
response body: 
undefined
*************** response log end ***************

[2017-07-05 10:38:17.017] [INFO] resLogger - 
*************** response log start ***************
request method: POST
request originalUrl:  /api/bleconnect/ble_connect_result
request client ip:  ::ffff:127.0.0.1
request body: 
{"mac":"","name":"","mi":"","mobile":"","flag":"2017060501","userid":"","connect_num":"200"}
response time: 74
response status: 200
response body: 
{"data":{"name":"Pulse Oximeter","mac":"7c:ec:79:de:33:bd","flag":"2017060501","scan_success_rate":0.075,"connect_success_rate":1,"disconnect_success_rate":1,"ledc_failed_number":0,"scan_failed_number":0,"success_rate":0.075,"avg_connect":0,"min_connect":null,"max_connect":null,"avg_scan":0,"min_scan":null,"max_scan":null,"avg_rssi":0,"min_rssi":null,"max_rssi":null},"status":{"code":0,"msg":"查询成功","sub_code":"query_success","sub_msg":"查询成功","timestamp":"1499222239114"},"isf":false}
*************** response log end ***************

[2017-07-05 10:38:58.258] [INFO] resLogger - 
*************** response log start ***************
request method: POST
request originalUrl:  /api/bleconnect/ble_connect_export
request client ip:  ::ffff:127.0.0.1
request body: 
{"mac":"00:4D:32:07:91:9C","name":"","mi":"","mobile":"","flag":"","userid":""}
response time: 33
response status: 200
response body: 
{"data":"/files/excel/1499222338234.xlsx","status":{"code":0,"msg":"导出成功","sub_code":"query_success","sub_msg":"查询成功","timestamp":"1499222239114"},"isf":false}
*************** response log end ***************

[2017-07-05 10:38:58.298] [INFO] resLogger - 
*************** response log start ***************
request method: GET
request originalUrl:  //files/excel/1499222338234.xlsx
request client ip:  ::ffff:127.0.0.1
request query:  {}
response time: 3
response status: 200
response body: 
{"_readableState":{"objectMode":false,"highWaterMark":65536,"buffer":{"head":null,"tail":null,"length":0},"length":0,"pipes":null,"pipesCount":0,"flowing":null,"ended":false,"endEmitted":false,"reading":false,"sync":true,"needReadable":false,"emittedReadable":false,"readableListening":false,"resumeScheduled":false,"destroyed":false,"defaultEncoding":"utf8","awaitDrain":0,"readingMore":false,"decoder":null,"encoding":null},"readable":true,"domain":null,"_events":{},"_eventsCount":2,"path":"F:\\koa\\koaproject\\files\\excel\\1499222338234.xlsx","fd":null,"flags":"r","mode":438,"autoClose":true,"bytesRead":0}
*************** response log end ***************

[2017-07-05 10:42:56.216] [INFO] resLogger - 
*************** response log start ***************
request method: POST
request originalUrl:  /api/bleconnect/ble_connect_result_export
request client ip:  ::ffff:127.0.0.1
request body: 
{"mac":"","name":"","mi":"","mobile":"","flag":"2017060501","userid":"","connect_num":"200"}
response time: 109
response status: 200
response body: 
{"status":{"code":-1,"msg":"系统错误","sub_code":"query_faild_syserror","sub_msg":"导出失败，系统错误","timestamp":"1499222571149"},"isf":false}
*************** response log end ***************

[2017-07-05 10:42:56.270] [INFO] resLogger - 
*************** response log start ***************
request method: GET
request originalUrl:  /undefined
request client ip:  ::ffff:127.0.0.1
request query:  {}
response time: 12
response status: 404
response body: 
undefined
*************** response log end ***************

[2017-07-05 10:43:26.017] [INFO] resLogger - 
*************** response log start ***************
request method: POST
request originalUrl:  /api/bleconnect/ble_connect_result
request client ip:  ::ffff:127.0.0.1
request body: 
{"mac":"","name":"","mi":"","mobile":"","flag":"2017060501","userid":"","connect_num":"200"}
response time: 86
response status: 200
response body: 
{"data":{"name":"Pulse Oximeter","mac":"7c:ec:79:de:33:bd","flag":"2017060501","scan_success_rate":0.075,"connect_success_rate":1,"disconnect_success_rate":1,"ledc_failed_number":0,"scan_failed_number":0,"success_rate":0.075,"avg_connect":0,"min_connect":null,"max_connect":null,"avg_scan":0,"min_scan":null,"max_scan":null,"avg_rssi":0,"min_rssi":null,"max_rssi":null},"status":{"code":0,"msg":"查询成功","sub_code":"query_success","sub_msg":"查询成功","timestamp":"1499222571149"},"isf":false}
*************** response log end ***************

[2017-07-05 10:43:43.926] [INFO] resLogger - 
*************** response log start ***************
request method: POST
request originalUrl:  /api/bleconnect/ble_connect_query
request client ip:  ::ffff:127.0.0.1
request body: 
{"mac":"00:4D:32:07:91:9C","name":"","mi":"","mobile":"","flag":"","userid":""}
response time: 13
response status: 200
response body: 
{"data":[{"_id":"57c79290928e2e8950189ec1","flag":"test1111","mac":"00:4d:32:07:91:9c","mi":1.5,"mobile":null,"name":"AM4","lescan":299,"devicedown_success":300,"ledc_failed":270,"lecc":85,"ledc_success":29,"deviceup_failed":22,"lecc_failed":214,"ledc_Twice":214,"lescan_failed":1}],"status":{"code":0,"msg":"查询成功","sub_code":"query_success","sub_msg":"查询成功","timestamp":"1499222571149"},"isf":false}
*************** response log end ***************

[2017-07-05 10:44:49.615] [INFO] resLogger - 
*************** response log start ***************
request method: POST
request originalUrl:  /api/bleconnect/ble_connect_result
request client ip:  ::ffff:127.0.0.1
request body: 
{"mac":"","name":"","mi":"","mobile":"","flag":"2017060501","userid":"","connect_num":"200"}
response time: 76
response status: 200
response body: 
{"data":[{"name":"Pulse Oximeter","mac":"7c:ec:79:de:33:bd","flag":"2017060501","scan_success_rate":0.075,"connect_success_rate":1,"disconnect_success_rate":1,"ledc_failed_number":0,"scan_failed_number":0,"success_rate":0.075,"avg_connect":0,"min_connect":null,"max_connect":null,"avg_scan":0,"min_scan":null,"max_scan":null,"avg_rssi":0,"min_rssi":null,"max_rssi":null}],"status":{"code":0,"msg":"查询成功","sub_code":"query_success","sub_msg":"查询成功","timestamp":"1499222679389"},"isf":false}
*************** response log end ***************

[2017-07-05 10:44:54.565] [INFO] resLogger - 
*************** response log start ***************
request method: POST
request originalUrl:  /api/bleconnect/ble_connect_result_export
request client ip:  ::ffff:127.0.0.1
request body: 
{"mac":"","name":"","mi":"","mobile":"","flag":"2017060501","userid":"","connect_num":"200"}
response time: 63
response status: 200
response body: 
{"data":"/files/excel/1499222694549.xlsx","status":{"code":0,"msg":"导出成功","sub_code":"query_success","sub_msg":"查询成功","timestamp":"1499222679389"},"isf":false}
*************** response log end ***************

[2017-07-05 10:44:54.607] [INFO] resLogger - 
*************** response log start ***************
request method: GET
request originalUrl:  //files/excel/1499222694549.xlsx
request client ip:  ::ffff:127.0.0.1
request query:  {}
response time: 11
response status: 200
response body: 
{"_readableState":{"objectMode":false,"highWaterMark":65536,"buffer":{"head":null,"tail":null,"length":0},"length":0,"pipes":null,"pipesCount":0,"flowing":null,"ended":false,"endEmitted":false,"reading":false,"sync":true,"needReadable":false,"emittedReadable":false,"readableListening":false,"resumeScheduled":false,"destroyed":false,"defaultEncoding":"utf8","awaitDrain":0,"readingMore":false,"decoder":null,"encoding":null},"readable":true,"domain":null,"_events":{},"_eventsCount":2,"path":"F:\\koa\\koaproject\\files\\excel\\1499222694549.xlsx","fd":null,"flags":"r","mode":438,"autoClose":true,"bytesRead":0}
*************** response log end ***************

