[2017-07-14 16:57:44.458] [INFO] resLogger - 
*************** response log start ***************
request method: POST
request originalUrl:  /api/ble/ble_get_scan_mobile
request client ip:  ::ffff:127.0.0.1
request body: 
{"scan_interval":"5000","scan_window":"5000"}
response time: 59
response status: 200
response body: 
{"data":[{"_id":"5965e9a75275891300550cc3","__v":0}],"status":{"code":0,"msg":"获取成功","sub_code":"get_success","sub_msg":"获取成功","timestamp":"1500022621301"},"isf":false}
*************** response log end ***************

[2017-07-14 16:58:21.828] [INFO] resLogger - 
*************** response log start ***************
request method: POST
request originalUrl:  /api/ble/ble_get_scan_mobile
request client ip:  ::ffff:127.0.0.1
request body: 
{"scan_interval":"8000","scan_window":"8000"}
response time: 19
response status: 200
response body: 
{"data":[{"_id":"5965e9a75275891300550cc3","__v":0}],"status":{"code":0,"msg":"获取成功","sub_code":"get_success","sub_msg":"获取成功","timestamp":"1500022621301"},"isf":false}
*************** response log end ***************

[2017-07-14 16:59:57.771] [INFO] resLogger - 
*************** response log start ***************
request method: POST
request originalUrl:  /api/ble/ble_get_scan_mobile
request client ip:  ::ffff:127.0.0.1
request body: 
{"scan_interval":"8000","scan_window":"8000"}
response time: 33
response status: 200
response body: 
{"data":[{"_id":"57b17a4113153759feb1da8f","mobile":"Nexus 5","scan_interval":"8000","scan_window":"8000","connect_interval":"96","connect_window":"48","connect_min_interval":"24","connect_max_interval":"40"},{"_id":"59142728c4c5c082f268b4dc","mobile":"三星 S7edge","scan_interval":"8000","scan_window":"8000","connect_interval":"96","connect_window":"48","connect_min_interval":"24","connect_max_interval":"40"},{"_id":"591427c8c4c5c082f268b4dd","mobile":"三星 S7edge","scan_interval":"8000","scan_window":"8000","connect_interval":"96","connect_window":"48","connect_min_interval":"24","connect_max_interval":"40"},{"_id":"59142803c4c5c082f268b4de","mobile":"三星 S6","scan_interval":"8000","scan_window":"8000","connect_interval":"96","connect_window":"48","connect_min_interval":"24","connect_max_interval":"40"},{"_id":"59142849c4c5c082f268b4df","mobile":"Nexus 6","scan_interval":"8000","scan_window":"8000","connect_interval":"96","connect_window":"48","connect_min_interval":"24","connect_max_interval":"40"},{"_id":"59142856c4c5c082f268b4e0","mobile":"三星 S5","scan_interval":"8000","scan_window":"8000","connect_interval":"96","connect_window":"48","connect_min_interval":"24","connect_max_interval":"40"},{"_id":"5914285cc4c5c082f268b4e1","mobile":"小米 M4","scan_interval":"8000","scan_window":"8000","connect_interval":"96","connect_window":"48","connect_min_interval":"24","connect_max_interval":"40"},{"_id":"5914285cc4c5c082f268b4e2","mobile":"三星 Note3","scan_interval":"8000","scan_window":"8000","connect_interval":"96","connect_window":"48","connect_min_interval":"24","connect_max_interval":"40"},{"_id":"5914285cc4c5c082f268b4e3","mobile":"LG-G3","scan_interval":"8000","scan_window":"8000","connect_interval":"96","connect_window":"48","connect_min_interval":"24","connect_max_interval":"40"},{"_id":"5914285cc4c5c082f268b4e4","mobile":"Nexus 4","scan_interval":"8000","scan_window":"8000","connect_interval":"96","connect_window":"48","connect_min_interval":"24","connect_max_interval":"40"},{"_id":"5914285cc4c5c082f268b4e5","mobile":"Moto X2","scan_interval":"8000","scan_window":"8000","connect_interval":"96","connect_window":"48","connect_min_interval":"24","connect_max_interval":"40"},{"_id":"5914285cc4c5c082f268b4e6","mobile":"HTC-M7","scan_interval":"8000","scan_window":"8000","connect_interval":"96","connect_window":"48","connect_min_interval":"24","connect_max_interval":"40"},{"_id":"5914285cc4c5c082f268b4e7","mobile":"HTC-M8","scan_interval":"8000","scan_window":"8000","connect_interval":"96","connect_window":"48","connect_min_interval":"24","connect_max_interval":"40"},{"_id":"5914285cc4c5c082f268b4e8","mobile":"三星 SM-J7108","scan_interval":"8000","scan_window":"8000","connect_interval":"96","connect_window":"48","connect_min_interval":"24","connect_max_interval":"40"},{"_id":"5914285cc4c5c082f268b4e9","mobile":"三星 SM-J3109","scan_interval":"8000","scan_window":"8000","connect_interval":"96","connect_window":"48","connect_min_interval":"24","connect_max_interval":"40"},{"_id":"5914285cc4c5c082f268b4ea","mobile":"三星 SM-J120F","scan_interval":"8000","scan_window":"8000","connect_interval":"96","connect_window":"48","connect_min_interval":"24","connect_max_interval":"40"},{"_id":"5914285cc4c5c082f268b4eb","mobile":"三星 Note5","scan_interval":"8000","scan_window":"8000","connect_interval":"96","connect_window":"48","connect_min_interval":"24","connect_max_interval":"40"},{"_id":"5914285cc4c5c082f268b4ec","mobile":"华硕 ASUS_Z00ADB","scan_interval":"8000","scan_window":"8000","connect_interval":"96","connect_window":"48","connect_min_interval":"24","connect_max_interval":"40"}],"status":{"code":0,"msg":"获取成功","sub_code":"get_success","sub_msg":"获取成功","timestamp":"1500022789462"},"isf":false}
*************** response log end ***************

