[2017-06-20 14:11:25.980] [INFO] resLogger - 
*************** response log start ***************
request method: POST
request originalUrl:  /post
request client ip:  ::ffff:10.0.0.62
request body: 
{"id":"123"}
response time: 5
response status: 200
response body: 
"you post data:{\"id\":\"123\"}"
*************** response log end ***************

[2017-06-20 14:11:28.485] [INFO] resLogger - 
*************** response log start ***************
request method: GET
request originalUrl:  /json
request client ip:  ::ffff:10.0.0.62
request query:  {}
response time: 21
response status: 200
response body: 
{"title":"koa2 json"}
*************** response log end ***************

[2017-06-20 14:30:14.893] [INFO] resLogger - 
*************** response log start ***************
request method: GET
request originalUrl:  /api/users/getuser
request client ip:  ::ffff:127.0.0.1
request query:  {}
response time: 8
response status: 404
response body: 
undefined
*************** response log end ***************

[2017-06-20 14:31:47.830] [INFO] resLogger - 
*************** response log start ***************
request method: GET
request originalUrl:  /api/users/getuser
request client ip:  ::ffff:127.0.0.1
request query:  {}
response time: 8
response status: 404
response body: 
undefined
*************** response log end ***************

[2017-06-20 14:31:50.886] [INFO] resLogger - 
*************** response log start ***************
request method: GET
request originalUrl:  /api/users/getuser
request client ip:  ::ffff:127.0.0.1
request query:  {}
response time: 2
response status: 404
response body: 
undefined
*************** response log end ***************

[2017-06-20 14:33:15.037] [INFO] resLogger - 
*************** response log start ***************
request method: GET
request originalUrl:  /api/user/getuser
request client ip:  ::ffff:127.0.0.1
request query:  {}
response time: 2
response status: 404
response body: 
undefined
*************** response log end ***************

[2017-06-20 14:37:24.709] [INFO] resLogger - 
*************** response log start ***************
request method: GET
request originalUrl:  /api/user/getuser
request client ip:  ::ffff:127.0.0.1
request query:  {}
response time: 10
response status: 404
response body: 
undefined
*************** response log end ***************

[2017-06-20 14:37:25.791] [INFO] resLogger - 
*************** response log start ***************
request method: GET
request originalUrl:  /api/user/getuser
request client ip:  ::ffff:127.0.0.1
request query:  {}
response time: 1
response status: 404
response body: 
undefined
*************** response log end ***************

[2017-06-20 14:37:26.006] [INFO] resLogger - 
*************** response log start ***************
request method: GET
request originalUrl:  /api/user/getuser
request client ip:  ::ffff:127.0.0.1
request query:  {}
response time: 0
response status: 404
response body: 
undefined
*************** response log end ***************

[2017-06-20 14:37:30.861] [INFO] resLogger - 
*************** response log start ***************
request method: GET
request originalUrl:  /api/users/getuser
request client ip:  ::ffff:127.0.0.1
request query:  {}
response time: 2
response status: 404
response body: 
undefined
*************** response log end ***************

[2017-06-20 14:42:24.972] [INFO] resLogger - 
*************** response log start ***************
request method: GET
request originalUrl:  /api/users/getuser
request client ip:  ::ffff:127.0.0.1
request query:  {}
response time: 10
response status: 200
response body: 
{"username":"阿，希爸","age":30}
*************** response log end ***************

[2017-06-20 14:46:09.781] [INFO] resLogger - 
*************** response log start ***************
request method: GET
request originalUrl:  /api/users/getuser
request client ip:  ::ffff:127.0.0.1
request query:  {}
response time: 14
response status: 200
response body: 
{"code":0,"message":"success","data":{"username":"阿，希爸","age":30}}
*************** response log end ***************

[2017-06-20 14:48:34.169] [INFO] resLogger - 
*************** response log start ***************
request method: GET
request originalUrl:  /api/users/getuser
request client ip:  ::ffff:127.0.0.1
request query:  {}
response time: 12
response status: 200
response body: 
{"username":"阿，希爸","age":30}
*************** response log end ***************

[2017-06-20 14:48:37.377] [INFO] resLogger - 
*************** response log start ***************
request method: GET
request originalUrl:  /api/users/getuser
request client ip:  ::ffff:127.0.0.1
request query:  {}
response time: 2
response status: 200
response body: 
{"username":"阿，希爸","age":30}
*************** response log end ***************

[2017-06-20 14:48:38.983] [INFO] resLogger - 
*************** response log start ***************
request method: GET
request originalUrl:  /api/users/getuser
request client ip:  ::ffff:127.0.0.1
request query:  {}
response time: 2
response status: 200
response body: 
{"username":"阿，希爸","age":30}
*************** response log end ***************

[2017-06-20 14:48:50.431] [INFO] resLogger - 
*************** response log start ***************
request method: GET
request originalUrl:  /json
request client ip:  ::ffff:127.0.0.1
request query:  {}
response time: 2
response status: 200
response body: 
{"title":"koa2 json"}
*************** response log end ***************

[2017-06-20 14:51:47.006] [INFO] resLogger - 
*************** response log start ***************
request method: GET
request originalUrl:  /json
request client ip:  ::ffff:127.0.0.1
request query:  {}
response time: 11
response status: 200
response body: 
{"title":"koa2 json"}
*************** response log end ***************

[2017-06-20 14:51:47.613] [INFO] resLogger - 
*************** response log start ***************
request method: GET
request originalUrl:  /json
request client ip:  ::ffff:127.0.0.1
request query:  {}
response time: 3
response status: 200
response body: 
{"title":"koa2 json"}
*************** response log end ***************

[2017-06-20 14:51:47.798] [INFO] resLogger - 
*************** response log start ***************
request method: GET
request originalUrl:  /json
request client ip:  ::ffff:127.0.0.1
request query:  {}
response time: 1
response status: 200
response body: 
{"title":"koa2 json"}
*************** response log end ***************

[2017-06-20 14:52:00.862] [INFO] resLogger - 
*************** response log start ***************
request method: GET
request originalUrl:  /api/users/getuser
request client ip:  ::ffff:127.0.0.1
request query:  {}
response time: 1
response status: 200
response body: 
{"code":0,"message":"success","data":{"username":"阿，希爸","age":30}}
*************** response log end ***************

