[2017-06-22 11:20:13.185] [INFO] resLogger - 
*************** response log start ***************
request method: POST
request originalUrl:  /api/users/registerUser
request client ip:  ::ffff:10.0.0.62
request body: 
{"name":"张三","pwd":"111111"}
response time: 14
response status: 200
response body: 
{"code":0,"message":"success","data":{"issuccess":{}}}
*************** response log end ***************

[2017-06-22 11:20:50.692] [INFO] resLogger - 
*************** response log start ***************
request method: POST
request originalUrl:  /api/users/registerUser
request client ip:  ::ffff:10.0.0.62
request body: 
{"name":"张三","pwd":"111111"}
response time: 24
response status: 200
response body: 
{"code":0,"message":"success","data":{"issuccess":{"emitter":{"domain":null,"_events":{},"_eventsCount":0},"emitted":{},"ended":false}}}
*************** response log end ***************

[2017-06-22 11:26:14.732] [INFO] resLogger - 
*************** response log start ***************
request method: POST
request originalUrl:  /api/users/registerUser
request client ip:  ::ffff:10.0.0.62
request body: 
{"name":"张三","pwd":"111111"}
response time: 16
response status: 200
response body: 
{"code":0,"message":"success"}
*************** response log end ***************

[2017-06-22 11:27:30.779] [INFO] resLogger - 
*************** response log start ***************
request method: POST
request originalUrl:  /api/users/registerUser
request client ip:  ::ffff:10.0.0.62
request body: 
{"name":"张三","pwd":"111111"}
response time: 22
response status: 200
response body: 
{"code":0,"message":"success"}
*************** response log end ***************

