[2017-07-05 16:10:03.966] [INFO] resLogger - 
*************** response log start ***************
request method: POST
request originalUrl:  /api/bleconnect/ble_connect_export
request client ip:  ::ffff:127.0.0.1
request body: 
{"mac":"00:4D:32:07:91:9C","name":"","mi":"","mobile":"","flag":"","userid":""}
response time: 60
response status: 200
response body: 
{"status":{"code":-1,"msg":"系统错误","sub_code":"query_faild_syserror","sub_msg":"导出失败，系统错误","timestamp":"1499242187349"},"isf":false}
*************** response log end ***************

[2017-07-05 16:10:12.767] [INFO] resLogger - 
*************** response log start ***************
request method: POST
request originalUrl:  /api/bleconnect/ble_connect_export
request client ip:  ::ffff:127.0.0.1
request body: 
{"mac":"00:4D:32:07:91:9C","name":"","mi":"","mobile":"","flag":"","userid":""}
response time: 9
response status: 200
response body: 
{"status":{"code":-1,"msg":"系统错误","sub_code":"query_faild_syserror","sub_msg":"导出失败，系统错误","timestamp":"1499242187349"},"isf":false}
*************** response log end ***************

[2017-07-05 16:10:12.860] [INFO] resLogger - 
*************** response log start ***************
request method: GET
request originalUrl:  /undefined
request client ip:  ::ffff:127.0.0.1
request query:  {}
response time: 56
response status: 404
response body: 
undefined
*************** response log end ***************

[2017-07-05 16:10:12.894] [INFO] resLogger - 
*************** response log start ***************
request method: GET
request originalUrl:  /favicon.ico
request client ip:  ::ffff:127.0.0.1
request query:  {}
response time: 1
response status: 404
response body: 
undefined
*************** response log end ***************

[2017-07-05 16:36:27.440] [INFO] resLogger - 
*************** response log start ***************
request method: POST
request originalUrl:  /api/bleconnect/ble_connect_export
request client ip:  ::ffff:127.0.0.1
request body: 
{"mac":"00:4D:32:07:91:9C","name":"","mi":"","mobile":"","flag":"","userid":""}
response time: 55
response status: 200
response body: 
{"data":"/files/excel/1499243787423.xlsx","status":{"code":0,"msg":"导出成功","sub_code":"query_success","sub_msg":"查询成功","timestamp":"1499243781324"},"isf":false}
*************** response log end ***************

[2017-07-05 16:36:27.490] [INFO] resLogger - 
*************** response log start ***************
request method: GET
request originalUrl:  //files/excel/1499243787423.xlsx
request client ip:  ::ffff:127.0.0.1
request query:  {}
response time: 11
response status: 200
response body: 
{"_readableState":{"objectMode":false,"highWaterMark":65536,"buffer":{"head":null,"tail":null,"length":0},"length":0,"pipes":null,"pipesCount":0,"flowing":null,"ended":false,"endEmitted":false,"reading":false,"sync":true,"needReadable":false,"emittedReadable":false,"readableListening":false,"resumeScheduled":false,"destroyed":false,"defaultEncoding":"utf8","awaitDrain":0,"readingMore":false,"decoder":null,"encoding":null},"readable":true,"domain":null,"_events":{},"_eventsCount":2,"path":"F:\\koa\\koaproject\\files\\excel\\1499243787423.xlsx","fd":null,"flags":"r","mode":438,"autoClose":true,"bytesRead":0}
*************** response log end ***************

