[2017-07-12 16:44:12.872] [INFO] resLogger - 
*************** response log start ***************
request method: POST
request originalUrl:  /api/ble/ble_add_mobile
request client ip:  ::ffff:127.0.0.1
request body: 
{"mobile":"Nexus 5","scan_interval":"5000","scan_window":"5000","connect_interval":"96","connect_window":"48","connect_min_interval":"24","connect_max_interval":"40"}
response time: 69
response status: 200
response body: 
{"status":{"code":1,"msg":"用户已存在","sub_code":"register_faild_notexist","sub_msg":"注册失败，用户名错误或者不存在","timestamp":"1499849041583"},"isf":false}
*************** response log end ***************

[2017-07-12 16:44:34.200] [INFO] resLogger - 
*************** response log start ***************
request method: POST
request originalUrl:  /api/ble/ble_add_mobile
request client ip:  ::ffff:127.0.0.1
request body: 
{"mobile":"Nexus 55","scan_interval":"5000","scan_window":"5000","connect_interval":"96","connect_window":"48","connect_min_interval":"24","connect_max_interval":"40"}
response time: 343
response status: 200
response body: 
{"data":"5965e171a2b6971fd8786806","status":{"code":0,"msg":"注册成功","sub_code":"register_success","sub_msg":"注册成功","timestamp":"1499849041583"},"isf":false}
*************** response log end ***************

[2017-07-12 16:45:37.598] [INFO] resLogger - 
*************** response log start ***************
request method: POST
request originalUrl:  /api/users/register
request client ip:  ::ffff:127.0.0.1
request body: 
{"username":"3@3.com","password":"6512bd43d9caa6e02c990b0a82652dca"}
response time: 18
response status: 200
response body: 
{"data":"5965e1b1a2b6971fd8786807","status":{"code":0,"msg":"注册成功","sub_code":"register_success","sub_msg":"注册成功","timestamp":"1499849041583"},"isf":false}
*************** response log end ***************

[2017-07-12 16:46:22.368] [INFO] resLogger - 
*************** response log start ***************
request method: POST
request originalUrl:  /api/users/register
request client ip:  ::ffff:127.0.0.1
request body: 
{"username":"3@3.com","password":"6512bd43d9caa6e02c990b0a82652dca"}
response time: 29
response status: 200
response body: 
{"data":"5965e1dea2b6971fd8786808","status":{"code":0,"msg":"注册成功","sub_code":"register_success","sub_msg":"注册成功","timestamp":"1499849041583"},"isf":false}
*************** response log end ***************

[2017-07-12 16:47:16.450] [INFO] resLogger - 
*************** response log start ***************
request method: POST
request originalUrl:  /api/users/login
request client ip:  ::ffff:127.0.0.1
request body: 
{"username":"3@3.com","password":"6512bd43d9caa6e02c990b0a82652dca"}
response time: 8
response status: 200
response body: 
{"status":{"code":-1,"msg":"系统错误","sub_code":"login_faild_syserror","sub_msg":"登录失败，系统错误","timestamp":"1499849041583"},"isf":false}
*************** response log end ***************

[2017-07-12 16:49:02.673] [INFO] resLogger - 
*************** response log start ***************
request method: POST
request originalUrl:  /api/users/register
request client ip:  ::ffff:127.0.0.1
request body: 
{"username":"3@3.com","password":"6512bd43d9caa6e02c990b0a82652dca"}
response time: 55
response status: 200
response body: 
{"data":"5965e27e444152008cf6c9d4","status":{"code":0,"msg":"注册成功","sub_code":"register_success","sub_msg":"注册成功","timestamp":"1499849338494"},"isf":false}
*************** response log end ***************

[2017-07-12 16:52:51.407] [INFO] resLogger - 
*************** response log start ***************
request method: POST
request originalUrl:  /api/users/login
request client ip:  ::ffff:127.0.0.1
request body: 
{"username":"3@3.com","password":"6512bd43d9caa6e02c990b0a82652dca"}
response time: 15
response status: 200
response body: 
{"status":{"code":-1,"msg":"系统错误","sub_code":"login_faild_syserror","sub_msg":"登录失败，系统错误","timestamp":"1499849338494"},"isf":false}
*************** response log end ***************

[2017-07-12 16:53:52.215] [INFO] resLogger - 
*************** response log start ***************
request method: POST
request originalUrl:  /api/users/login
request client ip:  ::ffff:127.0.0.1
request body: 
{"username":"3@3.com","password":"6512bd43d9caa6e02c990b0a82652dca"}
response time: 11
response status: 200
response body: 
{"status":{"code":-1,"msg":"系统错误","sub_code":"login_faild_syserror","sub_msg":"登录失败，系统错误","timestamp":"1499849338494"},"isf":false}
*************** response log end ***************

[2017-07-12 16:58:55.734] [INFO] resLogger - 
*************** response log start ***************
request method: POST
request originalUrl:  /api/users/register
request client ip:  ::ffff:127.0.0.1
request body: 
{"username":"3@3.com","password":"6512bd43d9caa6e02c990b0a82652dca"}
response time: 57
response status: 200
response body: 
{"data":"5965e4cff088e333f89653a6","status":{"code":0,"msg":"注册成功","sub_code":"register_success","sub_msg":"注册成功","timestamp":"1499849928581"},"isf":false}
*************** response log end ***************

