[2017-08-01 16:26:25.919] [INFO] resLogger - 
*************** response log start ***************
request method: POST
request originalUrl:  /api/baseconfig/get_url
request client ip:  ::ffff:127.0.0.1
request body: 
{"userid":"1"}
response time: 4
response status: 200
response body: 
{"code":0,"message":"success"}
*************** response log end ***************

[2017-08-01 16:26:30.213] [INFO] resLogger - 
*************** response log start ***************
request method: POST
request originalUrl:  /api/config/set_url
request client ip:  ::ffff:127.0.0.1
request body: 
{"host":"127.8.8.4","port":"3388","userid":"1"}
response time: 17
response status: 200
response body: 
{"status":{"code":5010202,"msg":"修改失败","sub_code":"baseconfig_set_url_faild_paramerror","sub_msg":"修改url失败，没有数据被修改","timestamp":"1501575980448"},"isf":false}
*************** response log end ***************

[2017-08-01 16:27:01.654] [INFO] resLogger - 
*************** response log start ***************
request method: POST
request originalUrl:  /api/config/get_url
request client ip:  ::ffff:127.0.0.1
request body: 
{"userid":"1"}
response time: 10
response status: 200
response body: 
{"status":{"code":5010102,"msg":"无数据","sub_code":"baseconfig_get_url_faild_nodata","sub_msg":"获取url失败，没有数据","timestamp":"1501575980448"},"isf":false}
*************** response log end ***************

[2017-08-01 16:31:34.900] [INFO] resLogger - 
*************** response log start ***************
request method: POST
request originalUrl:  /api/config/set_url
request client ip:  ::ffff:127.0.0.1
request body: 
{"host":"127.8.8.4","port":"3388","userid":"1"}
response time: 5
response status: 200
response body: 
{"status":{"code":5010202,"msg":"修改失败","sub_code":"baseconfig_set_url_faild_paramerror","sub_msg":"修改url失败，没有数据被修改","timestamp":"1501575980448"},"isf":false}
*************** response log end ***************

[2017-08-01 16:31:38.970] [INFO] resLogger - 
*************** response log start ***************
request method: POST
request originalUrl:  /api/config/get_url
request client ip:  ::ffff:127.0.0.1
request body: 
{"userid":"1"}
response time: 3
response status: 200
response body: 
{"status":{"code":5010102,"msg":"无数据","sub_code":"baseconfig_get_url_faild_nodata","sub_msg":"获取url失败，没有数据","timestamp":"1501575980448"},"isf":false}
*************** response log end ***************

[2017-08-01 16:33:41.252] [INFO] resLogger - 
*************** response log start ***************
request method: POST
request originalUrl:  /api/config/get_url
request client ip:  ::ffff:127.0.0.1
request body: 
{"userid":"1"}
response time: 6
response status: 200
response body: 
{"data":{"_id":"5923fab6a3d4e899b5c7e769","host":"192.168.82.53","port":"8085","userid":"1"},"status":{"code":5010100,"msg":"获取成功","sub_code":"baseconfig_get_url_success","sub_msg":"获取url成功","timestamp":"1501575980448"},"isf":false}
*************** response log end ***************

[2017-08-01 16:33:47.716] [INFO] resLogger - 
*************** response log start ***************
request method: POST
request originalUrl:  /api/config/set_url
request client ip:  ::ffff:127.0.0.1
request body: 
{"host":"127.8.8.4","port":"3388","userid":"1"}
response time: 2
response status: 200
response body: 
{"status":{"code":5010200,"msg":"修改成功","sub_code":"baseconfig_set_url_success","sub_msg":"修改url成功","timestamp":"1501575980448"},"isf":false}
*************** response log end ***************

