[2017-07-13 11:30:22.218] [INFO] resLogger - 
*************** response log start ***************
request method: POST
request originalUrl:  /api/users/register
request client ip:  ::ffff:127.0.0.1
request body: 
{"username":"3@3.com","password":"6512bd43d9caa6e02c990b0a82652dca"}
response time: 11
response status: 200
response body: 
{"status":{"code":-1,"msg":"系统错误","sub_code":"register_faild_syserror","sub_msg":"注册失败，系统错误","timestamp":"1499916599793"},"isf":false}
*************** response log end ***************

[2017-07-13 11:31:49.842] [INFO] resLogger - 
*************** response log start ***************
request method: POST
request originalUrl:  /api/users/register
request client ip:  ::ffff:127.0.0.1
request body: 
{"username":"3@3.com","password":"6512bd43d9caa6e02c990b0a82652dca"}
response time: 98
response status: 200
response body: 
{"status":{"code":-1,"msg":"系统错误","sub_code":"register_faild_syserror","sub_msg":"注册失败，系统错误","timestamp":"1499916704496"},"isf":false}
*************** response log end ***************

[2017-07-13 11:32:15.627] [INFO] resLogger - 
*************** response log start ***************
request method: POST
request originalUrl:  /api/users/register
request client ip:  ::ffff:127.0.0.1
request body: 
{"username":"3@3.com","password":"6512bd43d9caa6e02c990b0a82652dca"}
response time: 222
response status: 200
response body: 
{"data":"5966e9bfa4247924eca077d3","status":{"code":0,"msg":"注册成功","sub_code":"register_success","sub_msg":"注册成功","timestamp":"1499916731083"},"isf":false}
*************** response log end ***************

