[2017-06-27 10:56:36.235] [INFO] resLogger - 
*************** response log start ***************
request method: POST
request originalUrl:  /api/users/register
request client ip:  ::ffff:127.0.0.1
request body: 
{"username":"3@3.com","password":"6512bd43d9caa6e02c990b0a82652dca"}
response time: 147
response status: 200
response body: 
{"code":0,"message":"success"}
*************** response log end ***************

[2017-06-27 10:58:11.624] [INFO] resLogger - 
*************** response log start ***************
request method: POST
request originalUrl:  /api/users/register
request client ip:  ::ffff:127.0.0.1
request body: 
{"username":"3@3.com","password":"6512bd43d9caa6e02c990b0a82652dca"}
response time: 37
response status: 200
response body: 
{"code":0,"message":"success"}
*************** response log end ***************

[2017-06-27 10:59:05.228] [INFO] resLogger - 
*************** response log start ***************
request method: POST
request originalUrl:  /api/users/register
request client ip:  ::ffff:127.0.0.1
request body: 
{"username":"3@3.com","password":"6512bd43d9caa6e02c990b0a82652dca"}
response time: 31
response status: 200
response body: 
{"data":"5951c9f94532b721a8861776","status":{"code":0,"msg":"注册成功","sub_code":"register_success","sub_msg":"注册成功","timestamp":"1498532340619"},"isf":false}
*************** response log end ***************

