[2017-06-30 13:37:05.064] [INFO] resLogger - 
*************** response log start ***************
request method: POST
request originalUrl:  /api/bleconnect/ble_connect_result
request client ip:  ::ffff:127.0.0.1
request body: 
{"mac":"","name":"","mi":"","mobile":"","flag":"12345","userid":""}
response time: 1311
response status: 200
response body: 
{"data":[{"_id":"12345","avg_connect":798,"min_connect":529,"max_connect":1067,"avg_scan":735.5,"min_scan":387,"max_scan":1084,"avg_rssi":-68.5,"min_rssi":-69,"max_rssi":-68}],"status":{"code":0,"msg":"查询成功","sub_code":"query_success","sub_msg":"查询成功","timestamp":"1498801015380"},"isf":false}
*************** response log end ***************

[2017-06-30 13:40:05.401] [INFO] resLogger - 
*************** response log start ***************
request method: POST
request originalUrl:  /api/bleconnect/ble_connect_result
request client ip:  ::ffff:127.0.0.1
request body: 
{"mac":"","name":"","mi":"","mobile":"","flag":"12345","userid":""}
response time: 84
response status: 200
response body: 
{"data":[{"_id":"12345","avg_connect":798,"min_connect":529,"max_connect":1067,"avg_scan":735.5,"min_scan":387,"max_scan":1084,"avg_rssi":-68.5,"min_rssi":-69,"max_rssi":-68}],"status":{"code":0,"msg":"查询成功","sub_code":"query_success","sub_msg":"查询成功","timestamp":"1498801197592"},"isf":false}
*************** response log end ***************

