[2017-08-01 15:05:38.704] [INFO] resLogger - 
*************** response log start ***************
request method: POST
request originalUrl:  /api/baseconfig/set_url
request client ip:  ::ffff:127.0.0.1
request body: 
{"host":"127.8.8.4","port":"3388","userid":"1"}
response time: 5
response status: 200
response body: 
{"code":0,"message":"success"}
*************** response log end ***************

[2017-08-01 15:08:18.875] [INFO] resLogger - 
*************** response log start ***************
request method: POST
request originalUrl:  /api/baseconfig/set_url
request client ip:  ::ffff:127.0.0.1
request body: 
{"host":"127.8.8.4","port":"3388","userid":"1"}
response time: 4
response status: 200
response body: 
{"code":0,"message":"success"}
*************** response log end ***************

[2017-08-01 15:09:22.277] [INFO] resLogger - 
*************** response log start ***************
request method: POST
request originalUrl:  /api/config/set_url
request client ip:  ::ffff:127.0.0.1
request body: 
{"host":"127.8.8.4","port":"3388","userid":"1"}
response time: 19
response status: 200
response body: 
{"status":{"code":5010200,"msg":"修改成功","sub_code":"baseconfig_set_url_success","sub_msg":"修改url成功","timestamp":"1501571295010"},"isf":false}
*************** response log end ***************

[2017-08-01 15:18:58.333] [INFO] resLogger - 
*************** response log start ***************
request method: POST
request originalUrl:  /api/config/set_url
request client ip:  ::ffff:127.0.0.1
request body: 
{"host":"127.8.8.4","port":"3388","userid":"1"}
response time: 20
response status: 200
response body: 
{"status":{"code":5010202,"msg":"修改失败","sub_code":"baseconfig_set_url_faild_paramerror","sub_msg":"修改url失败，没有数据被修改","timestamp":"1501571926135"},"isf":false}
*************** response log end ***************

[2017-08-01 15:22:49.523] [INFO] resLogger - 
*************** response log start ***************
request method: POST
request originalUrl:  /api/ble/ble_del_distance
request client ip:  ::ffff:127.0.0.1
request body: 
{"distance":"20","userid":"5937ac8b34ab5a8460df3a6b"}
response time: 4
response status: 200
response body: 
{"code":0,"message":"success"}
*************** response log end ***************

[2017-08-01 15:23:09.117] [INFO] resLogger - 
*************** response log start ***************
request method: POST
request originalUrl:  /api/ble/ble_set_distance
request client ip:  ::ffff:127.0.0.1
request body: 
{"distance":"20","userid":"5937ac8b34ab5a8460df3a6b"}
response time: 1
response status: 200
response body: 
{"code":0,"message":"success"}
*************** response log end ***************

[2017-08-01 15:23:59.273] [INFO] resLogger - 
*************** response log start ***************
request method: POST
request originalUrl:  /api/config/ble_set_distance
request client ip:  ::ffff:127.0.0.1
request body: 
{"distance":"20","userid":"5937ac8b34ab5a8460df3a6b"}
response time: 43
response status: 200
response body: 
{"data":"59802c8f54e20b0503cac427","status":{"code":5030200,"msg":"新增成功","sub_code":"distance_set_success","sub_msg":"新增距离数据成功","timestamp":"1501572163049"},"isf":false}
*************** response log end ***************

[2017-08-01 15:24:07.884] [INFO] resLogger - 
*************** response log start ***************
request method: POST
request originalUrl:  /api/config/ble_del_distance
request client ip:  ::ffff:127.0.0.1
request body: 
{"distance":"20","userid":"5937ac8b34ab5a8460df3a6b"}
response time: 12
response status: 200
response body: 
{"status":{"code":5030300,"msg":"删除成功","sub_code":"distance_del_success","sub_msg":"删除距离数据成功","timestamp":"1501572163049"},"isf":false}
*************** response log end ***************

[2017-08-01 15:48:43.830] [INFO] resLogger - 
*************** response log start ***************
request method: POST
request originalUrl:  /api/config/ble_set_distance
request client ip:  ::ffff:127.0.0.1
request body: 
{"distance":"20","userid":"5937ac8b34ab5a8460df3a6b"}
response time: 41
response status: 200
response body: 
{"data":"5980325b499fa3051b0880c1","status":{"code":5030200,"msg":"新增成功","sub_code":"distance_set_success","sub_msg":"新增距离数据成功","timestamp":"1501573711775"},"isf":false}
*************** response log end ***************

[2017-08-01 15:48:46.820] [INFO] resLogger - 
*************** response log start ***************
request method: POST
request originalUrl:  /api/config/ble_del_distance
request client ip:  ::ffff:127.0.0.1
request body: 
{"distance":"20","userid":"5937ac8b34ab5a8460df3a6b"}
response time: 8
response status: 200
response body: 
{"status":{"code":5030301,"msg":"数据不存在","sub_code":"distance_del_faild_exist","sub_msg":"删除距离数据失败，该数据不存在","timestamp":"1501573711775"},"isf":false}
*************** response log end ***************

[2017-08-01 15:48:55.037] [INFO] resLogger - 
*************** response log start ***************
request method: POST
request originalUrl:  /api/config/ble_set_distance
request client ip:  ::ffff:127.0.0.1
request body: 
{"distance":"20","userid":"5937ac8b34ab5a8460df3a6b"}
response time: 6
response status: 200
response body: 
{"data":"59803267499fa3051b0880c2","status":{"code":5030200,"msg":"新增成功","sub_code":"distance_set_success","sub_msg":"新增距离数据成功","timestamp":"1501573711775"},"isf":false}
*************** response log end ***************

[2017-08-01 15:48:58.469] [INFO] resLogger - 
*************** response log start ***************
request method: POST
request originalUrl:  /api/config/ble_del_distance
request client ip:  ::ffff:127.0.0.1
request body: 
{"distance":"20","userid":"5937ac8b34ab5a8460df3a6b"}
response time: 6
response status: 200
response body: 
{"status":{"code":5030301,"msg":"数据不存在","sub_code":"distance_del_faild_exist","sub_msg":"删除距离数据失败，该数据不存在","timestamp":"1501573711775"},"isf":false}
*************** response log end ***************

[2017-08-01 15:50:00.156] [INFO] resLogger - 
*************** response log start ***************
request method: POST
request originalUrl:  /api/config/ble_set_distance
request client ip:  ::ffff:127.0.0.1
request body: 
{"distance":"20","userid":"5937ac8b34ab5a8460df3a6b"}
response time: 37
response status: 200
response body: 
{"data":"598032a8a691ba051e3dd7e7","status":{"code":5030200,"msg":"新增成功","sub_code":"distance_set_success","sub_msg":"新增距离数据成功","timestamp":"1501573795004"},"isf":false}
*************** response log end ***************

[2017-08-01 15:50:03.151] [INFO] resLogger - 
*************** response log start ***************
request method: POST
request originalUrl:  /api/config/ble_del_distance
request client ip:  ::ffff:127.0.0.1
request body: 
{"distance":"20","userid":"5937ac8b34ab5a8460df3a6b"}
response time: 7
response status: 200
response body: 
{"status":{"code":5030301,"msg":"数据不存在","sub_code":"distance_del_faild_exist","sub_msg":"删除距离数据失败，该数据不存在","timestamp":"1501573795004"},"isf":false}
*************** response log end ***************

[2017-08-01 15:52:01.196] [INFO] resLogger - 
*************** response log start ***************
request method: POST
request originalUrl:  /api/config/ble_del_distance
request client ip:  ::ffff:127.0.0.1
request body: 
{"distance":"20","userid":"5937ac8b34ab5a8460df3a6b"}
response time: 22
response status: 200
response body: 
{"status":{"code":5030301,"msg":"数据不存在","sub_code":"distance_del_faild_exist","sub_msg":"删除距离数据失败，该数据不存在","timestamp":"1501573915675"},"isf":false}
*************** response log end ***************

[2017-08-01 15:52:13.438] [INFO] resLogger - 
*************** response log start ***************
request method: POST
request originalUrl:  /api/config/ble_get_distance
request client ip:  ::ffff:127.0.0.1
request body: 
{"userid":"5937ac8b34ab5a8460df3a6b"}
response time: 9
response status: 200
response body: 
{"data":[{"_id":"5955c82a6fd33e2a07c33fdd","distance":"5","userid":"5937ac8b34ab5a8460df3a6b"}],"status":{"code":5030100,"msg":"获取成功","sub_code":"get_distance_success","sub_msg":"获取距离数据成功","timestamp":"1501573915675"},"isf":false}
*************** response log end ***************

[2017-08-01 15:52:18.360] [INFO] resLogger - 
*************** response log start ***************
request method: POST
request originalUrl:  /api/config/ble_set_distance
request client ip:  ::ffff:127.0.0.1
request body: 
{"distance":"20","userid":"5937ac8b34ab5a8460df3a6b"}
response time: 20
response status: 200
response body: 
{"data":"59803332fd53bf052150a91e","status":{"code":5030200,"msg":"新增成功","sub_code":"distance_set_success","sub_msg":"新增距离数据成功","timestamp":"1501573915675"},"isf":false}
*************** response log end ***************

[2017-08-01 15:53:20.020] [INFO] resLogger - 
*************** response log start ***************
request method: POST
request originalUrl:  /api/config/ble_set_distance
request client ip:  ::ffff:127.0.0.1
request body: 
{"distance":"20","userid":"5937ac8b34ab5a8460df3a6b"}
response time: 6
response status: 200
response body: 
{"data":"59803370fd53bf052150a91f","status":{"code":5030200,"msg":"新增成功","sub_code":"distance_set_success","sub_msg":"新增距离数据成功","timestamp":"1501573915675"},"isf":false}
*************** response log end ***************

[2017-08-01 15:53:38.857] [INFO] resLogger - 
*************** response log start ***************
request method: POST
request originalUrl:  /api/config/ble_del_distance
request client ip:  ::ffff:127.0.0.1
request body: 
{"distance":"20","userid":"5937ac8b34ab5a8460df3a6b"}
response time: 6
response status: 200
response body: 
{"status":{"code":5030301,"msg":"数据不存在","sub_code":"distance_del_faild_exist","sub_msg":"删除距离数据失败，该数据不存在","timestamp":"1501573915675"},"isf":false}
*************** response log end ***************

[2017-08-01 15:56:08.292] [INFO] resLogger - 
*************** response log start ***************
request method: POST
request originalUrl:  /api/config/ble_set_distance
request client ip:  ::ffff:127.0.0.1
request body: 
{"distance":"20","userid":"5937ac8b34ab5a8460df3a6b"}
response time: 40
response status: 200
response body: 
{"data":"59803418e64c270523c9c00c","status":{"code":5030200,"msg":"新增成功","sub_code":"distance_set_success","sub_msg":"新增距离数据成功","timestamp":"1501574152094"},"isf":false}
*************** response log end ***************

[2017-08-01 15:56:09.722] [INFO] resLogger - 
*************** response log start ***************
request method: POST
request originalUrl:  /api/config/ble_del_distance
request client ip:  ::ffff:127.0.0.1
request body: 
{"distance":"20","userid":"5937ac8b34ab5a8460df3a6b"}
response time: 10
response status: 200
response body: 
{"status":{"code":5030301,"msg":"数据不存在","sub_code":"distance_del_faild_exist","sub_msg":"删除距离数据失败，该数据不存在","timestamp":"1501574152094"},"isf":false}
*************** response log end ***************

[2017-08-01 15:57:44.453] [INFO] resLogger - 
*************** response log start ***************
request method: POST
request originalUrl:  /api/config/ble_set_distance
request client ip:  ::ffff:127.0.0.1
request body: 
{"distance":"20","userid":"5937ac8b34ab5a8460df3a6b"}
response time: 39
response status: 200
response body: 
{"data":"59803478c8baff052522cad2","status":{"code":5030200,"msg":"新增成功","sub_code":"distance_set_success","sub_msg":"新增距离数据成功","timestamp":"1501574258320"},"isf":false}
*************** response log end ***************

[2017-08-01 15:57:46.014] [INFO] resLogger - 
*************** response log start ***************
request method: POST
request originalUrl:  /api/config/ble_del_distance
request client ip:  ::ffff:127.0.0.1
request body: 
{"distance":"20","userid":"5937ac8b34ab5a8460df3a6b"}
response time: 7
response status: 200
response body: 
{"status":{"code":5030300,"msg":"删除成功","sub_code":"distance_del_success","sub_msg":"删除距离数据成功","timestamp":"1501574258320"},"isf":false}
*************** response log end ***************

[2017-08-01 15:57:52.631] [INFO] resLogger - 
*************** response log start ***************
request method: POST
request originalUrl:  /api/config/ble_del_distance
request client ip:  ::ffff:127.0.0.1
request body: 
{"distance":"20","userid":"5937ac8b34ab5a8460df3a6b"}
response time: 3
response status: 200
response body: 
{"status":{"code":5030301,"msg":"数据不存在","sub_code":"distance_del_faild_exist","sub_msg":"删除距离数据失败，该数据不存在","timestamp":"1501574258320"},"isf":false}
*************** response log end ***************

