[2017-06-22 14:17:29.112] [INFO] resLogger - 
*************** response log start ***************
request method: POST
request originalUrl:  /api/users/registerUser
request client ip:  ::ffff:10.0.0.62
request body: 
{"name":"张三","pwd":"111111"}
response time: 31
response status: 200
response body: 
{"code":0,"message":"success","data":{"id":"594b60f9169d2b21045b5611","succ":true}}
*************** response log end ***************

[2017-06-22 14:20:28.660] [INFO] resLogger - 
*************** response log start ***************
request method: POST
request originalUrl:  /api/users/registerUser
request client ip:  ::ffff:10.0.0.62
request body: 
{"name":"张三","pwd":"111111"}
response time: 33
response status: 200
response body: 
{"code":0,"message":"success","data":{"id":"594b61ac3984da2a00e9ed9b","succ":true}}
*************** response log end ***************

