[2017-08-02 15:09:29.104] [INFO] resLogger - 
*************** response log start ***************
request method: POST
request originalUrl:  /api/users/login
request client ip:  ::ffff:127.0.0.1
request body: 
{"username":"qqq","password":"6512bd43d9caa6e02c990b0a82652dca"}
response time: 27
response status: 200
response body: 
{"status":{"code":-1,"msg":"系统错误","sub_code":"login_faild_syserror","sub_msg":"登录失败，系统错误","timestamp":"1501657742790"},"isf":false}
*************** response log end ***************

[2017-08-02 15:12:17.988] [INFO] resLogger - 
*************** response log start ***************
request method: POST
request originalUrl:  /api/users/login
request client ip:  ::ffff:127.0.0.1
request body: 
{"username":"qqq","password":"6512bd43d9caa6e02c990b0a82652dca"}
response time: 21
response status: 200
response body: 
{"status":{"code":1010102,"msg":"账户不存在","sub_code":"login_faild_notexist","sub_msg":"登录失败，用户名错误或者不存在","timestamp":"1501657930969"},"isf":false}
*************** response log end ***************

[2017-08-02 15:13:00.210] [INFO] resLogger - 
*************** response log start ***************
request method: POST
request originalUrl:  /api/users/login
request client ip:  ::ffff:127.0.0.1
request body: 
{"username":"6@6.com","password":"6512bd43d9caa6e02c990b0a82652dca"}
response time: 5
response status: 200
response body: 
{"status":{"code":1010102,"msg":"账户不存在","sub_code":"login_faild_notexist","sub_msg":"登录失败，用户名错误或者不存在","timestamp":"1501657930969"},"isf":false}
*************** response log end ***************

[2017-08-02 15:13:46.668] [INFO] resLogger - 
*************** response log start ***************
request method: POST
request originalUrl:  /api/users/login
request client ip:  ::ffff:127.0.0.1
request body: 
{"username":"6@6.com","password":"6512bd43d9caa6e02c990b0a82652dca"}
response time: 2
response status: 200
response body: 
{"status":{"code":1010102,"msg":"账户不存在","sub_code":"login_faild_notexist","sub_msg":"登录失败，用户名错误或者不存在","timestamp":"1501657930969"},"isf":false}
*************** response log end ***************

[2017-08-02 15:13:51.816] [INFO] resLogger - 
*************** response log start ***************
request method: POST
request originalUrl:  /api/users/login
request client ip:  ::ffff:127.0.0.1
request body: 
{"username":"5@5.com","password":"6512bd43d9caa6e02c990b0a82652dca"}
response time: 8
response status: 200
response body: 
{"data":{"userid":"59801d06808fdf04507156de","username":"5@5.com","password":"6512bd43d9caa6e02c990b0a82652dca"},"status":{"code":1010100,"msg":"登录成功","sub_code":"login_success","sub_msg":"登录成功","timestamp":"1501657930969"},"isf":false}
*************** response log end ***************

[2017-08-02 15:14:01.898] [INFO] resLogger - 
*************** response log start ***************
request method: POST
request originalUrl:  /api/users/register
request client ip:  ::ffff:127.0.0.1
request body: 
{"username":"1@4.com","password":"6512bd43d9caa6e02c990b0a82652dca"}
response time: 2
response status: 200
response body: 
{"status":{"code":1020101,"msg":"用户名已存在","sub_code":"register_faild_exist","sub_msg":"注册失败，用户名已存在","timestamp":"1501657930970"},"isf":false}
*************** response log end ***************

[2017-08-02 15:14:22.093] [INFO] resLogger - 
*************** response log start ***************
request method: POST
request originalUrl:  /api/users/register
request client ip:  ::ffff:127.0.0.1
request body: 
{"username":"1@5.com","password":"6512bd43d9caa6e02c990b0a82652dca"}
response time: 20
response status: 200
response body: 
{"data":"59817bce79c29d04b3fe3cb2","status":{"code":1020100,"msg":"注册成功","sub_code":"register_success","sub_msg":"注册成功","timestamp":"1501657930970"},"isf":false}
*************** response log end ***************

[2017-08-02 15:20:41.352] [INFO] resLogger - 
*************** response log start ***************
request method: POST
request originalUrl:  /api/ble/ble_get_scan
request client ip:  ::ffff:127.0.0.1
request body: 
{}
response time: 4
response status: 200
response body: 
{"code":0,"message":"success"}
*************** response log end ***************

[2017-08-02 15:21:26.000] [INFO] resLogger - 
*************** response log start ***************
request method: POST
request originalUrl:  /api/config/ble_get_scan
request client ip:  ::ffff:127.0.0.1
request body: 
{}
response time: 16
response status: 200
response body: 
{"data":[{"_id":{"scan_interval":"0","scan_window":"0"}},{"_id":{"scan_interval":"0080","scan_window":"0018"}},{"_id":{"scan_interval":"8000","scan_window":"8000"}},{"_id":{"scan_interval":"0018","scan_window":"0018"}},{"_id":{"scan_interval":"0016","scan_window":"0016"}}],"status":{"code":5040200,"msg":"获取成功","sub_code":"scan_get_success","sub_msg":"获取扫描参数成功","timestamp":"1501658423612"},"isf":false}
*************** response log end ***************

[2017-08-02 15:30:20.856] [INFO] resLogger - 
*************** response log start ***************
request method: POST
request originalUrl:  /api/ble/ble_get_scan_mobile
request client ip:  ::ffff:127.0.0.1
request body: 
{"scan_interval":"8000","scan_window":"8000"}
response time: 4
response status: 200
response body: 
{"code":0,"message":"success"}
*************** response log end ***************

[2017-08-02 15:30:39.160] [INFO] resLogger - 
*************** response log start ***************
request method: POST
request originalUrl:  /api/config/ble_get_scan_mobile
request client ip:  ::ffff:127.0.0.1
request body: 
{"scan_interval":"8000","scan_window":"8000"}
response time: 25
response status: 200
response body: 
{"data":[{"_id":"57b17a4113153759feb1da8f","mobile":"Nexus 5","scan_interval":"8000","scan_window":"8000","connect_interval":"96","connect_window":"48","connect_min_interval":"24","connect_max_interval":"40"},{"_id":"59142728c4c5c082f268b4dc","mobile":"三星 S7edge","scan_interval":"8000","scan_window":"8000","connect_interval":"96","connect_window":"48","connect_min_interval":"24","connect_max_interval":"40"},{"_id":"591427c8c4c5c082f268b4dd","mobile":"三星 S7edge","scan_interval":"8000","scan_window":"8000","connect_interval":"96","connect_window":"48","connect_min_interval":"24","connect_max_interval":"40"},{"_id":"59142803c4c5c082f268b4de","mobile":"三星 S6","scan_interval":"8000","scan_window":"8000","connect_interval":"96","connect_window":"48","connect_min_interval":"24","connect_max_interval":"40"},{"_id":"59142849c4c5c082f268b4df","mobile":"Nexus 6","scan_interval":"8000","scan_window":"8000","connect_interval":"96","connect_window":"48","connect_min_interval":"24","connect_max_interval":"40"},{"_id":"59142856c4c5c082f268b4e0","mobile":"三星 S5","scan_interval":"8000","scan_window":"8000","connect_interval":"96","connect_window":"48","connect_min_interval":"24","connect_max_interval":"40"},{"_id":"5914285cc4c5c082f268b4e1","mobile":"小米 M4","scan_interval":"8000","scan_window":"8000","connect_interval":"96","connect_window":"48","connect_min_interval":"24","connect_max_interval":"40"},{"_id":"5914285cc4c5c082f268b4e2","mobile":"三星 Note3","scan_interval":"8000","scan_window":"8000","connect_interval":"96","connect_window":"48","connect_min_interval":"24","connect_max_interval":"40"},{"_id":"5914285cc4c5c082f268b4e3","mobile":"LG-G3","scan_interval":"8000","scan_window":"8000","connect_interval":"96","connect_window":"48","connect_min_interval":"24","connect_max_interval":"40"},{"_id":"5914285cc4c5c082f268b4e4","mobile":"Nexus 4","scan_interval":"8000","scan_window":"8000","connect_interval":"96","connect_window":"48","connect_min_interval":"24","connect_max_interval":"40"},{"_id":"5914285cc4c5c082f268b4e5","mobile":"Moto X2","scan_interval":"8000","scan_window":"8000","connect_interval":"96","connect_window":"48","connect_min_interval":"24","connect_max_interval":"40"},{"_id":"5914285cc4c5c082f268b4e6","mobile":"HTC-M7","scan_interval":"8000","scan_window":"8000","connect_interval":"96","connect_window":"48","connect_min_interval":"24","connect_max_interval":"40"},{"_id":"5914285cc4c5c082f268b4e7","mobile":"HTC-M8","scan_interval":"8000","scan_window":"8000","connect_interval":"96","connect_window":"48","connect_min_interval":"24","connect_max_interval":"40"},{"_id":"5914285cc4c5c082f268b4e8","mobile":"三星 SM-J7108","scan_interval":"8000","scan_window":"8000","connect_interval":"96","connect_window":"48","connect_min_interval":"24","connect_max_interval":"40"},{"_id":"5914285cc4c5c082f268b4e9","mobile":"三星 SM-J3109","scan_interval":"8000","scan_window":"8000","connect_interval":"96","connect_window":"48","connect_min_interval":"24","connect_max_interval":"40"},{"_id":"5914285cc4c5c082f268b4ea","mobile":"三星 SM-J120F","scan_interval":"8000","scan_window":"8000","connect_interval":"96","connect_window":"48","connect_min_interval":"24","connect_max_interval":"40"},{"_id":"5914285cc4c5c082f268b4eb","mobile":"三星 Note5","scan_interval":"8000","scan_window":"8000","connect_interval":"96","connect_window":"48","connect_min_interval":"24","connect_max_interval":"40"},{"_id":"5914285cc4c5c082f268b4ec","mobile":"华硕 ASUS_Z00ADB","scan_interval":"8000","scan_window":"8000","connect_interval":"96","connect_window":"48","connect_min_interval":"24","connect_max_interval":"40"}],"status":{"code":5040300,"msg":"获取成功","sub_code":"scan_mobile_get_success","sub_msg":"获取扫描手机型号成功","timestamp":"1501659014245"},"isf":false}
*************** response log end ***************

[2017-08-02 15:32:51.789] [INFO] resLogger - 
*************** response log start ***************
request method: POST
request originalUrl:  /api/config/ble_get_connect
request client ip:  ::ffff:127.0.0.1
request body: 
{}
response time: 14
response status: 200
response body: 
{"data":[{"_id":{"connect_interval":"0","connect_window":"0","connect_min_interval":"0","connect_max_interval":"0"}},{"_id":{"connect_interval":"80","connect_window":"18","connect_min_interval":"10","connect_max_interval":"15"}},{"_id":{"connect_interval":"96","connect_window":"48","connect_min_interval":"24","connect_max_interval":"40"}},{"_id":{"connect_interval":"96","connect_window":"48","connect_min_interval":"06","connect_max_interval":"06"}},{"_id":{"connect_interval":"05","connect_window":"05","connect_min_interval":"15","connect_max_interval":"15"}}],"status":{"code":5040400,"msg":"获取成功","sub_code":"connect_get_success","sub_msg":"获取连接参数成功","timestamp":"1501659166801"},"isf":false}
*************** response log end ***************

[2017-08-02 15:34:52.051] [INFO] resLogger - 
*************** response log start ***************
request method: POST
request originalUrl:  /api/config/ble_get_connect_mobile
request client ip:  ::ffff:127.0.0.1
request body: 
{"connect_interval":"96","connect_window":"48","connect_min_interval":"06","connect_max_interval":"06"}
response time: 28
response status: 200
response body: 
{"data":[{"_id":"57b17a4113153759feb1da8e","mobile":"LG_D325","scan_interval":"0018","scan_window":"0018","connect_interval":"96","connect_window":"48","connect_min_interval":"06","connect_max_interval":"06"}],"status":{"code":5040500,"msg":"获取成功","sub_code":"connect_mobile_get_success","sub_msg":"获取连接手机型号成功","timestamp":"1501659284298"},"isf":false}
*************** response log end ***************

