[2017-06-27 16:02:01.442] [INFO] resLogger - 
*************** response log start ***************
request method: POST
request originalUrl:  /api/bleconnect/ble_connect_query
request client ip:  ::ffff:127.0.0.1
request body: 
{"mac":"00:4d:32:07:92:09","name":"AM4","mi":"5","mobile":"Nexus 5","flag":"","userid":""}
response time: 8
response status: 200
response body: 
{"code":0,"message":"success"}
*************** response log end ***************

[2017-06-27 16:02:57.037] [INFO] resLogger - 
*************** response log start ***************
request method: POST
request originalUrl:  /api/bleconnect/ble_connect_query
request client ip:  ::ffff:127.0.0.1
request body: 
{"mac":"00:4d:32:07:92:09","name":"AM4","mi":"5","mobile":"Nexus 5","flag":"","userid":""}
response time: 8
response status: 200
response body: 
{"code":0,"message":"success"}
*************** response log end ***************

[2017-06-27 16:03:10.071] [INFO] resLogger - 
*************** response log start ***************
request method: POST
request originalUrl:  /api/bleconnect/ble_connect_query
request client ip:  ::ffff:127.0.0.1
request body: 
{"mac":"00:4d:32:07:92:09","name":"AM4","mi":"5","mobile":"Nexus 5","flag":"","userid":""}
response time: 5
response status: 200
response body: 
{"code":0,"message":"success"}
*************** response log end ***************

[2017-06-27 16:04:31.257] [INFO] resLogger - 
*************** response log start ***************
request method: POST
request originalUrl:  /api/bleconnect/ble_connect_query
request client ip:  ::ffff:127.0.0.1
request body: 
{"mac":"00:4d:32:07:92:09","name":"AM4","mi":"5","mobile":"Nexus 5","flag":"","userid":""}
response time: 7
response status: 200
response body: 
{"code":0,"message":"success"}
*************** response log end ***************

[2017-06-27 16:04:58.423] [INFO] resLogger - 
*************** response log start ***************
request method: POST
request originalUrl:  /api/bleconnect/ble_connect_query
request client ip:  ::ffff:127.0.0.1
request body: 
{"mac":"00:4d:32:07:92:09","name":"AM4","mi":"5","mobile":"Nexus 5","flag":"","userid":""}
response time: 4
response status: 200
response body: 
{"code":0,"message":"success"}
*************** response log end ***************

[2017-06-27 16:06:21.441] [INFO] resLogger - 
*************** response log start ***************
request method: POST
request originalUrl:  /api/bleconnect/ble_connect_query
request client ip:  ::ffff:127.0.0.1
request body: 
{"mac":"00:4d:32:07:92:09","name":"AM4","mi":"5","mobile":"Nexus 5","flag":"","userid":""}
response time: 7
response status: 200
response body: 
{"status":{"code":1,"msg":"查询失败","sub_code":"query_faild_paramerror","sub_msg":"查询失败，查询参数有误","timestamp":"1498550775714"},"isf":false}
*************** response log end ***************

[2017-06-27 16:17:10.996] [INFO] resLogger - 
*************** response log start ***************
request method: POST
request originalUrl:  /api/bleconnect/ble_connect_query
request client ip:  ::ffff:127.0.0.1
request body: 
{"mac":"00:4d:32:07:92:09","name":"AM4","mi":"5","mobile":"Nexus 5","flag":"","userid":""}
response time: 17
response status: 200
response body: 
{"status":{"code":-1,"msg":"系统错误","sub_code":"query_faild_syserror","sub_msg":"查询失败，系统错误","timestamp":"1498551321525"},"isf":false}
*************** response log end ***************

[2017-06-27 16:17:44.998] [INFO] resLogger - 
*************** response log start ***************
request method: POST
request originalUrl:  /api/bleconnect/ble_connect_query
request client ip:  ::ffff:127.0.0.1
request body: 
{"mac":"00:4d:32:07:92:09","name":"AM4","mi":"5","mobile":"Nexus 5","flag":"","userid":""}
response time: 13
response status: 200
response body: 
{"status":{"code":-1,"msg":"系统错误","sub_code":"query_faild_syserror","sub_msg":"查询失败，系统错误","timestamp":"1498551321525"},"isf":false}
*************** response log end ***************

[2017-06-27 16:18:58.323] [INFO] resLogger - 
*************** response log start ***************
request method: POST
request originalUrl:  /api/bleconnect/ble_connect_query
request client ip:  ::ffff:127.0.0.1
request body: 
{"mac":"00:4d:32:07:92:09","name":"AM4","mi":"5","mobile":"Nexus 5","flag":"","userid":""}
response time: 65
response status: 200
response body: 
{"status":{"code":-1,"msg":"系统错误","sub_code":"query_faild_syserror","sub_msg":"查询失败，系统错误","timestamp":"1498551531881"},"isf":false}
*************** response log end ***************

