[2017-07-11 10:00:10.773] [INFO] resLogger - 
*************** response log start ***************
request method: POST
request originalUrl:  /api/baseconfig/set_url
request client ip:  ::ffff:127.0.0.1
request body: 
{"host":"127.2.2.4","port":"3206","userid":"1"}
response time: 15
response status: 200
response body: 
{"status":{"code":-1,"msg":"系统错误","sub_code":"get_faild_syserror","sub_msg":"修改失败，系统错误","timestamp":"1499738359727"},"isf":false}
*************** response log end ***************

[2017-07-11 10:00:56.798] [INFO] resLogger - 
*************** response log start ***************
request method: POST
request originalUrl:  /api/baseconfig/set_url
request client ip:  ::ffff:127.0.0.1
request body: 
{"host":"127.2.3.4","port":"3306","userid":"1"}
response time: 11
response status: 200
response body: 
{"status":{"code":-1,"msg":"系统错误","sub_code":"get_faild_syserror","sub_msg":"修改失败，系统错误","timestamp":"1499738359727"},"isf":false}
*************** response log end ***************

[2017-07-11 10:17:50.943] [INFO] resLogger - 
*************** response log start ***************
request method: POST
request originalUrl:  /api/baseconfig/set_url
request client ip:  ::ffff:127.0.0.1
request body: 
{"host":"127.2.3.4","port":"3306","userid":"1"}
response time: 14
response status: 200
response body: 
{"status":{"code":-1,"msg":"系统错误","sub_code":"get_faild_syserror","sub_msg":"修改失败，系统错误","timestamp":"1499739459880"},"isf":false}
*************** response log end ***************

[2017-07-11 10:18:38.142] [INFO] resLogger - 
*************** response log start ***************
request method: POST
request originalUrl:  /api/baseconfig/set_url
request client ip:  ::ffff:127.0.0.1
request body: 
{"host":"127.2.3.4","port":"3306","userid":"1"}
response time: 15
response status: 200
response body: 
{"status":{"code":-1,"msg":"系统错误","sub_code":"get_faild_syserror","sub_msg":"修改失败，系统错误","timestamp":"1499739510516"},"isf":false}
*************** response log end ***************

[2017-07-11 10:19:08.128] [INFO] resLogger - 
*************** response log start ***************
request method: POST
request originalUrl:  /api/baseconfig/set_url
request client ip:  ::ffff:127.0.0.1
request body: 
{"host":"127.1.1.4","port":"3311","userid":"1"}
response time: 10
response status: 200
response body: 
{"status":{"code":-1,"msg":"系统错误","sub_code":"get_faild_syserror","sub_msg":"修改失败，系统错误","timestamp":"1499739510516"},"isf":false}
*************** response log end ***************

[2017-07-11 10:20:32.860] [INFO] resLogger - 
*************** response log start ***************
request method: POST
request originalUrl:  /api/baseconfig/set_url
request client ip:  ::ffff:127.0.0.1
request body: 
{"host":"127.2.2.4","port":"3322","userid":"1"}
response time: 18
response status: 200
response body: 
{"status":{"code":-1,"msg":"系统错误","sub_code":"get_faild_syserror","sub_msg":"修改失败，系统错误","timestamp":"1499739627246"},"isf":false}
*************** response log end ***************

[2017-07-11 10:23:56.953] [INFO] resLogger - 
*************** response log start ***************
request method: POST
request originalUrl:  /api/baseconfig/set_url
request client ip:  ::ffff:127.0.0.1
request body: 
{"host":"127.3.3.4","port":"3333","userid":"1"}
response time: 13
response status: 200
response body: 
{"status":{"code":-1,"msg":"系统错误","sub_code":"get_faild_syserror","sub_msg":"修改失败，系统错误","timestamp":"1499739820203"},"isf":false}
*************** response log end ***************

[2017-07-11 10:26:14.818] [INFO] resLogger - 
*************** response log start ***************
request method: POST
request originalUrl:  /api/baseconfig/set_url
request client ip:  ::ffff:127.0.0.1
request body: 
{"host":"127.4.4.4","port":"3344","userid":"1"}
response time: 15
response status: 200
response body: 
{"status":{"code":-1,"msg":"系统错误","sub_code":"get_faild_syserror","sub_msg":"修改失败，系统错误","timestamp":"1499739948108"},"isf":false}
*************** response log end ***************

[2017-07-11 10:42:25.003] [INFO] resLogger - 
*************** response log start ***************
request method: POST
request originalUrl:  /api/baseconfig/set_url
request client ip:  ::ffff:127.0.0.1
request body: 
{"host":"127.5.5.4","port":"3355","userid":"1"}
response time: 24
response status: 200
response body: 
{"status":{"code":-1,"msg":"系统错误","sub_code":"get_faild_syserror","sub_msg":"修改失败，系统错误","timestamp":"1499740933964"},"isf":false}
*************** response log end ***************

