[2017-07-04 17:15:39.671] [INFO] resLogger - 
*************** response log start ***************
request method: POST
request originalUrl:  /api/bleconnect/ble_connect_result
request client ip:  ::ffff:127.0.0.1
request body: 
{"mac":"","name":"","mi":"","mobile":"","flag":"2011-03","userid":"","connect_num":"200"}
response time: 86
response status: 200
response body: 
{"data":{"name":"BG5 11070","mac":"00:4d:32:0b:54:59","flag":"2011-03","scan_success_rate":null,"connect_success_rate":null,"disconnect_success_rate":null,"ledc_failed_number":25,"success_rate":null,"avg_connect":0,"min_connect":null,"max_connect":null,"avg_scan":0,"min_scan":null,"max_scan":null,"avg_rssi":0,"min_rssi":null,"max_rssi":null},"status":{"code":0,"msg":"查询成功","sub_code":"query_success","sub_msg":"查询成功","timestamp":"1499159723704"},"isf":false}
*************** response log end ***************

[2017-07-04 17:30:10.439] [INFO] resLogger - 
*************** response log start ***************
request method: POST
request originalUrl:  /api/bleconnect/ble_connect_result
request client ip:  ::ffff:127.0.0.1
request body: 
{"mac":"","name":"","mi":"","mobile":"","flag":"2011-03","userid":"","connect_num":"200"}
response time: 105
response status: 200
response body: 
{"data":{"name":"BG5 11070","mac":"00:4d:32:0b:54:59","flag":"2011-03","scan_success_rate":null,"connect_success_rate":null,"disconnect_success_rate":null,"ledc_failed_number":25,"success_rate":null,"avg_connect":0,"min_connect":null,"max_connect":null,"avg_scan":0,"min_scan":null,"max_scan":null,"avg_rssi":0,"min_rssi":null,"max_rssi":null},"status":{"code":0,"msg":"查询成功","sub_code":"query_success","sub_msg":"查询成功","timestamp":"1499160600295"},"isf":false}
*************** response log end ***************

[2017-07-04 17:34:31.172] [INFO] resLogger - 
*************** response log start ***************
request method: POST
request originalUrl:  /api/bleconnect/ble_connect_result
request client ip:  ::ffff:127.0.0.1
request body: 
{"mac":"","name":"","mi":"","mobile":"","flag":"2011-03","userid":"","connect_num":"200"}
response time: 37
response status: 200
response body: 
{"status":{"code":-1,"msg":"系统错误","sub_code":"query_faild_syserror","sub_msg":"查询失败，系统错误","timestamp":"1499160600295"},"isf":false}
*************** response log end ***************

[2017-07-04 17:38:16.077] [INFO] resLogger - 
*************** response log start ***************
request method: POST
request originalUrl:  /api/bleconnect/ble_connect_result
request client ip:  ::ffff:127.0.0.1
request body: 
{"mac":"","name":"","mi":"","mobile":"","flag":"2017060501","userid":"","connect_num":"200"}
response time: 57
response status: 200
response body: 
{"data":{"name":"Pulse Oximeter","mac":"7c:ec:79:de:33:bd","flag":"2017060501","scan_success_rate":null,"connect_success_rate":1,"disconnect_success_rate":1,"ledc_failed_number":0,"scan_failed_number":0,"success_rate":null,"avg_connect":0,"min_connect":null,"max_connect":null,"avg_scan":0,"min_scan":null,"max_scan":null,"avg_rssi":0,"min_rssi":null,"max_rssi":null},"status":{"code":0,"msg":"查询成功","sub_code":"query_success","sub_msg":"查询成功","timestamp":"1499160600295"},"isf":false}
*************** response log end ***************

[2017-07-04 17:41:00.051] [INFO] resLogger - 
*************** response log start ***************
request method: POST
request originalUrl:  /api/bleconnect/ble_connect_result
request client ip:  ::ffff:127.0.0.1
request body: 
{"mac":"","name":"","mi":"","mobile":"","flag":"2017060501","userid":"","connect_num":"200"}
response time: 79
response status: 200
response body: 
{"data":{"name":"Pulse Oximeter","mac":"7c:ec:79:de:33:bd","flag":"2017060501","scan_success_rate":null,"connect_success_rate":1,"disconnect_success_rate":1,"ledc_failed_number":0,"scan_failed_number":0,"success_rate":null,"avg_connect":0,"min_connect":null,"max_connect":null,"avg_scan":0,"min_scan":null,"max_scan":null,"avg_rssi":0,"min_rssi":null,"max_rssi":null},"status":{"code":0,"msg":"查询成功","sub_code":"query_success","sub_msg":"查询成功","timestamp":"1499161254972"},"isf":false}
*************** response log end ***************

