[2017-06-21 17:09:16.340] [INFO] resLogger - 
*************** response log start ***************
request method: GET
request originalUrl:  /api/users/registerUser
request client ip:  ::ffff:10.0.0.13
request query:  {}
response time: 287
response status: 200
response body: 
{"code":0,"message":"success"}
*************** response log end ***************

[2017-06-21 17:36:53.654] [INFO] resLogger - 
*************** response log start ***************
request method: POST
request originalUrl:  /api/users/registerUser
request client ip:  ::ffff:10.0.0.62
request body: 
{"name":"张三","pwd":"111111"}
response time: 27
response status: 200
response body: 
{"code":0,"message":"success"}
*************** response log end ***************

[2017-06-21 17:37:07.970] [INFO] resLogger - 
*************** response log start ***************
request method: POST
request originalUrl:  /api/users/registerUser
request client ip:  ::ffff:10.0.0.62
request body: 
{"name":"张三","pwd":"111111"}
response time: 11
response status: 200
response body: 
{"code":0,"message":"success"}
*************** response log end ***************

[2017-06-21 17:37:10.602] [INFO] resLogger - 
*************** response log start ***************
request method: POST
request originalUrl:  /api/users/registerUser
request client ip:  ::ffff:10.0.0.62
request body: 
{"name":"张三","pwd":"111111"}
response time: 9
response status: 200
response body: 
{"code":0,"message":"success"}
*************** response log end ***************

