[2017-07-21 17:40:44.707] [INFO] resLogger - 
*************** response log start ***************
request method: POST
request originalUrl:  /api/bleconnect/ble_connect_export
request client ip:  ::ffff:127.0.0.1
request body: 
{"mac":"","name":"","mi":"","mobile":"","flag":"A7 1m","userid":""}
response time: 1433
response status: 200
response body: 
{"data":"/files/excel/1500630043304.xlsx","status":{"code":0,"msg":"导出成功","sub_code":"export_success","sub_msg":"查询成功","timestamp":"1500618114126"},"isf":false}
*************** response log end ***************

[2017-07-21 17:41:00.708] [INFO] resLogger - 
*************** response log start ***************
request method: POST
request originalUrl:  /api/bleconnect/ble_connect_export
request client ip:  ::ffff:127.0.0.1
request body: 
{"mac":"","name":"","mi":"","mobile":"","flag":"A7 1m","userid":""}
response time: 1394
response status: 200
response body: 
{"data":"/files/excel/1500630059337.xlsx","status":{"code":0,"msg":"导出成功","sub_code":"export_success","sub_msg":"查询成功","timestamp":"1500618114126"},"isf":false}
*************** response log end ***************

[2017-07-21 17:41:00.764] [INFO] resLogger - 
*************** response log start ***************
request method: GET
request originalUrl:  /favicon.ico
request client ip:  ::ffff:127.0.0.1
request query:  {}
response time: 2
response status: 404
response body: 
undefined
*************** response log end ***************

[2017-07-21 17:41:19.516] [INFO] resLogger - 
*************** response log start ***************
request method: POST
request originalUrl:  /api/bleconnect/ble_connect_export
request client ip:  ::ffff:127.0.0.1
request body: 
{"mac":"","name":"","mi":"","mobile":"","flag":"A7 1m","userid":""}
response time: 1531
response status: 200
response body: 
{"data":"/files/excel/1500630078004.xlsx","status":{"code":0,"msg":"导出成功","sub_code":"export_success","sub_msg":"查询成功","timestamp":"1500618114126"},"isf":false}
*************** response log end ***************

