[2017-07-13 17:11:56.751] [INFO] resLogger - 
*************** response log start ***************
request method: POST
request originalUrl:  /api/bleconnect/ble_connect_result
request client ip:  ::ffff:127.0.0.1
request body: 
{"mac":"","name":"","mi":"","mobile":"","flag":"A7 1m","userid":"","connect_num":"200"}
response time: 186
response status: 200
response body: 
{"data":[{"name":"iHealth HS4SDC7F","mac":"b0489dac-720b-4f73-be0a-1504d20aee04","flag":"A7 1m","scan_success_rate":0.005,"connect_success_rate":1,"disconnect_success_rate":1,"ledc_failed_number":0,"scan_failed_number":0,"success_rate":0.005,"avg_connect":136.97,"min_connect":4,"max_connect":745,"avg_scan":35.84,"min_scan":16,"max_scan":546,"avg_rssi":-62.84,"min_rssi":-69,"max_rssi":-57,"var_connect":313016.7201065462,"var_scan":75008.07109968987,"var_rssi":64.52164422468388}],"status":{"code":0,"msg":"查询成功","sub_code":"query_success","sub_msg":"查询成功","timestamp":"1499937107074"},"isf":false}
*************** response log end ***************

[2017-07-13 17:11:59.772] [INFO] resLogger - 
*************** response log start ***************
request method: POST
request originalUrl:  /api/bleconnect/ble_connect_result_export
request client ip:  ::ffff:127.0.0.1
request body: 
{"mac":"","name":"","mi":"","mobile":"","flag":"A7 1m","userid":"","connect_num":"200"}
response time: 6
response status: 200
response body: 
{"status":{"code":1,"msg":"导出失败","sub_code":"export_faild_paramerror","sub_msg":"导出失败，导出参数有误","timestamp":"1499937107074"},"isf":false}
*************** response log end ***************

[2017-07-13 17:11:59.858] [INFO] resLogger - 
*************** response log start ***************
request method: GET
request originalUrl:  /undefined
request client ip:  ::ffff:127.0.0.1
request query:  {}
response time: 36
response status: 404
response body: 
undefined
*************** response log end ***************

[2017-07-13 17:14:20.582] [INFO] resLogger - 
*************** response log start ***************
request method: POST
request originalUrl:  /api/bleconnect/ble_connect_result_export
request client ip:  ::ffff:127.0.0.1
request body: 
{"mac":"","name":"","mi":"","mobile":"","flag":"A7 1m","userid":"","connect_num":"200"}
response time: 9
response status: 200
response body: 
{"status":{"code":1,"msg":"导出失败","sub_code":"export_faild_paramerror","sub_msg":"导出失败，导出参数有误","timestamp":"1499937250927"},"isf":false}
*************** response log end ***************

[2017-07-13 17:14:20.657] [INFO] resLogger - 
*************** response log start ***************
request method: GET
request originalUrl:  /undefined
request client ip:  ::ffff:127.0.0.1
request query:  {}
response time: 23
response status: 404
response body: 
undefined
*************** response log end ***************

[2017-07-13 17:14:27.134] [INFO] resLogger - 
*************** response log start ***************
request method: POST
request originalUrl:  /api/bleconnect/ble_connect_export
request client ip:  ::ffff:127.0.0.1
request body: 
{"mac":"","name":"","mi":"","mobile":"","flag":"A7 1m","userid":""}
response time: 2155
response status: 200
response body: 
{"data":"/files/excel/1499937265332.xlsx","status":{"code":0,"msg":"导出成功","sub_code":"export_success","sub_msg":"查询成功","timestamp":"1499937250927"},"isf":false}
*************** response log end ***************

[2017-07-13 17:14:27.192] [INFO] resLogger - 
*************** response log start ***************
request method: GET
request originalUrl:  //files/excel/1499937265332.xlsx
request client ip:  ::ffff:127.0.0.1
request query:  {}
response time: 16
response status: 200
response body: 
{"_readableState":{"objectMode":false,"highWaterMark":65536,"buffer":{"head":null,"tail":null,"length":0},"length":0,"pipes":null,"pipesCount":0,"flowing":null,"ended":false,"endEmitted":false,"reading":false,"sync":true,"needReadable":false,"emittedReadable":false,"readableListening":false,"resumeScheduled":false,"destroyed":false,"defaultEncoding":"utf8","awaitDrain":0,"readingMore":false,"decoder":null,"encoding":null},"readable":true,"domain":null,"_events":{},"_eventsCount":2,"path":"F:\\koa\\koaproject\\files\\excel\\1499937265332.xlsx","fd":null,"flags":"r","mode":438,"autoClose":true,"bytesRead":0}
*************** response log end ***************

[2017-07-13 17:14:29.532] [INFO] resLogger - 
*************** response log start ***************
request method: POST
request originalUrl:  /api/bleconnect/ble_connect_result_export
request client ip:  ::ffff:127.0.0.1
request body: 
{"mac":"","name":"","mi":"","mobile":"","flag":"A7 1m","userid":"","connect_num":"200"}
response time: 9
response status: 200
response body: 
{"status":{"code":1,"msg":"导出失败","sub_code":"export_faild_paramerror","sub_msg":"导出失败，导出参数有误","timestamp":"1499937250927"},"isf":false}
*************** response log end ***************

[2017-07-13 17:14:29.604] [INFO] resLogger - 
*************** response log start ***************
request method: GET
request originalUrl:  /undefined
request client ip:  ::ffff:127.0.0.1
request query:  {}
response time: 18
response status: 404
response body: 
undefined
*************** response log end ***************

