[2017-07-07 17:01:05.573] [INFO] resLogger - 
*************** response log start ***************
request method: POST
request originalUrl:  /api/baseconfig/set_url
request client ip:  ::ffff:127.0.0.1
request body: 
{"host":"127.1.2.1","port":"3002","userid":"1"}
response time: 18
response status: 200
response body: 
{"status":{"code":-1,"msg":"系统错误","sub_code":"get_faild_syserror","sub_msg":"修改失败，系统错误","timestamp":"1499418055598"},"isf":false}
*************** response log end ***************

[2017-07-07 17:02:00.744] [INFO] resLogger - 
*************** response log start ***************
request method: POST
request originalUrl:  /api/baseconfig/set_url
request client ip:  ::ffff:127.0.0.1
request body: 
{"host":"127.1.2.1","port":"3002","userid":"1"}
response time: 13
response status: 200
response body: 
{"status":{"code":-1,"msg":"系统错误","sub_code":"get_faild_syserror","sub_msg":"修改失败，系统错误","timestamp":"1499418115941"},"isf":false}
*************** response log end ***************

[2017-07-07 17:02:58.969] [INFO] resLogger - 
*************** response log start ***************
request method: POST
request originalUrl:  /api/baseconfig/set_url
request client ip:  ::ffff:127.0.0.1
request body: 
{"host":"127.1.2.3","port":"3003","userid":"1"}
response time: 6
response status: 200
response body: 
{"status":{"code":-1,"msg":"系统错误","sub_code":"get_faild_syserror","sub_msg":"修改失败，系统错误","timestamp":"1499418115941"},"isf":false}
*************** response log end ***************

[2017-07-07 17:07:27.747] [INFO] resLogger - 
*************** response log start ***************
request method: POST
request originalUrl:  /api/baseconfig/set_url
request client ip:  ::ffff:127.0.0.1
request body: 
{"host":"127.1.2.4","port":"3004","userid":"1"}
response time: 12
response status: 200
response body: 
{"status":{"code":-1,"msg":"系统错误","sub_code":"get_faild_syserror","sub_msg":"修改失败，系统错误","timestamp":"1499418430070"},"isf":false}
*************** response log end ***************

[2017-07-07 17:07:47.190] [INFO] resLogger - 
*************** response log start ***************
request method: POST
request originalUrl:  /api/baseconfig/get_url
request client ip:  ::ffff:127.0.0.1
request body: 
{"userid":"1"}
response time: 41
response status: 200
response body: 
{"data":{"_id":"5923fab6a3d4e899b5c7e769","host":"127.1.2.4","port":"3004","userid":"1"},"status":{"code":0,"msg":"获取成功","sub_code":"get_success","sub_msg":"获取成功","timestamp":"1499418430070"},"isf":false}
*************** response log end ***************

[2017-07-07 17:08:20.703] [INFO] resLogger - 
*************** response log start ***************
request method: POST
request originalUrl:  /api/baseconfig/get_url
request client ip:  ::ffff:127.0.0.1
request body: 
{"userid":"1"}
response time: 21
response status: 200
response body: 
{"status":{"code":-1,"msg":"系统错误","sub_code":"get_faild_syserror","sub_msg":"获取失败，系统错误","timestamp":"1499418495544"},"isf":false}
*************** response log end ***************

[2017-07-07 17:08:23.411] [INFO] resLogger - 
*************** response log start ***************
request method: POST
request originalUrl:  /api/baseconfig/get_url
request client ip:  ::ffff:127.0.0.1
request body: 
{"userid":"1"}
response time: 8
response status: 200
response body: 
{"status":{"code":-1,"msg":"系统错误","sub_code":"get_faild_syserror","sub_msg":"获取失败，系统错误","timestamp":"1499418495544"},"isf":false}
*************** response log end ***************

[2017-07-07 17:08:27.101] [INFO] resLogger - 
*************** response log start ***************
request method: POST
request originalUrl:  /api/baseconfig/get_url
request client ip:  ::ffff:127.0.0.1
request body: 
{"userid":"1"}
response time: 5
response status: 200
response body: 
{"status":{"code":-1,"msg":"系统错误","sub_code":"get_faild_syserror","sub_msg":"获取失败，系统错误","timestamp":"1499418495544"},"isf":false}
*************** response log end ***************

[2017-07-07 17:08:30.407] [INFO] resLogger - 
*************** response log start ***************
request method: POST
request originalUrl:  /api/baseconfig/get_url
request client ip:  ::ffff:127.0.0.1
request body: 
{"userid":"1"}
response time: 6
response status: 200
response body: 
{"status":{"code":-1,"msg":"系统错误","sub_code":"get_faild_syserror","sub_msg":"获取失败，系统错误","timestamp":"1499418495544"},"isf":false}
*************** response log end ***************

[2017-07-07 17:08:32.980] [INFO] resLogger - 
*************** response log start ***************
request method: POST
request originalUrl:  /api/baseconfig/get_url
request client ip:  ::ffff:127.0.0.1
request body: 
{"userid":"1"}
response time: 5
response status: 200
response body: 
{"status":{"code":-1,"msg":"系统错误","sub_code":"get_faild_syserror","sub_msg":"获取失败，系统错误","timestamp":"1499418495544"},"isf":false}
*************** response log end ***************

[2017-07-07 17:08:51.997] [INFO] resLogger - 
*************** response log start ***************
request method: POST
request originalUrl:  /api/baseconfig/get_url
request client ip:  ::ffff:127.0.0.1
request body: 
{"userid":"1"}
response time: 41
response status: 200
response body: 
{"data":{"_id":"5923fab6a3d4e899b5c7e769","host":"127.1.2.4","port":"3004","userid":"1"},"status":{"code":0,"msg":"获取成功","sub_code":"get_success","sub_msg":"获取成功","timestamp":"1499418528849"},"isf":false}
*************** response log end ***************

[2017-07-07 17:09:11.608] [INFO] resLogger - 
*************** response log start ***************
request method: POST
request originalUrl:  /api/baseconfig/set_url
request client ip:  ::ffff:127.0.0.1
request body: 
{"host":"127.2.2.4","port":"3204","userid":"1"}
response time: 16
response status: 200
response body: 
{"status":{"code":-1,"msg":"系统错误","sub_code":"get_faild_syserror","sub_msg":"修改失败，系统错误","timestamp":"1499418528849"},"isf":false}
*************** response log end ***************

[2017-07-07 17:12:42.384] [INFO] resLogger - 
*************** response log start ***************
request method: POST
request originalUrl:  /api/baseconfig/set_url
request client ip:  ::ffff:127.0.0.1
request body: 
{"host":"127.1.2.4","port":"3205","userid":"1"}
response time: 16
response status: 200
response body: 
{"status":{"code":-1,"msg":"系统错误","sub_code":"get_faild_syserror","sub_msg":"修改失败，系统错误","timestamp":"1499418735539"},"isf":false}
*************** response log end ***************

[2017-07-07 17:21:32.859] [INFO] resLogger - 
*************** response log start ***************
request method: POST
request originalUrl:  /api/baseconfig/set_url
request client ip:  ::ffff:127.0.0.1
request body: 
{"host":"127.2.2.4","port":"3206","userid":"1"}
response time: 13
response status: 200
response body: 
{"status":{"code":-1,"msg":"系统错误","sub_code":"get_faild_syserror","sub_msg":"修改失败，系统错误","timestamp":"1499419271051"},"isf":false}
*************** response log end ***************

[2017-07-07 17:21:51.531] [INFO] resLogger - 
*************** response log start ***************
request method: POST
request originalUrl:  /api/baseconfig/set_url
request client ip:  ::ffff:127.0.0.1
request body: 
{"host":"127.2.2.4","port":"3206","userid":"1"}
response time: 8
response status: 200
response body: 
{"status":{"code":-1,"msg":"系统错误","sub_code":"get_faild_syserror","sub_msg":"修改失败，系统错误","timestamp":"1499419271051"},"isf":false}
*************** response log end ***************

