[2017-06-22 17:11:45.835] [INFO] resLogger - 
*************** response log start ***************
request method: POST
request originalUrl:  /api/users/registerUser
request client ip:  ::ffff:127.0.0.1
request body: 
{"name":"张三","pwd":"123456"}
response time: 65
response status: 200
response body: 
{"code":0,"message":"success","data":{"id":"594b89d1bbe11a277082fe87","succ":true}}
*************** response log end ***************

[2017-06-22 17:11:51.052] [INFO] resLogger - 
*************** response log start ***************
request method: POST
request originalUrl:  /api/users/registerUser
request client ip:  ::ffff:127.0.0.1
request body: 
{"name":"张三","pwd":"123456"}
response time: 16
response status: 200
response body: 
{"code":0,"message":"success","data":{"id":"594b89d7bbe11a277082fe88","succ":true}}
*************** response log end ***************

