[2017-07-11 11:04:27.253] [INFO] resLogger - 
*************** response log start ***************
request method: POST
request originalUrl:  /api/baseconfig/set_url
request client ip:  ::ffff:127.0.0.1
request body: 
{"host":"127.6.6.4","port":"3366","userid":"1"}
response time: 12
response status: 200
response body: 
{"status":{"code":-1,"msg":"系统错误","sub_code":"get_faild_syserror","sub_msg":"修改失败，系统错误","timestamp":"1499742248115"},"isf":false}
*************** response log end ***************

[2017-07-11 11:24:53.843] [INFO] resLogger - 
*************** response log start ***************
request method: POST
request originalUrl:  /api/baseconfig/set_url
request client ip:  ::ffff:127.0.0.1
request body: 
{"host":"127.7.7.4","port":"3377","userid":"1"}
response time: 23
response status: 200
response body: 
{"status":{"code":-1,"msg":"系统错误","sub_code":"get_faild_syserror","sub_msg":"修改失败，系统错误","timestamp":"1499743484572"},"isf":false}
*************** response log end ***************

[2017-07-11 11:29:02.066] [INFO] resLogger - 
*************** response log start ***************
request method: POST
request originalUrl:  /api/baseconfig/set_url
request client ip:  ::ffff:127.0.0.1
request body: 
{"host":"127.8.8.4","port":"3388","userid":"1"}
response time: 17
response status: 200
response body: 
{"status":{"code":-1,"msg":"系统错误","sub_code":"get_faild_syserror","sub_msg":"修改失败，系统错误","timestamp":"1499743728881"},"isf":false}
*************** response log end ***************

[2017-07-11 11:29:41.868] [INFO] resLogger - 
*************** response log start ***************
request method: POST
request originalUrl:  /api/baseconfig/set_url
request client ip:  ::ffff:127.0.0.1
request body: 
{"host":"127.8.8.4","port":"3388","userid":"1"}
response time: 30
response status: 200
response body: 
{"status":{"code":2,"msg":"无数据","sub_code":"get_faild_nodata","sub_msg":"修改失败，没有数据","timestamp":"1499743774502"},"isf":false}
*************** response log end ***************

