[2017-07-12 17:01:16.177] [INFO] resLogger - 
*************** response log start ***************
request method: POST
request originalUrl:  /api/users/register
request client ip:  ::ffff:127.0.0.1
request body: 
{"username":"3@3.com","password":"6512bd43d9caa6e02c990b0a82652dca"}
response time: 47
response status: 200
response body: 
{"data":"5965e55cf088e333f89653a7","status":{"code":0,"msg":"注册成功","sub_code":"register_success","sub_msg":"注册成功","timestamp":"1499849928581"},"isf":false}
*************** response log end ***************

[2017-07-12 17:02:10.296] [INFO] resLogger - 
*************** response log start ***************
request method: POST
request originalUrl:  /api/users/register
request client ip:  ::ffff:127.0.0.1
request body: 
{"username":"3@3.com","password":"6512bd43d9caa6e02c990b0a82652dca"}
response time: 25
response status: 200
response body: 
{"data":"5965e592f088e333f89653a8","status":{"code":0,"msg":"注册成功","sub_code":"register_success","sub_msg":"注册成功","timestamp":"1499849928581"},"isf":false}
*************** response log end ***************

[2017-07-12 17:03:06.702] [INFO] resLogger - 
*************** response log start ***************
request method: POST
request originalUrl:  /api/ble/ble_get_distance
request client ip:  ::ffff:127.0.0.1
request body: 
{"userid":"5937ac8b34ab5a8460df3a6b"}
response time: 287
response status: 200
response body: 
{"status":{"code":-1,"msg":"系统错误","sub_code":"get_faild_syserror","sub_msg":"获取失败，系统错误","timestamp":"1499849928582"},"isf":false}
*************** response log end ***************

[2017-07-12 17:08:01.916] [INFO] resLogger - 
*************** response log start ***************
request method: POST
request originalUrl:  /api/ble/ble_add_mobile
request client ip:  ::ffff:127.0.0.1
request body: 
{"mobile":"Nexus 55","scan_interval":"5000","scan_window":"5000","connect_interval":"96","connect_window":"48","connect_min_interval":"24","connect_max_interval":"40"}
response time: 48
response status: 200
response body: 
{"status":{"code":1,"msg":"用户已存在","sub_code":"register_faild_notexist","sub_msg":"注册失败，用户名错误或者不存在","timestamp":"1499850459107"},"isf":false}
*************** response log end ***************

[2017-07-12 17:08:05.797] [INFO] resLogger - 
*************** response log start ***************
request method: POST
request originalUrl:  /api/users/register
request client ip:  ::ffff:127.0.0.1
request body: 
{"username":"3@3.com","password":"6512bd43d9caa6e02c990b0a82652dca"}
response time: 51
response status: 200
response body: 
{"data":"5965e6f5ab41da2f2482f4d2","status":{"code":0,"msg":"注册成功","sub_code":"register_success","sub_msg":"注册成功","timestamp":"1499850459107"},"isf":false}
*************** response log end ***************

[2017-07-12 17:09:16.819] [INFO] resLogger - 
*************** response log start ***************
request method: POST
request originalUrl:  /api/users/register
request client ip:  ::ffff:127.0.0.1
request body: 
{"username":"3@3.com","password":"6512bd43d9caa6e02c990b0a82652dca"}
response time: 132
response status: 200
response body: 
{"data":"5965e73cc302272fdcb1b198","status":{"code":0,"msg":"注册成功","sub_code":"register_success","sub_msg":"注册成功","timestamp":"1499850550101"},"isf":false}
*************** response log end ***************

[2017-07-12 17:19:35.653] [INFO] resLogger - 
*************** response log start ***************
request method: POST
request originalUrl:  /api/users/register
request client ip:  ::ffff:127.0.0.1
request body: 
{"username":"3@3.com","password":"6512bd43d9caa6e02c990b0a82652dca"}
response time: 109
response status: 200
response body: 
{"data":"5965e9a75275891300550cc3","status":{"code":0,"msg":"注册成功","sub_code":"register_success","sub_msg":"注册成功","timestamp":"1499851168864"},"isf":false}
*************** response log end ***************

[2017-07-12 17:22:28.758] [INFO] resLogger - 
*************** response log start ***************
request method: POST
request originalUrl:  /api/users/register
request client ip:  ::ffff:127.0.0.1
request body: 
{"username":"3@3.com","password":"6512bd43d9caa6e02c990b0a82652dca"}
response time: 117
response status: 200
response body: 
{"data":"5965ea54cfb51c2990386384","status":{"code":0,"msg":"注册成功","sub_code":"register_success","sub_msg":"注册成功","timestamp":"1499851343603"},"isf":false}
*************** response log end ***************

[2017-07-12 17:33:47.506] [INFO] resLogger - 
*************** response log start ***************
request method: POST
request originalUrl:  /api/users/register
request client ip:  ::ffff:127.0.0.1
request body: 
{"username":"3@3.com","password":"6512bd43d9caa6e02c990b0a82652dca"}
response time: 68
response status: 200
response body: 
{"data":"5965ecfb02a8e728d442ac0f","status":{"code":0,"msg":"注册成功","sub_code":"register_success","sub_msg":"注册成功","timestamp":"1499852020043"},"isf":false}
*************** response log end ***************

[2017-07-12 17:35:11.169] [INFO] resLogger - 
*************** response log start ***************
request method: POST
request originalUrl:  /api/users/register
request client ip:  ::ffff:127.0.0.1
request body: 
{"username":"3@3.com","password":"6512bd43d9caa6e02c990b0a82652dca"}
response time: 68
response status: 200
response body: 
{"data":"5965ed4ffa5bac119cb2fece","status":{"code":0,"msg":"注册成功","sub_code":"register_success","sub_msg":"注册成功","timestamp":"1499852104858"},"isf":false}
*************** response log end ***************

