[2017-08-01 13:15:12.930] [INFO] resLogger - 
*************** response log start ***************
request method: POST
request originalUrl:  /api/users/login
request client ip:  ::ffff:127.0.0.1
request body: 
{"username":"4@3.com","password":"6512bd43d9caa6e02c990b0a82652dca"}
response time: 27
response status: 200
response body: 
{"data":{"succ":true,"data":{"_id":"5971adf9f2132b0724fc21b7","username":"4@3.com","password":"6512bd43d9caa6e02c990b0a82652dca"}},"status":{"code":1010100,"msg":"登录成功","sub_code":"login_success","sub_msg":"登录成功","timestamp":"1501564489570"},"isf":false}
*************** response log end ***************

[2017-08-01 13:16:26.120] [INFO] resLogger - 
*************** response log start ***************
request method: POST
request originalUrl:  /api/users/login
request client ip:  ::ffff:127.0.0.1
request body: 
{"username":"4@3.com","password":"6512bd43d9caa6e02c990b0a82652dca"}
response time: 29
response status: 200
response body: 
{"data":{"succ":true,"data":{"_id":"5971adf9f2132b0724fc21b7","username":"4@3.com","password":"6512bd43d9caa6e02c990b0a82652dca"}},"status":{"code":1010100,"msg":"登录成功","sub_code":"login_success","sub_msg":"登录成功","timestamp":"1501564573912"},"isf":false}
*************** response log end ***************

[2017-08-01 13:17:11.870] [INFO] resLogger - 
*************** response log start ***************
request method: POST
request originalUrl:  /api/users/login
request client ip:  ::ffff:127.0.0.1
request body: 
{"username":"4@3.com","password":"6512bd43d9caa6e02c990b0a82652dca"}
response time: 25
response status: 200
response body: 
{"data":{"succ":true,"data":{"_id":"5971adf9f2132b0724fc21b7","username":"4@3.com","password":"6512bd43d9caa6e02c990b0a82652dca"}},"status":{"code":1010100,"msg":"登录成功","sub_code":"login_success","sub_msg":"登录成功","timestamp":"1501564626316"},"isf":false}
*************** response log end ***************

[2017-08-01 13:19:05.428] [INFO] resLogger - 
*************** response log start ***************
request method: POST
request originalUrl:  /api/users/login
request client ip:  ::ffff:127.0.0.1
request body: 
{"username":"4@3.com","password":"6512bd43d9caa6e02c990b0a82652dca"}
response time: 28
response status: 200
response body: 
{"data":{"succ":true,"data":{"userid":"5971adf9f2132b0724fc21b7","username":"4@3.com","password":"6512bd43d9caa6e02c990b0a82652dca"}},"status":{"code":1010100,"msg":"登录成功","sub_code":"login_success","sub_msg":"登录成功","timestamp":"1501564737371"},"isf":false}
*************** response log end ***************

[2017-08-01 13:29:57.985] [INFO] resLogger - 
*************** response log start ***************
request method: POST
request originalUrl:  /api/users/login
request client ip:  ::ffff:127.0.0.1
request body: 
{"username":"4@3.com","password":"6512bd43d9caa6e02c990b0a82652dca"}
response time: 26
response status: 200
response body: 
{"data":{"userid":"5971adf9f2132b0724fc21b7","username":"4@3.com","password":"6512bd43d9caa6e02c990b0a82652dca"},"status":{"code":1010100,"msg":"登录成功","sub_code":"login_success","sub_msg":"登录成功","timestamp":"1501565388267"},"isf":false}
*************** response log end ***************

[2017-08-01 13:40:13.195] [INFO] resLogger - 
*************** response log start ***************
request method: POST
request originalUrl:  /api/users/login
request client ip:  ::ffff:127.0.0.1
request body: 
{"username":"qqq","password":"6512bd43d9caa6e02c990b0a82652dca"}
response time: 3
response status: 200
response body: 
{"status":{"code":-1,"msg":"系统错误","sub_code":"login_faild_syserror","sub_msg":"登录失败，系统错误","timestamp":"1501565388267"},"isf":false}
*************** response log end ***************

[2017-08-01 13:43:10.018] [INFO] resLogger - 
*************** response log start ***************
request method: POST
request originalUrl:  /api/users/login
request client ip:  ::ffff:127.0.0.1
request body: 
{"username":"qqq","password":"6512bd43d9caa6e02c990b0a82652dca"}
response time: 21
response status: 200
response body: 
{"status":{"code":-1,"msg":"系统错误","sub_code":"login_faild_syserror","sub_msg":"登录失败，系统错误","timestamp":"1501566181982"},"isf":false}
*************** response log end ***************

[2017-08-01 13:50:55.613] [INFO] resLogger - 
*************** response log start ***************
request method: POST
request originalUrl:  /api/users/login
request client ip:  ::ffff:127.0.0.1
request body: 
{"username":"qqq","password":"6512bd43d9caa6e02c990b0a82652dca"}
response time: 24
response status: 200
response body: 
{"status":{"code":1010101,"msg":"密码错误","sub_code":"login_faild_pwderror","sub_msg":"登录失败，密码错误","timestamp":"1501566648904"},"isf":false}
*************** response log end ***************

