[2017-07-26 09:48:19.482] [INFO] resLogger - 
*************** response log start ***************
request method: POST
request originalUrl:  /api/ble/ble_get_distance
request client ip:  ::ffff:127.0.0.1
request body: 
{"userid":"5937ac8b34ab5a8460df3a6b"}
response time: 25
response status: 200
response body: 
{"data":[{"_id":"5955c82a6fd33e2a07c33fdd","distance":5,"userid":"5937ac8b34ab5a8460df3a6b"}],"status":{"code":0,"msg":"查询成功","sub_code":"get_distance_success","sub_msg":"查询成功","timestamp":"1501033687985"},"isf":false}
*************** response log end ***************

[2017-07-26 09:50:59.383] [INFO] resLogger - 
*************** response log start ***************
request method: POST
request originalUrl:  /api/ble/ble_get_distance
request client ip:  ::ffff:127.0.0.1
request body: 
{"userid":"5937ac8b34ab5a8460df3a6b"}
response time: 24
response status: 200
response body: 
{"data":[{"_id":"5955c82a6fd33e2a07c33fdd","distance":5,"userid":"5937ac8b34ab5a8460df3a6b"}],"status":{"code":0,"msg":"查询成功","sub_code":"get_distance_success","sub_msg":"查询成功","timestamp":"1501033850944"},"isf":false}
*************** response log end ***************

[2017-07-26 09:51:24.247] [INFO] resLogger - 
*************** response log start ***************
request method: POST
request originalUrl:  /api/ble/ble_set_distance
request client ip:  ::ffff:127.0.0.1
request body: 
{"distance":"20","userid":"5937ac8b34ab5a8460df3a6b"}
response time: 1
response status: 200
response body: 
{"status":{"code":-1,"msg":"系统错误","sub_code":"distance_set_faild_syserror","sub_msg":"查询失败，系统错误","timestamp":"1501033850944"},"isf":false}
*************** response log end ***************

[2017-07-26 09:52:27.482] [INFO] resLogger - 
*************** response log start ***************
request method: POST
request originalUrl:  /api/ble/ble_set_distance
request client ip:  ::ffff:127.0.0.1
request body: 
{"distance":"20","userid":"5937ac8b34ab5a8460df3a6b"}
response time: 37
response status: 200
response body: 
{"data":"5977f5db5b6e4503160dcb9a","status":{"code":0,"msg":"查询成功","sub_code":"distance_set_success","sub_msg":"查询成功","timestamp":"1501033939941"},"isf":false}
*************** response log end ***************

[2017-07-26 09:54:03.796] [INFO] resLogger - 
*************** response log start ***************
request method: POST
request originalUrl:  /api/ble/ble_set_distance
request client ip:  ::ffff:127.0.0.1
request body: 
{"distance":"20","userid":"5937ac8b34ab5a8460df3a6b"}
response time: 38
response status: 200
response body: 
{"data":"5977f63baa19320318ecc2eb","status":{"code":0,"msg":"查询成功","sub_code":"distance_set_success","sub_msg":"查询成功","timestamp":"1501034035097"},"isf":false}
*************** response log end ***************

