[2017-06-27 09:45:27.088] [INFO] resLogger - 
*************** response log start ***************
request method: POST
request originalUrl:  /api/users/login
request client ip:  ::ffff:127.0.0.1
request body: 
{"username":"1@1.com","password":"6512bd43d9caa6e02c990b0a82652dca"}
response time: 34
response status: 200
response body: 
{"status":{"code":1,"msg":"密码错误","sub_code":"login_faild_pwderror","sub_msg":"登录失败，密码错误","timestamp":"1498527910653"},"isf":false}
*************** response log end ***************

[2017-06-27 09:46:29.334] [INFO] resLogger - 
*************** response log start ***************
request method: POST
request originalUrl:  /api/users/login
request client ip:  ::ffff:127.0.0.1
request body: 
{"username":"1@1.com","password":"6512bd43d9caa6e02c990b0a82652dca"}
response time: 49
response status: 200
response body: 
{"status":{"code":1,"msg":"密码错误","sub_code":"login_faild_pwderror","sub_msg":"登录失败，密码错误","timestamp":"1498527986083"},"isf":false}
*************** response log end ***************

[2017-06-27 09:48:45.492] [INFO] resLogger - 
*************** response log start ***************
request method: POST
request originalUrl:  /api/users/login
request client ip:  ::ffff:127.0.0.1
request body: 
{"username":"1@1.com","password":"6512bd43d9caa6e02c990b0a82652dca"}
response time: 41
response status: 200
response body: 
{"status":{"code":1,"msg":"密码错误","sub_code":"login_faild_pwderror","sub_msg":"登录失败，密码错误","timestamp":"1498528120012"},"isf":false}
*************** response log end ***************

[2017-06-27 09:49:28.579] [INFO] resLogger - 
*************** response log start ***************
request method: POST
request originalUrl:  /api/users/login
request client ip:  ::ffff:127.0.0.1
request body: 
{"username":"1@1.com","password":"6512bd43d9caa6e02c990b0a82652dca"}
response time: 51
response status: 200
response body: 
{"status":{"code":1,"msg":"密码错误","sub_code":"login_faild_pwderror","sub_msg":"登录失败，密码错误","timestamp":"1498528164839"},"isf":false}
*************** response log end ***************

