[2017-06-21 15:00:55.512] [INFO] resLogger - 
*************** response log start ***************
request method: POST
request originalUrl:  /api/users/registerUser
request client ip:  ::ffff:10.0.0.62
request body: 
{"name":"张三","pwd":"111111"}
response time: 52
response status: 200
response body: 
{"code":0,"message":"success"}
*************** response log end ***************

[2017-06-21 15:04:07.782] [INFO] resLogger - 
*************** response log start ***************
request method: POST
request originalUrl:  /api/users/registerUser
request client ip:  ::ffff:10.0.0.62
request body: 
{"name":"张三","pwd":"111111"}
response time: 67
response status: 200
response body: 
{"code":0,"message":"success","data":{"dataid":"594a1a67143bbe16acbb18cf"}}
*************** response log end ***************

[2017-06-21 15:04:39.455] [INFO] resLogger - 
*************** response log start ***************
request method: POST
request originalUrl:  /api/users/registerUser
request client ip:  ::ffff:10.0.0.62
request body: 
{"name":"张三","pwd":"111111"}
response time: 33
response status: 200
response body: 
{"code":0,"message":"success","data":{"dataid":"594a1a87143bbe16acbb18d0"}}
*************** response log end ***************

[2017-06-21 15:04:44.222] [INFO] resLogger - 
*************** response log start ***************
request method: POST
request originalUrl:  /api/users/registerUser
request client ip:  ::ffff:10.0.0.62
request body: 
{"name":"张三","pwd":"111111"}
response time: 8
response status: 200
response body: 
{"code":0,"message":"success","data":{"dataid":"594a1a8c143bbe16acbb18d1"}}
*************** response log end ***************

[2017-06-21 15:04:44.239] [INFO] resLogger - 
*************** response log start ***************
request method: POST
request originalUrl:  /api/users/registerUser
request client ip:  ::ffff:10.0.0.62
request body: 
{"name":"张三","pwd":"111111"}
response time: 10
response status: 200
response body: 
{"code":0,"message":"success","data":{"dataid":"594a1a8c143bbe16acbb18d2"}}
*************** response log end ***************

[2017-06-21 15:04:48.573] [INFO] resLogger - 
*************** response log start ***************
request method: POST
request originalUrl:  /api/users/registerUser
request client ip:  ::ffff:10.0.0.62
request body: 
{"name":"张三","pwd":"111111"}
response time: 9
response status: 200
response body: 
{"code":0,"message":"success","data":{"dataid":"594a1a90143bbe16acbb18d3"}}
*************** response log end ***************

[2017-06-21 15:24:44.495] [INFO] resLogger - 
*************** response log start ***************
request method: POST
request originalUrl:  /api/users/registerUser
request client ip:  ::ffff:10.0.0.62
request body: 
{"name":"张三","pwd":"111111"}
response time: 24
response status: 200
response body: 
{"code":0,"message":"success"}
*************** response log end ***************

[2017-06-21 15:24:55.064] [INFO] resLogger - 
*************** response log start ***************
request method: POST
request originalUrl:  /api/users/registerUser
request client ip:  ::ffff:10.0.0.62
request body: 
{"name":"张三","pwd":"111111"}
response time: 19
response status: 200
response body: 
{"code":0,"message":"success"}
*************** response log end ***************

[2017-06-21 15:28:21.988] [INFO] resLogger - 
*************** response log start ***************
request method: POST
request originalUrl:  /api/users/registerUser
request client ip:  ::ffff:10.0.0.62
request body: 
{"name":"张三","pwd":"111111"}
response time: 35
response status: 200
response body: 
{"code":0,"message":"success"}
*************** response log end ***************

[2017-06-21 15:28:29.067] [INFO] resLogger - 
*************** response log start ***************
request method: POST
request originalUrl:  /api/users/registerUser
request client ip:  ::ffff:10.0.0.62
request body: 
{"name":"张三","pwd":"111111"}
response time: 19
response status: 200
response body: 
{"code":0,"message":"success"}
*************** response log end ***************

[2017-06-21 15:28:38.227] [INFO] resLogger - 
*************** response log start ***************
request method: POST
request originalUrl:  /api/users/registerUser
request client ip:  ::ffff:10.0.0.62
request body: 
{"name":"张三","pwd":"111111"}
response time: 2
response status: 200
response body: 
{"code":0,"message":"success"}
*************** response log end ***************

[2017-06-21 15:48:56.454] [INFO] resLogger - 
*************** response log start ***************
request method: POST
request originalUrl:  /api/users/registerUser
request client ip:  ::ffff:10.0.0.62
request body: 
{"name":"张三","pwd":"111111"}
response time: 1186702
response status: 200
response body: 
{"code":0,"message":"success"}
*************** response log end ***************

[2017-06-21 15:48:56.496] [INFO] resLogger - 
*************** response log start ***************
request method: POST
request originalUrl:  /api/users/registerUser
request client ip:  ::ffff:10.0.0.62
request body: 
{"name":"张三","pwd":"111111"}
response time: 6
response status: 200
response body: 
{"code":0,"message":"success"}
*************** response log end ***************

[2017-06-21 15:48:56.506] [INFO] resLogger - 
*************** response log start ***************
request method: POST
request originalUrl:  /api/users/registerUser
request client ip:  ::ffff:10.0.0.62
request body: 
{"name":"张三","pwd":"111111"}
response time: 5
response status: 200
response body: 
{"code":0,"message":"success"}
*************** response log end ***************

[2017-06-21 15:48:56.517] [INFO] resLogger - 
*************** response log start ***************
request method: POST
request originalUrl:  /api/users/registerUser
request client ip:  ::ffff:10.0.0.62
request body: 
{"name":"张三","pwd":"111111"}
response time: 5
response status: 200
response body: 
{"code":0,"message":"success"}
*************** response log end ***************

[2017-06-21 15:48:56.527] [INFO] resLogger - 
*************** response log start ***************
request method: POST
request originalUrl:  /api/users/registerUser
request client ip:  ::ffff:10.0.0.62
request body: 
{"name":"张三","pwd":"111111"}
response time: 4
response status: 200
response body: 
{"code":0,"message":"success"}
*************** response log end ***************

[2017-06-21 15:49:07.722] [INFO] resLogger - 
*************** response log start ***************
request method: POST
request originalUrl:  /api/users/registerUser
request client ip:  ::ffff:10.0.0.62
request body: 
{"name":"张三","pwd":"111111"}
response time: 65
response status: 200
response body: 
{"code":0,"message":"success"}
*************** response log end ***************

