[2017-06-22 16:31:55.468] [INFO] resLogger - 
*************** response log start ***************
request method: POST
request originalUrl:  /api/users/registerUser
request client ip:  ::ffff:127.0.0.1
request body: 
{"name":"张三","pwd":"123456"}
response time: 1089
response status: 200
response body: 
{"code":0,"message":"success","data":{"id":"594b807b423aeb0ed0778fae","succ":true}}
*************** response log end ***************

[2017-06-22 16:33:38.127] [INFO] resLogger - 
*************** response log start ***************
request method: GET
request originalUrl:  /api/users/getUser
request client ip:  ::ffff:127.0.0.1
request query:  {}
response time: 49
response status: 200
response body: 
{"code":0,"message":"success","data":{"username":"阿，希爸","age":30}}
*************** response log end ***************

[2017-06-22 16:33:46.141] [INFO] resLogger - 
*************** response log start ***************
request method: POST
request originalUrl:  /api/users/registerUser
request client ip:  ::ffff:127.0.0.1
request body: 
{"name":"张三","pwd":"123456"}
response time: 519
response status: 200
response body: 
{"code":0,"message":"success","data":{"id":"594b80ea1aeffe0ba85e1a8c","succ":true}}
*************** response log end ***************

[2017-06-22 16:33:54.244] [INFO] resLogger - 
*************** response log start ***************
request method: POST
request originalUrl:  /api/users/registerUser
request client ip:  ::ffff:127.0.0.1
request body: 
{"name":"张三","pwd":"123456"}
response time: 13
response status: 200
response body: 
{"code":0,"message":"success","data":{"id":"594b80f21aeffe0ba85e1a8d","succ":true}}
*************** response log end ***************

[2017-06-22 16:34:04.306] [INFO] resLogger - 
*************** response log start ***************
request method: GET
request originalUrl:  /api/users/getUser
request client ip:  ::ffff:127.0.0.1
request query:  {}
response time: 18
response status: 200
response body: 
{"code":0,"message":"success","data":{"username":"阿，希爸","age":30}}
*************** response log end ***************

[2017-06-22 16:36:33.742] [INFO] resLogger - 
*************** response log start ***************
request method: GET
request originalUrl:  /api/users/getUser
request client ip:  ::ffff:127.0.0.1
request query:  {}
response time: 19
response status: 200
response body: 
{"code":0,"message":"success","data":{"username":"阿，希爸","age":30}}
*************** response log end ***************

[2017-06-22 16:36:42.121] [INFO] resLogger - 
*************** response log start ***************
request method: POST
request originalUrl:  /api/users/registerUser
request client ip:  ::ffff:127.0.0.1
request body: 
{"name":"张三","pwd":"123456"}
response time: 474
response status: 200
response body: 
{"code":0,"message":"success","data":{"id":"594b819ae3bf890ecc390bd1","succ":true}}
*************** response log end ***************

[2017-06-22 16:36:48.495] [INFO] resLogger - 
*************** response log start ***************
request method: POST
request originalUrl:  /api/users/registerUser
request client ip:  ::ffff:127.0.0.1
request body: 
{"name":"张三","pwd":"123456"}
response time: 42
response status: 200
response body: 
{"code":0,"message":"success","data":{"id":"594b81a0e3bf890ecc390bd2","succ":true}}
*************** response log end ***************

[2017-06-22 16:37:00.294] [INFO] resLogger - 
*************** response log start ***************
request method: POST
request originalUrl:  /api/users/registerUser
request client ip:  ::ffff:127.0.0.1
request body: 
{"name":"张三","pwd":"123456"}
response time: 23
response status: 200
response body: 
{"code":0,"message":"success","data":{"id":"594b81ace3bf890ecc390bd3","succ":true}}
*************** response log end ***************

