[2017-06-29 16:50:59.804] [INFO] resLogger - 
*************** response log start ***************
request method: POST
request originalUrl:  /api/bleconnect/ble_connect_result
request client ip:  ::ffff:127.0.0.1
request body: 
{"mac":"","name":"12345","mi":"","mobile":"","flag":"","userid":""}
response time: 23
response status: 200
response body: 
{"status":{"code":1,"msg":"查询失败","sub_code":"query_faild_paramerror","sub_msg":"查询失败，查询参数有误","timestamp":"1498726242519"},"isf":false}
*************** response log end ***************

[2017-06-29 16:50:59.891] [INFO] resLogger - 
*************** response log start ***************
request method: GET
request originalUrl:  /undefined
request client ip:  ::ffff:127.0.0.1
request query:  {}
response time: 35
response status: 404
response body: 
undefined
*************** response log end ***************

[2017-06-29 16:50:59.941] [INFO] resLogger - 
*************** response log start ***************
request method: GET
request originalUrl:  /favicon.ico
request client ip:  ::ffff:127.0.0.1
request query:  {}
response time: 15
response status: 404
response body: 
undefined
*************** response log end ***************

[2017-06-29 16:51:21.159] [INFO] resLogger - 
*************** response log start ***************
request method: GET
request originalUrl:  /undefined
request client ip:  ::ffff:127.0.0.1
request query:  {}
response time: 12
response status: 404
response body: 
undefined
*************** response log end ***************

[2017-06-29 16:52:49.092] [INFO] resLogger - 
*************** response log start ***************
request method: POST
request originalUrl:  /api/bleconnect/ble_connect_result
request client ip:  ::ffff:127.0.0.1
request body: 
{"mac":"","name":"12345","mi":"","mobile":"","flag":"","userid":""}
response time: 8
response status: 200
response body: 
{"status":{"code":1,"msg":"查询失败","sub_code":"query_faild_paramerror","sub_msg":"查询失败，查询参数有误","timestamp":"1498726363706"},"isf":false}
*************** response log end ***************

[2017-06-29 16:52:49.156] [INFO] resLogger - 
*************** response log start ***************
request method: GET
request originalUrl:  /undefined
request client ip:  ::ffff:127.0.0.1
request query:  {}
response time: 9
response status: 404
response body: 
undefined
*************** response log end ***************

[2017-06-29 16:53:08.251] [INFO] resLogger - 
*************** response log start ***************
request method: POST
request originalUrl:  /api/bleconnect/ble_connect_result
request client ip:  ::ffff:127.0.0.1
request body: 
{"mac":"","name":"12345","mi":"","mobile":"","flag":"","userid":""}
response time: 9
response status: 200
response body: 
{"status":{"code":1,"msg":"查询失败","sub_code":"query_faild_paramerror","sub_msg":"查询失败，查询参数有误","timestamp":"1498726363706"},"isf":false}
*************** response log end ***************

[2017-06-29 16:53:58.892] [INFO] resLogger - 
*************** response log start ***************
request method: POST
request originalUrl:  /api/bleconnect/ble_connect_result
request client ip:  ::ffff:127.0.0.1
request body: 
{"mac":"","name":"12345","mi":"","mobile":"","flag":"","userid":""}
response time: 9
response status: 200
response body: 
{"status":{"code":1,"msg":"查询失败","sub_code":"query_faild_paramerror","sub_msg":"查询失败，查询参数有误","timestamp":"1498726433413"},"isf":false}
*************** response log end ***************

[2017-06-29 16:54:32.595] [INFO] resLogger - 
*************** response log start ***************
request method: POST
request originalUrl:  /api/bleconnect/ble_connect_result
request client ip:  ::ffff:127.0.0.1
request body: 
{"mac":"","name":"","mi":"","mobile":"","flag":"12345","userid":""}
response time: 9
response status: 200
response body: 
{"status":{"code":-1,"msg":"系统错误","sub_code":"query_faild_syserror","sub_msg":"查询失败，系统错误","timestamp":"1498726433413"},"isf":false}
*************** response log end ***************

[2017-06-29 16:55:08.172] [INFO] resLogger - 
*************** response log start ***************
request method: POST
request originalUrl:  /api/bleconnect/ble_connect_result
request client ip:  ::ffff:127.0.0.1
request body: 
{"mac":"","name":"","mi":"","mobile":"","flag":"12345","userid":""}
response time: 23
response status: 200
response body: 
{"status":{"code":-1,"msg":"系统错误","sub_code":"query_faild_syserror","sub_msg":"查询失败，系统错误","timestamp":"1498726501068"},"isf":false}
*************** response log end ***************

[2017-06-29 16:55:22.344] [INFO] resLogger - 
*************** response log start ***************
request method: POST
request originalUrl:  /api/bleconnect/ble_connect_result
request client ip:  ::ffff:127.0.0.1
request body: 
{"mac":"","name":"","mi":"","mobile":"","flag":"12345","userid":""}
response time: 7
response status: 200
response body: 
{"status":{"code":-1,"msg":"系统错误","sub_code":"query_faild_syserror","sub_msg":"查询失败，系统错误","timestamp":"1498726501068"},"isf":false}
*************** response log end ***************

[2017-06-29 16:56:03.786] [INFO] resLogger - 
*************** response log start ***************
request method: POST
request originalUrl:  /api/bleconnect/ble_connect_result
request client ip:  ::ffff:127.0.0.1
request body: 
{"mac":"","name":"","mi":"","mobile":"","flag":"12345","userid":""}
response time: 27
response status: 200
response body: 
{"status":{"code":-1,"msg":"系统错误","sub_code":"query_faild_syserror","sub_msg":"查询失败，系统错误","timestamp":"1498726557268"},"isf":false}
*************** response log end ***************

[2017-06-29 16:57:27.328] [INFO] resLogger - 
*************** response log start ***************
request method: POST
request originalUrl:  /api/bleconnect/ble_connect_result
request client ip:  ::ffff:127.0.0.1
request body: 
{"mac":"","name":"","mi":"","mobile":"","flag":"12345","userid":""}
response time: 11
response status: 200
response body: 
{"status":{"code":-1,"msg":"系统错误","sub_code":"query_faild_syserror","sub_msg":"查询失败，系统错误","timestamp":"1498726639899"},"isf":false}
*************** response log end ***************

[2017-06-29 16:59:33.445] [INFO] resLogger - 
*************** response log start ***************
request method: POST
request originalUrl:  /api/bleconnect/ble_connect_result
request client ip:  ::ffff:127.0.0.1
request body: 
{"mac":"","name":"","mi":"","mobile":"","flag":"12345","userid":""}
response time: 31
response status: 200
response body: 
{"status":{"code":-1,"msg":"系统错误","sub_code":"query_faild_syserror","sub_msg":"查询失败，系统错误","timestamp":"1498726766908"},"isf":false}
*************** response log end ***************

