[2017-06-27 11:00:10.437] [INFO] resLogger - 
*************** response log start ***************
request method: POST
request originalUrl:  /api/users/login
request client ip:  ::ffff:127.0.0.1
request body: 
{"username":"1@1.com","password":"6512bd43d9caa6e02c990b0a82652dca"}
response time: 323
response status: 200
response body: 
{"status":{"code":1,"msg":"密码错误","sub_code":"login_faild_pwderror","sub_msg":"登录失败，密码错误","timestamp":"1498532340619"},"isf":false}
*************** response log end ***************

[2017-06-27 11:00:20.500] [INFO] resLogger - 
*************** response log start ***************
request method: POST
request originalUrl:  /api/users/register
request client ip:  ::ffff:127.0.0.1
request body: 
{"username":"3@3.com","password":"6512bd43d9caa6e02c990b0a82652dca"}
response time: 12
response status: 200
response body: 
{"data":"5951ca444532b721a8861777","status":{"code":0,"msg":"注册成功","sub_code":"register_success","sub_msg":"注册成功","timestamp":"1498532340619"},"isf":false}
*************** response log end ***************

[2017-06-27 11:04:53.907] [INFO] resLogger - 
*************** response log start ***************
request method: POST
request originalUrl:  /api/users/register
request client ip:  ::ffff:127.0.0.1
request body: 
{"username":"3@3.com","password":"6512bd43d9caa6e02c990b0a82652dca"}
response time: 41
response status: 200
response body: 
{"data":"5951cb550af5c30a907e874d","status":{"code":0,"msg":"注册成功","sub_code":"register_success","sub_msg":"注册成功","timestamp":"1498532688442"},"isf":false}
*************** response log end ***************

[2017-06-27 11:06:07.934] [INFO] resLogger - 
*************** response log start ***************
request method: POST
request originalUrl:  /api/users/login
request client ip:  ::ffff:127.0.0.1
request body: 
{"username":"1@1.com","password":"6512bd43d9caa6e02c990b0a82652dca"}
response time: 46
response status: 200
response body: 
{"status":{"code":1,"msg":"密码错误","sub_code":"login_faild_pwderror","sub_msg":"登录失败，密码错误","timestamp":"1498532688442"},"isf":false}
*************** response log end ***************

[2017-06-27 11:06:40.627] [INFO] resLogger - 
*************** response log start ***************
request method: POST
request originalUrl:  /api/users/login
request client ip:  ::ffff:127.0.0.1
request body: 
{"username":"3@3.com","password":"6512bd43d9caa6e02c990b0a82652dca"}
response time: 28
response status: 200
response body: 
{"data":{"succ":true,"data":{"_id":"5951c964a5f2b02d403602b2","username":"3@3.com","password":"6512bd43d9caa6e02c990b0a82652dca","__v":0}},"status":{"code":0,"msg":"登录成功","sub_code":"login_success","sub_msg":"登录成功","timestamp":"1498532688442"},"isf":false}
*************** response log end ***************

[2017-06-27 11:07:11.132] [INFO] resLogger - 
*************** response log start ***************
request method: POST
request originalUrl:  /api/users/login
request client ip:  ::ffff:127.0.0.1
request body: 
{"username":"3@3.com","password":"6512bd43d9caa6e02c990b0a82652dca"}
response time: 53
response status: 200
response body: 
{"data":{"succ":true,"data":{"_id":"5951c964a5f2b02d403602b2","username":"3@3.com","password":"6512bd43d9caa6e02c990b0a82652dca","__v":0}},"status":{"code":0,"msg":"登录成功","sub_code":"login_success","sub_msg":"登录成功","timestamp":"1498532827719"},"isf":false}
*************** response log end ***************

[2017-06-27 11:08:50.017] [INFO] resLogger - 
*************** response log start ***************
request method: POST
request originalUrl:  /api/users/register
request client ip:  ::ffff:127.0.0.1
request body: 
{"username":"3@3.com","password":"6512bd43d9caa6e02c990b0a82652dca"}
response time: 40
response status: 200
response body: 
{"data":"5951cc414ae9ba2b904b309f","status":{"code":0,"msg":"注册成功","sub_code":"register_success","sub_msg":"注册成功","timestamp":"1498532927416"},"isf":false}
*************** response log end ***************

[2017-06-27 11:10:36.899] [INFO] resLogger - 
*************** response log start ***************
request method: POST
request originalUrl:  /api/users/register
request client ip:  ::ffff:127.0.0.1
request body: 
{"username":"3@3.com","password":"6512bd43d9caa6e02c990b0a82652dca"}
response time: 27
response status: 200
response body: 
{"data":"5951ccac4e040c1d242e0afe","status":{"code":0,"msg":"注册成功","sub_code":"register_success","sub_msg":"注册成功","timestamp":"1498533029027"},"isf":false}
*************** response log end ***************

[2017-06-27 11:13:58.749] [INFO] resLogger - 
*************** response log start ***************
request method: POST
request originalUrl:  /api/users/login
request client ip:  ::ffff:127.0.0.1
request body: 
{"username":"3@3.com","password":"6512bd43d9caa6e02c990b0a82652dca"}
response time: 28
response status: 200
response body: 
{"status":{"code":1,"msg":"密码错误","sub_code":"login_faild_pwderror","sub_msg":"登录失败，密码错误","timestamp":"1498533227648"},"isf":false}
*************** response log end ***************

[2017-06-27 11:14:03.036] [INFO] resLogger - 
*************** response log start ***************
request method: POST
request originalUrl:  /api/users/register
request client ip:  ::ffff:127.0.0.1
request body: 
{"username":"3@3.com","password":"6512bd43d9caa6e02c990b0a82652dca"}
response time: 34
response status: 200
response body: 
{"data":"5951cd7b5233e61388ec3d63","status":{"code":0,"msg":"注册成功","sub_code":"register_success","sub_msg":"注册成功","timestamp":"1498533227648"},"isf":false}
*************** response log end ***************

[2017-06-27 11:14:21.151] [INFO] resLogger - 
*************** response log start ***************
request method: POST
request originalUrl:  /api/users/login
request client ip:  ::ffff:127.0.0.1
request body: 
{"username":"3@3.com","password":"6512bd43d9caa6e02c990b0a82652dca"}
response time: 20
response status: 200
response body: 
{"data":{"succ":true,"data":{"_id":"5951cd7b5233e61388ec3d63","username":"3@3.com","password":"6512bd43d9caa6e02c990b0a82652dca","__v":0}},"status":{"code":0,"msg":"登录成功","sub_code":"login_success","sub_msg":"登录成功","timestamp":"1498533227648"},"isf":false}
*************** response log end ***************

[2017-06-27 11:25:11.643] [INFO] resLogger - 
*************** response log start ***************
request method: POST
request originalUrl:  /api/users/register
request client ip:  ::ffff:127.0.0.1
request body: 
{"username":"3@3.com","password":"6512bd43d9caa6e02c990b0a82652dca"}
response time: 10
response status: 200
response body: 
{"status":{"code":-1,"msg":"系统错误","sub_code":"register_faild_syserror","sub_msg":"注册失败，系统错误","timestamp":"1498533901635"},"isf":false}
*************** response log end ***************

[2017-06-27 11:27:08.640] [INFO] resLogger - 
*************** response log start ***************
request method: POST
request originalUrl:  /api/users/register
request client ip:  ::ffff:127.0.0.1
request body: 
{"username":"3@3.com","password":"6512bd43d9caa6e02c990b0a82652dca"}
response time: 14
response status: 200
response body: 
{"status":{"code":-1,"msg":"系统错误","sub_code":"register_faild_syserror","sub_msg":"注册失败，系统错误","timestamp":"1498534026095"},"isf":false}
*************** response log end ***************

[2017-06-27 11:30:41.013] [INFO] resLogger - 
*************** response log start ***************
request method: POST
request originalUrl:  /api/users/register
request client ip:  ::ffff:127.0.0.1
request body: 
{"username":"3@3.com","password":"6512bd43d9caa6e02c990b0a82652dca"}
response time: 66
response status: 200
response body: 
{"data":"5951d160db8e3a1b34d3fb9c","status":{"code":0,"msg":"注册成功","sub_code":"register_success","sub_msg":"注册成功","timestamp":"1498534222924"},"isf":false}
*************** response log end ***************

[2017-06-27 11:31:52.028] [INFO] resLogger - 
*************** response log start ***************
request method: POST
request originalUrl:  /api/users/register
request client ip:  ::ffff:127.0.0.1
request body: 
{"username":"3@3.com","password":"6512bd43d9caa6e02c990b0a82652dca"}
response time: 45
response status: 200
response body: 
{"status":{"code":1,"msg":"用户已存在","sub_code":"register_faild_notexist","sub_msg":"注册失败，用户名错误或者不存在","timestamp":"1498534309049"},"isf":false}
*************** response log end ***************

