[2017-07-07 15:08:35.243] [INFO] resLogger - 
*************** response log start ***************
request method: POST
request originalUrl:  /api/baseconfig/get_url
request client ip:  ::ffff:127.0.0.1
request body: 
{"userid":""}
response time: 7
response status: 200
response body: 
{"status":{"code":3,"msg":"用户名或密码不能为空","sub_code":"login_faild_inputempty","sub_msg":"登录失败，用户名或密码不能为空","timestamp":"1499411293784"},"isf":false}
*************** response log end ***************

[2017-07-07 15:09:28.498] [INFO] resLogger - 
*************** response log start ***************
request method: POST
request originalUrl:  /api/baseconfig/get_url
request client ip:  ::ffff:127.0.0.1
request body: 
{"userid":""}
response time: 5
response status: 200
response body: 
{"isf":false}
*************** response log end ***************

[2017-07-07 15:09:34.580] [INFO] resLogger - 
*************** response log start ***************
request method: POST
request originalUrl:  /api/baseconfig/get_url
request client ip:  ::ffff:127.0.0.1
request body: 
{"userid":""}
response time: 9
response status: 200
response body: 
{"isf":false}
*************** response log end ***************

[2017-07-07 15:12:10.347] [INFO] resLogger - 
*************** response log start ***************
request method: POST
request originalUrl:  /api/baseconfig/get_url
request client ip:  ::ffff:127.0.0.1
request body: 
{"userid":""}
response time: 10
response status: 200
response body: 
{"isf":false}
*************** response log end ***************

[2017-07-07 15:13:30.250] [INFO] resLogger - 
*************** response log start ***************
request method: POST
request originalUrl:  /api/baseconfig/get_url
request client ip:  ::ffff:127.0.0.1
request body: 
{"userid":""}
response time: 22
response status: 200
response body: 
{"status":{"code":1,"msg":"获取失败","sub_code":"get_faild_paramerror","sub_msg":"获取失败，导出参数有误","timestamp":"1499411606388"},"isf":false}
*************** response log end ***************

[2017-07-07 15:14:03.955] [INFO] resLogger - 
*************** response log start ***************
request method: POST
request originalUrl:  /api/baseconfig/get_url
request client ip:  ::ffff:127.0.0.1
request body: 
{"userid":"1"}
response time: 341
response status: 200
response body: 
{"data":{"succ":true,"data":{"_id":"5923fab6a3d4e899b5c7e769","host":"172.16.3.82","port":"8085","userid":"1"}},"status":{"code":0,"msg":"获取成功","sub_code":"get_success","sub_msg":"获取成功","timestamp":"1499411606388"},"isf":false}
*************** response log end ***************

[2017-07-07 15:14:52.892] [INFO] resLogger - 
*************** response log start ***************
request method: POST
request originalUrl:  /api/baseconfig/get_url
request client ip:  ::ffff:127.0.0.1
request body: 
{"userid":"1"}
response time: 39
response status: 200
response body: 
{"data":{"_id":"5923fab6a3d4e899b5c7e769","host":"172.16.3.82","port":"8085","userid":"1"},"status":{"code":0,"msg":"获取成功","sub_code":"get_success","sub_msg":"获取成功","timestamp":"1499411678617"},"isf":false}
*************** response log end ***************

[2017-07-07 15:15:39.439] [INFO] resLogger - 
*************** response log start ***************
request method: POST
request originalUrl:  /api/baseconfig/get_url
request client ip:  ::ffff:127.0.0.1
request body: 
{"userid":"2"}
response time: 24
response status: 200
response body: 
{"status":{"code":-1,"msg":"系统错误","sub_code":"get_faild_syserror","sub_msg":"获取失败，系统错误","timestamp":"1499411678617"},"isf":false}
*************** response log end ***************

[2017-07-07 15:17:37.613] [INFO] resLogger - 
*************** response log start ***************
request method: POST
request originalUrl:  /api/baseconfig/get_url
request client ip:  ::ffff:127.0.0.1
request body: 
{"userid":"2"}
response time: 65
response status: 200
response body: 
{"status":{"code":2,"msg":"无数据","sub_code":"get_faild_nodata","sub_msg":"获取失败，没有数据","timestamp":"1499411852359"},"isf":false}
*************** response log end ***************

