[2017-06-26 17:41:51.695] [INFO] resLogger - 
*************** response log start ***************
request method: POST
request originalUrl:  /api/users/login
request client ip:  ::ffff:127.0.0.1
request body: 
{"name":"张三","pwd":"123456"}
response time: 5
response status: 200
response body: 
{"status":{"code":3,"msg":"用户名或密码不能为空","sub_code":"login_faild_inputempty","sub_msg":"用户名或密码不能为空","timestamp":"1498470096805"},"isf":false}
*************** response log end ***************

[2017-06-26 17:41:58.614] [INFO] resLogger - 
*************** response log start ***************
request method: POST
request originalUrl:  /api/users/login
request client ip:  ::ffff:127.0.0.1
request body: 
{"name":"张三","pwd":"123456"}
response time: 4
response status: 200
response body: 
{"status":{"code":3,"msg":"用户名或密码不能为空","sub_code":"login_faild_inputempty","sub_msg":"用户名或密码不能为空","timestamp":"1498470096805"},"isf":false}
*************** response log end ***************

[2017-06-26 17:42:27.808] [INFO] resLogger - 
*************** response log start ***************
request method: POST
request originalUrl:  /api/users/login
request client ip:  ::ffff:127.0.0.1
request body: 
{"username":"张三","password":"123456"}
response time: 3
response status: 200
response body: 
{"status":{"code":0,"msg":"登录成功","sub_code":"login_success","sub_msg":"登录成功","timestamp":"1498470096805"},"isf":false}
*************** response log end ***************

[2017-06-26 17:43:50.666] [INFO] resLogger - 
*************** response log start ***************
request method: POST
request originalUrl:  /api/users/login
request client ip:  ::ffff:127.0.0.1
request body: 
{"username":"张三","password":"123456"}
response time: 7
response status: 200
response body: 
{"status":{"code":-1,"msg":"系统错误","sub_code":"login_faild_syserror","sub_msg":"登录失败，系统错误","timestamp":"1498470228291"},"isf":false}
*************** response log end ***************

[2017-06-26 17:44:40.525] [INFO] resLogger - 
*************** response log start ***************
request method: POST
request originalUrl:  /api/users/login
request client ip:  ::ffff:127.0.0.1
request body: 
{"username":"张三","password":"123456"}
response time: 9
response status: 200
response body: 
{"status":{"code":-1,"msg":"系统错误","sub_code":"login_faild_syserror","sub_msg":"登录失败，系统错误","timestamp":"1498470276966"},"isf":false}
*************** response log end ***************

[2017-06-26 17:45:15.095] [INFO] resLogger - 
*************** response log start ***************
request method: POST
request originalUrl:  /api/users/login
request client ip:  ::ffff:127.0.0.1
request body: 
{"username":"张三","password":"123456"}
response time: 37
response status: 200
response body: 
{"data":{"succ":true,"data":null},"status":{"code":0,"msg":"登录成功","sub_code":"login_success","sub_msg":"登录成功","timestamp":"1498470310241"},"isf":false}
*************** response log end ***************

[2017-06-26 17:47:47.432] [INFO] resLogger - 
*************** response log start ***************
request method: POST
request originalUrl:  /api/users/login
request client ip:  ::ffff:127.0.0.1
request body: 
{"username":"张三","password":"123456"}
response time: 34
response status: 200
response body: 
{"status":{"code":1,"msg":"密码错误","sub_code":"login_faild_pwderror","sub_msg":"登录失败，密码错误","timestamp":"1498470463491"},"isf":false}
*************** response log end ***************

[2017-06-26 17:49:09.698] [INFO] resLogger - 
*************** response log start ***************
request method: POST
request originalUrl:  /api/users/login
request client ip:  ::ffff:127.0.0.1
request body: 
{"username":"1@1.com","password":"6512bd43d9caa6e02c990b0a82652dca"}
response time: 7
response status: 200
response body: 
{"status":{"code":-1,"msg":"系统错误","sub_code":"login_faild_syserror","sub_msg":"登录失败，系统错误","timestamp":"1498470463491"},"isf":false}
*************** response log end ***************

[2017-06-26 17:50:45.936] [INFO] resLogger - 
*************** response log start ***************
request method: POST
request originalUrl:  /api/users/login
request client ip:  ::ffff:127.0.0.1
request body: 
{"username":"1@1.com","password":"6512bd43d9caa6e02c990b0a82652dca"}
response time: 40
response status: 200
response body: 
{"status":{"code":1,"msg":"密码错误","sub_code":"login_faild_pwderror","sub_msg":"登录失败，密码错误","timestamp":"1498470643471"},"isf":false}
*************** response log end ***************

[2017-06-26 17:51:48.407] [INFO] resLogger - 
*************** response log start ***************
request method: POST
request originalUrl:  /api/users/login
request client ip:  ::ffff:127.0.0.1
request body: 
{"username":"1@1.com","password":"6512bd43d9caa6e02c990b0a82652dca"}
response time: 37
response status: 200
response body: 
{"status":{"code":1,"msg":"密码错误","sub_code":"login_faild_pwderror","sub_msg":"登录失败，密码错误","timestamp":"1498470704595"},"isf":false}
*************** response log end ***************

[2017-06-26 17:53:11.184] [INFO] resLogger - 
*************** response log start ***************
request method: POST
request originalUrl:  /api/users/login
request client ip:  ::ffff:127.0.0.1
request body: 
{"username":"1@1.com","password":"6512bd43d9caa6e02c990b0a82652dca"}
response time: 34
response status: 200
response body: 
{"status":{"code":1,"msg":"密码错误","sub_code":"login_faild_pwderror","sub_msg":"登录失败，密码错误","timestamp":"1498470785078"},"isf":false}
*************** response log end ***************

