[2017-07-04 11:03:25.221] [INFO] resLogger - 
*************** response log start ***************
request method: POST
request originalUrl:  /api/bleconnect/ble_connect_result
request client ip:  ::ffff:127.0.0.1
request body: 
{"mac":"","name":"","mi":"","mobile":"","flag":"12345","userid":""}
response time: 37
response status: 200
response body: 
{"data":[{"_id":"12345","avg_connect":0,"min_connect":null,"max_connect":null,"avg_scan":0,"min_scan":null,"max_scan":null,"avg_rssi":0,"min_rssi":null,"max_rssi":null}],"status":{"code":0,"msg":"查询成功","sub_code":"query_success","sub_msg":"查询成功","timestamp":"1499137399516"},"isf":false}
*************** response log end ***************

[2017-07-04 11:06:13.641] [INFO] resLogger - 
*************** response log start ***************
request method: POST
request originalUrl:  /api/bleconnect/ble_connect_result
request client ip:  ::ffff:127.0.0.1
request body: 
{"mac":"","name":"","mi":"","mobile":"","flag":"12345","userid":""}
response time: 71
response status: 200
response body: 
{"data":[{"_id":"12345","avg_connect":798,"min_connect":529,"max_connect":1067,"avg_scan":735.5,"min_scan":387,"max_scan":1084,"avg_rssi":-68.5,"min_rssi":-69,"max_rssi":-68}],"status":{"code":0,"msg":"查询成功","sub_code":"query_success","sub_msg":"查询成功","timestamp":"1499137568240"},"isf":false}
*************** response log end ***************

[2017-07-04 11:08:44.873] [INFO] resLogger - 
*************** response log start ***************
request method: POST
request originalUrl:  /api/bleconnect/ble_connect_result
request client ip:  ::ffff:127.0.0.1
request body: 
{"mac":"","name":"","mi":"","mobile":"","flag":"12345","userid":""}
response time: 79
response status: 200
response body: 
{"data":[{"_id":"12345","avg_connect":798,"min_connect":529,"max_connect":1067,"avg_scan":735.5,"min_scan":387,"max_scan":1084,"avg_rssi":-68.5,"min_rssi":-69,"max_rssi":-68}],"status":{"code":0,"msg":"查询成功","sub_code":"query_success","sub_msg":"查询成功","timestamp":"1499137721038"},"isf":false}
*************** response log end ***************

[2017-07-04 11:09:49.658] [INFO] resLogger - 
*************** response log start ***************
request method: POST
request originalUrl:  /api/bleconnect/ble_connect_result
request client ip:  ::ffff:127.0.0.1
request body: 
{"mac":"","name":"","mi":"","mobile":"","flag":"12345","userid":""}
response time: 45
response status: 200
response body: 
{"data":[{"_id":"12345","avg_connect":798,"min_connect":529,"max_connect":1067,"avg_scan":735.5,"min_scan":387,"max_scan":1084,"avg_rssi":-68.5,"min_rssi":-69,"max_rssi":-68}],"status":{"code":0,"msg":"查询成功","sub_code":"query_success","sub_msg":"查询成功","timestamp":"1499137779066"},"isf":false}
*************** response log end ***************

[2017-07-04 11:11:17.166] [INFO] resLogger - 
*************** response log start ***************
request method: POST
request originalUrl:  /api/bleconnect/ble_connect_result
request client ip:  ::ffff:127.0.0.1
request body: 
{"mac":"","name":"","mi":"","mobile":"","flag":"12345","userid":""}
response time: 94
response status: 200
response body: 
{"data":[{"_id":"12345","avg_connect":798,"min_connect":529,"max_connect":1067,"avg_scan":735.5,"min_scan":387,"max_scan":1084,"avg_rssi":-68.5,"min_rssi":-69,"max_rssi":-68}],"status":{"code":0,"msg":"查询成功","sub_code":"query_success","sub_msg":"查询成功","timestamp":"1499137873449"},"isf":false}
*************** response log end ***************

[2017-07-04 11:12:13.285] [INFO] resLogger - 
*************** response log start ***************
request method: POST
request originalUrl:  /api/bleconnect/ble_connect_result
request client ip:  ::ffff:127.0.0.1
request body: 
{"mac":"","name":"","mi":"","mobile":"","flag":"12345","userid":""}
response time: 65
response status: 200
response body: 
{"data":[{"_id":"12345","avg_connect":798,"min_connect":529,"max_connect":1067,"avg_scan":735.5,"min_scan":387,"max_scan":1084,"avg_rssi":-68.5,"min_rssi":-69,"max_rssi":-68}],"status":{"code":0,"msg":"查询成功","sub_code":"query_success","sub_msg":"查询成功","timestamp":"1499137929981"},"isf":false}
*************** response log end ***************

[2017-07-04 11:13:56.309] [INFO] resLogger - 
*************** response log start ***************
request method: POST
request originalUrl:  /api/bleconnect/ble_connect_result
request client ip:  ::ffff:127.0.0.1
request body: 
{"mac":"","name":"","mi":"","mobile":"","flag":"12345","userid":""}
response time: 51
response status: 200
response body: 
{"data":[{"_id":"12345","avg_connect":798,"min_connect":529,"max_connect":1067,"avg_scan":735.5,"min_scan":387,"max_scan":1084,"avg_rssi":-68.5,"min_rssi":-69,"max_rssi":-68}],"status":{"code":0,"msg":"查询成功","sub_code":"query_success","sub_msg":"查询成功","timestamp":"1499138032637"},"isf":false}
*************** response log end ***************

[2017-07-04 11:15:12.973] [INFO] resLogger - 
*************** response log start ***************
request method: POST
request originalUrl:  /api/bleconnect/ble_connect_result
request client ip:  ::ffff:127.0.0.1
request body: 
{"mac":"","name":"","mi":"","mobile":"","flag":"12345","userid":""}
response time: 77
response status: 200
response body: 
{"data":[{"_id":"12345","avg_connect":798,"min_connect":529,"max_connect":1067,"avg_scan":735.5,"min_scan":387,"max_scan":1084,"avg_rssi":-68.5,"min_rssi":-69,"max_rssi":-68}],"status":{"code":0,"msg":"查询成功","sub_code":"query_success","sub_msg":"查询成功","timestamp":"1499138108669"},"isf":false}
*************** response log end ***************

[2017-07-04 11:17:13.441] [INFO] resLogger - 
*************** response log start ***************
request method: POST
request originalUrl:  /api/bleconnect/ble_connect_result
request client ip:  ::ffff:127.0.0.1
request body: 
{"mac":"","name":"","mi":"","mobile":"","flag":"12345","userid":""}
response time: 43
response status: 200
response body: 
{"data":[{"_id":"12345","avg_connect":798,"min_connect":529,"max_connect":1067,"avg_scan":735.5,"min_scan":387,"max_scan":1084,"avg_rssi":-68.5,"min_rssi":-69,"max_rssi":-68}],"status":{"code":0,"msg":"查询成功","sub_code":"query_success","sub_msg":"查询成功","timestamp":"1499138229829"},"isf":false}
*************** response log end ***************

