[2017-08-02 17:28:52.831] [INFO] resLogger - 
*************** response log start ***************
request method: POST
request originalUrl:  /api/users/login
request client ip:  ::ffff:127.0.0.1
request body: 
{"username":"5@5.com","password":"6512bd43d9caa6e02c990b0a82652dca"}
response time: 31
response status: 200
response body: 
{"data":{"userid":"59801d06808fdf04507156de","username":"5@5.com","password":"6512bd43d9caa6e02c990b0a82652dca"},"status":{"code":1010100,"msg":"登录成功","sub_code":"login_success","sub_msg":"登录成功","timestamp":"1501666124298"},"isf":false}
*************** response log end ***************

[2017-08-02 17:28:57.986] [INFO] resLogger - 
*************** response log start ***************
request method: POST
request originalUrl:  /api/bleconnect/ble_connect_export
request client ip:  ::ffff:127.0.0.1
request body: 
{"mac":"a4:b4:76:5e:b6:8d","flag":"20170628-8","name":"honor zero-68D","mi":"1.5","mobile":"Nexus 5","userid":"5937ac8b34ab5a8460df3a6b"}
response time: 45
response status: 200
response body: 
{"data":"1501666137962.xlsx","status":{"code":3020200,"msg":"导出成功","sub_code":"connect_export_success","sub_msg":"导出连接测试记录成功","timestamp":"1501666124298"},"isf":false}
*************** response log end ***************

[2017-08-02 17:28:58.021] [INFO] resLogger - 
*************** response log start ***************
request method: GET
request originalUrl:  /1501666137962.xlsx
request client ip:  ::ffff:127.0.0.1
request query:  {}
response time: 9
response status: 200
response body: 
{"_readableState":{"objectMode":false,"highWaterMark":65536,"buffer":{"head":null,"tail":null,"length":0},"length":0,"pipes":null,"pipesCount":0,"flowing":null,"ended":false,"endEmitted":false,"reading":false,"sync":true,"needReadable":false,"emittedReadable":false,"readableListening":false,"resumeScheduled":false,"destroyed":false,"defaultEncoding":"utf8","awaitDrain":0,"readingMore":false,"decoder":null,"encoding":null},"readable":true,"domain":null,"_events":{},"_eventsCount":2,"path":"/Users/terryzou/company/ble/koaproject/files/excel/1501666137962.xlsx","fd":null,"flags":"r","mode":438,"autoClose":true,"bytesRead":0}
*************** response log end ***************

[2017-08-02 17:29:13.685] [INFO] resLogger - 
*************** response log start ***************
request method: POST
request originalUrl:  /api/bleconnect/ble_connect_query
request client ip:  ::ffff:127.0.0.1
request body: 
{"mac":"a4:b4:76:5e:b6:8d","flag":"20170628-8","name":"honor zero-68D","mi":"1.5","mobile":"Nexus 5","userid":"5937ac8b34ab5a8460df3a6b"}
response time: 13
response status: 200
response body: 
{"data":[{"_id":"59562074a5c649080fe72dff","mac":"a4:b4:76:5e:b6:8d","flag":"20170628-8","name":"honor zero-68D","mi":1.5,"time":1498816627466,"mobile":"Nexus 5","LescanTime":531,"RSSI":-75,"isConnect":0,"result":"连接失败！","mark":"","userid":"5937ac8b34ab5a8460df3a6b"},{"_id":"59562081a5c649080fe72e00","mac":"a4:b4:76:5e:b6:8d","flag":"20170628-8","name":"honor zero-68D","mi":1.5,"time":1498816641174,"mobile":"Nexus 5","LescanTime":122,"RSSI":-66,"isConnect":0,"result":"连接失败！","mark":"","userid":"5937ac8b34ab5a8460df3a6b"},{"_id":"59562083a5c649080fe72e01","mac":"a4:b4:76:5e:b6:8d","ConnectionTime":154,"DisconnectTime":12099,"flag":"20170628-8","name":"honor zero-68D","mi":1.5,"time":1498816630950,"mobile":"Nexus 5","LescanTime":30,"RSSI":-66,"isConnect":1,"result":"连接成功！","mark":"Connection handle 71\n","userid":"5937ac8b34ab5a8460df3a6b"},{"_id":"5956208da5c649080fe72e02","mac":"a4:b4:76:5e:b6:8d","ConnectionTime":153,"DisconnectTime":6036,"flag":"20170628-8","name":"honor zero-68D","mi":1.5,"time":1498816646862,"mobile":"Nexus 5","LescanTime":68,"RSSI":-74,"isConnect":1,"result":"连接成功！","mark":"Connection handle 70\n","userid":"5937ac8b34ab5a8460df3a6b"},{"_id":"59562095a5c649080fe72e03","mac":"a4:b4:76:5e:b6:8d","ConnectionTime":158,"DisconnectTime":6039,"flag":"20170628-8","name":"honor zero-68D","mi":1.5,"time":1498816655348,"mobile":"Nexus 5","LescanTime":183,"RSSI":-75,"isConnect":1,"result":"连接成功！","mark":"Connection handle 69\n","userid":"5937ac8b34ab5a8460df3a6b"},{"_id":"5956209ea5c649080fe72e04","mac":"a4:b4:76:5e:b6:8d","ConnectionTime":147,"DisconnectTime":6028,"flag":"20170628-8","name":"honor zero-68D","mi":1.5,"time":1498816663907,"mobile":"Nexus 5","LescanTime":28,"RSSI":-61,"isConnect":1,"result":"连接成功！","mark":"Connection handle 68\n","userid":"5937ac8b34ab5a8460df3a6b"},{"_id":"595620a6a5c649080fe72e05","mac":"a4:b4:76:5e:b6:8d","ConnectionTime":157,"DisconnectTime":6049,"flag":"20170628-8","name":"honor zero-68D","mi":1.5,"time":1498816672314,"mobile":"Nexus 5","LescanTime":30,"RSSI":-74,"isConnect":1,"result":"连接成功！","mark":"Connection handle 71\n","userid":"5937ac8b34ab5a8460df3a6b"},{"_id":"595620afa5c649080fe72e06","mac":"a4:b4:76:5e:b6:8d","ConnectionTime":158,"DisconnectTime":6020,"flag":"20170628-8","name":"honor zero-68D","mi":1.5,"time":1498816680736,"mobile":"Nexus 5","LescanTime":172,"RSSI":-74,"isConnect":1,"result":"连接成功！","mark":"Connection handle 70\n","userid":"5937ac8b34ab5a8460df3a6b"},{"_id":"595620b7a5c649080fe72e07","mac":"a4:b4:76:5e:b6:8d","ConnectionTime":152,"DisconnectTime":6051,"flag":"20170628-8","name":"honor zero-68D","mi":1.5,"time":1498816689292,"mobile":"Nexus 5","LescanTime":30,"RSSI":-61,"isConnect":1,"result":"连接成功！","mark":"Connection handle 69\n","userid":"5937ac8b34ab5a8460df3a6b"},{"_id":"595620c0a5c649080fe72e08","mac":"a4:b4:76:5e:b6:8d","ConnectionTime":161,"DisconnectTime":6014,"flag":"20170628-8","name":"honor zero-68D","mi":1.5,"time":1498816697701,"mobile":"Nexus 5","LescanTime":185,"RSSI":-73,"isConnect":1,"result":"连接成功！","mark":"Connection handle 68\n","userid":"5937ac8b34ab5a8460df3a6b"},{"_id":"595620c8a5c649080fe72e09","mac":"a4:b4:76:5e:b6:8d","ConnectionTime":154,"DisconnectTime":6045,"flag":"20170628-8","name":"honor zero-68D","mi":1.5,"time":1498816706274,"mobile":"Nexus 5","LescanTime":173,"RSSI":-66,"isConnect":1,"result":"连接成功！","mark":"Connection handle 71\n","userid":"5937ac8b34ab5a8460df3a6b"}],"status":{"code":3020100,"msg":"查询成功","sub_code":"connect_query_success","sub_msg":"查询连接测试记录成功","timestamp":"1501666124298"},"isf":false}
*************** response log end ***************

[2017-08-02 17:29:26.073] [INFO] resLogger - 
*************** response log start ***************
request method: POST
request originalUrl:  /api/users/register
request client ip:  ::ffff:127.0.0.1
request body: 
{"username":"1@5.com","password":"6512bd43d9caa6e02c990b0a82652dca"}
response time: 3
response status: 200
response body: 
{"status":{"code":1020101,"msg":"用户名已存在","sub_code":"register_faild_exist","sub_msg":"注册失败，用户名已存在","timestamp":"1501666124298"},"isf":false}
*************** response log end ***************

[2017-08-02 17:29:33.506] [INFO] resLogger - 
*************** response log start ***************
request method: POST
request originalUrl:  /api/bleconnect/ble_connect_result
request client ip:  ::ffff:127.0.0.1
request body: 
{"mac":"","name":"","mi":"","mobile":"","flag":"A7 1m","userid":"","connect_num":"200"}
response time: 1
response status: 200
response body: 
{"status":{"code":3030101,"msg":"参数有误","sub_code":"connect_result_faild_paramerror","sub_msg":"查询连接测试结论失败，查询参数有误","timestamp":"1501666124298"},"isf":false}
*************** response log end ***************

[2017-08-02 17:33:44.880] [INFO] resLogger - 
*************** response log start ***************
request method: POST
request originalUrl:  /api/users/login
request client ip:  ::ffff:127.0.0.1
request body: 
{"username":"5@5.com","password":"6512bd43d9caa6e02c990b0a82652dca"}
response time: 7
response status: 200
response body: 
{"data":{"userid":"59801d06808fdf04507156de","username":"5@5.com","password":"6512bd43d9caa6e02c990b0a82652dca"},"status":{"code":1010100,"msg":"登录成功","sub_code":"login_success","sub_msg":"登录成功","timestamp":"1501666124298"},"isf":false}
*************** response log end ***************

[2017-08-02 17:33:49.607] [INFO] resLogger - 
*************** response log start ***************
request method: POST
request originalUrl:  /api/users/register
request client ip:  ::ffff:127.0.0.1
request body: 
{"username":"1@5.com","password":"6512bd43d9caa6e02c990b0a82652dca"}
response time: 2
response status: 200
response body: 
{"status":{"code":1020101,"msg":"用户名已存在","sub_code":"register_faild_exist","sub_msg":"注册失败，用户名已存在","timestamp":"1501666124298"},"isf":false}
*************** response log end ***************

[2017-08-02 17:33:53.300] [INFO] resLogger - 
*************** response log start ***************
request method: POST
request originalUrl:  /api/bleconnect/ble_connect_query
request client ip:  ::ffff:127.0.0.1
request body: 
{"mac":"a4:b4:76:5e:b6:8d","flag":"20170628-8","name":"honor zero-68D","mi":"1.5","mobile":"Nexus 5","userid":"5937ac8b34ab5a8460df3a6b"}
response time: 10
response status: 200
response body: 
{"data":[{"_id":"59562074a5c649080fe72dff","mac":"a4:b4:76:5e:b6:8d","flag":"20170628-8","name":"honor zero-68D","mi":1.5,"time":1498816627466,"mobile":"Nexus 5","LescanTime":531,"RSSI":-75,"isConnect":0,"result":"连接失败！","mark":"","userid":"5937ac8b34ab5a8460df3a6b"},{"_id":"59562081a5c649080fe72e00","mac":"a4:b4:76:5e:b6:8d","flag":"20170628-8","name":"honor zero-68D","mi":1.5,"time":1498816641174,"mobile":"Nexus 5","LescanTime":122,"RSSI":-66,"isConnect":0,"result":"连接失败！","mark":"","userid":"5937ac8b34ab5a8460df3a6b"},{"_id":"59562083a5c649080fe72e01","mac":"a4:b4:76:5e:b6:8d","ConnectionTime":154,"DisconnectTime":12099,"flag":"20170628-8","name":"honor zero-68D","mi":1.5,"time":1498816630950,"mobile":"Nexus 5","LescanTime":30,"RSSI":-66,"isConnect":1,"result":"连接成功！","mark":"Connection handle 71\n","userid":"5937ac8b34ab5a8460df3a6b"},{"_id":"5956208da5c649080fe72e02","mac":"a4:b4:76:5e:b6:8d","ConnectionTime":153,"DisconnectTime":6036,"flag":"20170628-8","name":"honor zero-68D","mi":1.5,"time":1498816646862,"mobile":"Nexus 5","LescanTime":68,"RSSI":-74,"isConnect":1,"result":"连接成功！","mark":"Connection handle 70\n","userid":"5937ac8b34ab5a8460df3a6b"},{"_id":"59562095a5c649080fe72e03","mac":"a4:b4:76:5e:b6:8d","ConnectionTime":158,"DisconnectTime":6039,"flag":"20170628-8","name":"honor zero-68D","mi":1.5,"time":1498816655348,"mobile":"Nexus 5","LescanTime":183,"RSSI":-75,"isConnect":1,"result":"连接成功！","mark":"Connection handle 69\n","userid":"5937ac8b34ab5a8460df3a6b"},{"_id":"5956209ea5c649080fe72e04","mac":"a4:b4:76:5e:b6:8d","ConnectionTime":147,"DisconnectTime":6028,"flag":"20170628-8","name":"honor zero-68D","mi":1.5,"time":1498816663907,"mobile":"Nexus 5","LescanTime":28,"RSSI":-61,"isConnect":1,"result":"连接成功！","mark":"Connection handle 68\n","userid":"5937ac8b34ab5a8460df3a6b"},{"_id":"595620a6a5c649080fe72e05","mac":"a4:b4:76:5e:b6:8d","ConnectionTime":157,"DisconnectTime":6049,"flag":"20170628-8","name":"honor zero-68D","mi":1.5,"time":1498816672314,"mobile":"Nexus 5","LescanTime":30,"RSSI":-74,"isConnect":1,"result":"连接成功！","mark":"Connection handle 71\n","userid":"5937ac8b34ab5a8460df3a6b"},{"_id":"595620afa5c649080fe72e06","mac":"a4:b4:76:5e:b6:8d","ConnectionTime":158,"DisconnectTime":6020,"flag":"20170628-8","name":"honor zero-68D","mi":1.5,"time":1498816680736,"mobile":"Nexus 5","LescanTime":172,"RSSI":-74,"isConnect":1,"result":"连接成功！","mark":"Connection handle 70\n","userid":"5937ac8b34ab5a8460df3a6b"},{"_id":"595620b7a5c649080fe72e07","mac":"a4:b4:76:5e:b6:8d","ConnectionTime":152,"DisconnectTime":6051,"flag":"20170628-8","name":"honor zero-68D","mi":1.5,"time":1498816689292,"mobile":"Nexus 5","LescanTime":30,"RSSI":-61,"isConnect":1,"result":"连接成功！","mark":"Connection handle 69\n","userid":"5937ac8b34ab5a8460df3a6b"},{"_id":"595620c0a5c649080fe72e08","mac":"a4:b4:76:5e:b6:8d","ConnectionTime":161,"DisconnectTime":6014,"flag":"20170628-8","name":"honor zero-68D","mi":1.5,"time":1498816697701,"mobile":"Nexus 5","LescanTime":185,"RSSI":-73,"isConnect":1,"result":"连接成功！","mark":"Connection handle 68\n","userid":"5937ac8b34ab5a8460df3a6b"},{"_id":"595620c8a5c649080fe72e09","mac":"a4:b4:76:5e:b6:8d","ConnectionTime":154,"DisconnectTime":6045,"flag":"20170628-8","name":"honor zero-68D","mi":1.5,"time":1498816706274,"mobile":"Nexus 5","LescanTime":173,"RSSI":-66,"isConnect":1,"result":"连接成功！","mark":"Connection handle 71\n","userid":"5937ac8b34ab5a8460df3a6b"}],"status":{"code":3020100,"msg":"查询成功","sub_code":"connect_query_success","sub_msg":"查询连接测试记录成功","timestamp":"1501666124298"},"isf":false}
*************** response log end ***************

[2017-08-02 17:33:59.085] [INFO] resLogger - 
*************** response log start ***************
request method: POST
request originalUrl:  /api/bleconnect/ble_connect_export
request client ip:  ::ffff:127.0.0.1
request body: 
{"mac":"a4:b4:76:5e:b6:8d","flag":"20170628-8","name":"honor zero-68D","mi":"1.5","mobile":"Nexus 5","userid":"5937ac8b34ab5a8460df3a6b"}
response time: 22
response status: 200
response body: 
{"data":"1501666439071.xlsx","status":{"code":3020200,"msg":"导出成功","sub_code":"connect_export_success","sub_msg":"导出连接测试记录成功","timestamp":"1501666124298"},"isf":false}
*************** response log end ***************

[2017-08-02 17:33:59.107] [INFO] resLogger - 
*************** response log start ***************
request method: GET
request originalUrl:  /1501666439071.xlsx
request client ip:  ::ffff:127.0.0.1
request query:  {}
response time: 1
response status: 200
response body: 
{"_readableState":{"objectMode":false,"highWaterMark":65536,"buffer":{"head":null,"tail":null,"length":0},"length":0,"pipes":null,"pipesCount":0,"flowing":null,"ended":false,"endEmitted":false,"reading":false,"sync":true,"needReadable":false,"emittedReadable":false,"readableListening":false,"resumeScheduled":false,"destroyed":false,"defaultEncoding":"utf8","awaitDrain":0,"readingMore":false,"decoder":null,"encoding":null},"readable":true,"domain":null,"_events":{},"_eventsCount":2,"path":"/Users/terryzou/company/ble/koaproject/files/excel/1501666439071.xlsx","fd":null,"flags":"r","mode":438,"autoClose":true,"bytesRead":0}
*************** response log end ***************

[2017-08-02 17:34:01.065] [INFO] resLogger - 
*************** response log start ***************
request method: POST
request originalUrl:  /api/bleconnect/ble_connect_result
request client ip:  ::ffff:127.0.0.1
request body: 
{"mac":"a4:b4:76:5e:b6:8d","flag":"20170628-8","name":"honor zero-68D","mi":"1.5","mobile":"Nexus 5","userid":"5937ac8b34ab5a8460df3a6b","connect_num":"200"}
response time: 5
response status: 200
response body: 
{"status":{"code":3030102,"msg":"无数据","sub_code":"connect_result_faild_nodata","sub_msg":"查询连接测试结论失败，没有数据","timestamp":"1501666124298"},"isf":false}
*************** response log end ***************

[2017-08-02 17:34:10.864] [INFO] resLogger - 
*************** response log start ***************
request method: POST
request originalUrl:  /api/bleconnect/ble_connect_result_export
request client ip:  ::ffff:127.0.0.1
request body: 
{"mac":"a4:b4:76:5e:b6:8d","flag":"20170628-8","name":"honor zero-68D","mi":"1.5","mobile":"Nexus 5","userid":"5937ac8b34ab5a8460df3a6b","connect_num":"200"}
response time: 3
response status: 200
response body: 
{"status":{"code":3030202,"msg":"无数据","sub_code":"connect_result_export_faild_nodata","sub_msg":"导出连接测试结论失败，没有数据","timestamp":"1501666124298"},"isf":false}
*************** response log end ***************

[2017-08-02 17:34:10.881] [INFO] resLogger - 
*************** response log start ***************
request method: GET
request originalUrl:  /undefined
request client ip:  ::ffff:127.0.0.1
request query:  {}
response time: 1
response status: 404
response body: 
undefined
*************** response log end ***************

[2017-08-02 17:34:10.910] [INFO] resLogger - 
*************** response log start ***************
request method: GET
request originalUrl:  /favicon.ico
request client ip:  ::ffff:127.0.0.1
request query:  {}
response time: 1
response status: 404
response body: 
undefined
*************** response log end ***************

[2017-08-02 17:34:25.770] [INFO] resLogger - 
*************** response log start ***************
request method: POST
request originalUrl:  /api/blescan/ble_scan_query
request client ip:  ::ffff:127.0.0.1
request body: 
{"mac":"a4:b4:76:5e:b6:8d","flag":"20170628-8","name":"honor zero-68D","mi":"1.5","mobile":"Nexus 5","userid":"5937ac8b34ab5a8460df3a6b"}
response time: 15
response status: 200
response body: 
{"status":{"code":4020102,"msg":"无数据","sub_code":"scan_query_faild_nodata","sub_msg":"查询扫描测试记录失败，没有数据","timestamp":"1501666124298"},"isf":false}
*************** response log end ***************

[2017-08-02 17:34:29.546] [INFO] resLogger - 
*************** response log start ***************
request method: POST
request originalUrl:  /api/blescan/ble_scan_export
request client ip:  ::ffff:127.0.0.1
request body: 
{"mac":"a4:b4:76:5e:b6:8d","flag":"20170628-8","name":"honor zero-68D","mi":"1.5","mobile":"Nexus 5","userid":"5937ac8b34ab5a8460df3a6b"}
response time: 11
response status: 200
response body: 
{"status":{"code":4020202,"msg":"无数据","sub_code":"scan_export_faild_nodata","sub_msg":"导出扫描测试记录失败，没有数据","timestamp":"1501666124298"},"isf":false}
*************** response log end ***************

[2017-08-02 17:34:29.566] [INFO] resLogger - 
*************** response log start ***************
request method: GET
request originalUrl:  /undefined
request client ip:  ::ffff:127.0.0.1
request query:  {}
response time: 1
response status: 404
response body: 
undefined
*************** response log end ***************

[2017-08-02 17:34:35.916] [INFO] resLogger - 
*************** response log start ***************
request method: POST
request originalUrl:  /api/blescan/ble_scan_result
request client ip:  ::ffff:127.0.0.1
request body: 
{"mac":"a4:b4:76:5e:b6:8d","flag":"20170628-8","name":"honor zero-68D","mi":"1.5","mobile":"Nexus 5","userid":"5937ac8b34ab5a8460df3a6b"}
response time: 1
response status: 200
response body: 
{"status":{"code":-1,"msg":"系统错误","sub_code":"scan_result_faild_syserror","sub_msg":"查询扫描测试结论失败，系统错误","timestamp":"1501666124298"},"isf":false}
*************** response log end ***************

[2017-08-02 17:36:26.010] [INFO] resLogger - 
*************** response log start ***************
request method: POST
request originalUrl:  /api/blescan/ble_scan_result
request client ip:  ::ffff:127.0.0.1
request body: 
{"mac":"a4:b4:76:5e:b6:8d","flag":"20170628-8","name":"honor zero-68D","mi":"1.5","mobile":"Nexus 5","userid":"5937ac8b34ab5a8460df3a6b"}
response time: 5
response status: 200
response body: 
{"status":{"code":-1,"msg":"系统错误","sub_code":"scan_result_faild_syserror","sub_msg":"查询扫描测试结论失败，系统错误","timestamp":"1501666579295"},"isf":false}
*************** response log end ***************

[2017-08-02 17:40:29.171] [INFO] resLogger - 
*************** response log start ***************
request method: POST
request originalUrl:  /api/blescan/ble_scan_result
request client ip:  ::ffff:127.0.0.1
request body: 
{"mac":"a4:b4:76:5e:b6:8d","flag":"20170628-8","name":"honor zero-68D","mi":"1.5","mobile":"Nexus 5","userid":"5937ac8b34ab5a8460df3a6b"}
response time: 1
response status: 200
response body: 
{"status":{"code":-1,"msg":"系统错误","sub_code":"scan_result_faild_syserror","sub_msg":"查询扫描测试结论失败，系统错误","timestamp":"1501666579295"},"isf":false}
*************** response log end ***************

[2017-08-02 17:41:18.565] [INFO] resLogger - 
*************** response log start ***************
request method: POST
request originalUrl:  /api/blescan/ble_scan_result
request client ip:  ::ffff:127.0.0.1
request body: 
{"mac":"a4:b4:76:5e:b6:8d","flag":"20170628-8","name":"honor zero-68D","mi":"1.5","mobile":"Nexus 5","userid":"5937ac8b34ab5a8460df3a6b"}
response time: 6
response status: 200
response body: 
{"status":{"code":-1,"msg":"系统错误","sub_code":"scan_result_faild_syserror","sub_msg":"查询扫描测试结论失败，系统错误","timestamp":"1501666872748"},"isf":false}
*************** response log end ***************

[2017-08-02 17:42:02.681] [INFO] resLogger - 
*************** response log start ***************
request method: POST
request originalUrl:  /api/blescan/ble_scan_result
request client ip:  ::ffff:127.0.0.1
request body: 
{"mac":"a4:b4:76:5e:b6:8d","flag":"20170628-8","name":"honor zero-68D","mi":"1.5","mobile":"Nexus 5","userid":"5937ac8b34ab5a8460df3a6b"}
response time: 5
response status: 200
response body: 
{"status":{"code":-1,"msg":"系统错误","sub_code":"scan_result_faild_syserror","sub_msg":"查询扫描测试结论失败，系统错误","timestamp":"1501666917406"},"isf":false}
*************** response log end ***************

[2017-08-02 17:42:26.605] [INFO] resLogger - 
*************** response log start ***************
request method: POST
request originalUrl:  /api/blescan/ble_scan_result
request client ip:  ::ffff:127.0.0.1
request body: 
{"mac":"a4:b4:76:5e:b6:8d","flag":"20170628-8","name":"honor zero-68D","mi":"1.5","mobile":"Nexus 5","userid":"5937ac8b34ab5a8460df3a6b"}
response time: 6
response status: 200
response body: 
{"status":{"code":-1,"msg":"系统错误","sub_code":"scan_result_faild_syserror","sub_msg":"查询扫描测试结论失败，系统错误","timestamp":"1501666943375"},"isf":false}
*************** response log end ***************

[2017-08-02 17:44:03.450] [INFO] resLogger - 
*************** response log start ***************
request method: POST
request originalUrl:  /api/blescan/ble_scan_result
request client ip:  ::ffff:127.0.0.1
request body: 
{"mac":"a4:b4:76:5e:b6:8d","flag":"20170628-8","name":"honor zero-68D","mi":"1.5","mobile":"Nexus 5","userid":"5937ac8b34ab5a8460df3a6b"}
response time: 37
response status: 200
response body: 
{"status":{"code":-1,"msg":"系统错误","sub_code":"scan_result_faild_syserror","sub_msg":"查询扫描测试结论失败，系统错误","timestamp":"1501667037921"},"isf":false}
*************** response log end ***************

[2017-08-02 17:45:35.878] [INFO] resLogger - 
*************** response log start ***************
request method: POST
request originalUrl:  /api/blescan/ble_scan_result
request client ip:  ::ffff:127.0.0.1
request body: 
{"mac":"a4:b4:76:5e:b6:8d","flag":"20170628-8","name":"honor zero-68D","mi":"1.5","mobile":"Nexus 5","userid":"5937ac8b34ab5a8460df3a6b"}
response time: 35
response status: 200
response body: 
{"status":{"code":-1,"msg":"系统错误","sub_code":"scan_result_faild_syserror","sub_msg":"查询扫描测试结论失败，系统错误","timestamp":"1501667130510"},"isf":false}
*************** response log end ***************

[2017-08-02 17:48:43.313] [INFO] resLogger - 
*************** response log start ***************
request method: POST
request originalUrl:  /api/blescan/ble_scan_result
request client ip:  ::ffff:127.0.0.1
request body: 
{"mac":"a4:b4:76:5e:b6:8d","flag":"20170628-8","name":"honor zero-68D","mi":"1.5","mobile":"Nexus 5","userid":"5937ac8b34ab5a8460df3a6b"}
response time: 36
response status: 200
response body: 
{"status":{"code":4030102,"msg":"无数据","sub_code":"scan_result_faild_nodata","sub_msg":"查询扫描测试结论失败，没有数据","timestamp":"1501667318341"},"isf":false}
*************** response log end ***************

[2017-08-02 17:51:21.315] [INFO] resLogger - 
*************** response log start ***************
request method: POST
request originalUrl:  /api/blescan/ble_scan_query
request client ip:  ::ffff:127.0.0.1
request body: 
{"mac":"d0:2c:9b:40:85:fa","flag":"22954","name":"SMI-X3","mi":"1.5","mobile":"Nexus 5","userid":"5937ac8b34ab5a8460df3a6b"}
response time: 28
response status: 200
response body: 
{"data":[{"_id":"5959b6bcf20f7cd013aedd26","mac":"d0:2c:9b:40:85:fa","name":"SMI-X3","RSSI":-55,"time":1499051708488,"flag":"22954","mi":1.5,"datetime":"2017-07-03T03:15:08.488Z","mobile":"Nexus 5","userid":"5937ac8b34ab5a8460df3a6b"},{"_id":"5959b6bcf20f7cd013aedd27","mac":"d0:2c:9b:40:85:fa","name":"SMI-X3","RSSI":-56,"time":1499051708493,"flag":"22954","mi":1.5,"datetime":"2017-07-03T03:15:08.493Z","mobile":"Nexus 5","userid":"5937ac8b34ab5a8460df3a6b"},{"_id":"5959b6bef20f7cd013aedd5c","mac":"d0:2c:9b:40:85:fa","name":"SMI-X3","RSSI":-55,"time":1499051710370,"flag":"22954","mi":1.5,"datetime":"2017-07-03T03:15:10.370Z","mobile":"Nexus 5","userid":"5937ac8b34ab5a8460df3a6b"},{"_id":"5959b6bef20f7cd013aedd5d","mac":"d0:2c:9b:40:85:fa","name":"SMI-X3","RSSI":-53,"time":1499051710374,"flag":"22954","mi":1.5,"datetime":"2017-07-03T03:15:10.374Z","mobile":"Nexus 5","userid":"5937ac8b34ab5a8460df3a6b"},{"_id":"5959b6c2f20f7cd013aede22","mac":"d0:2c:9b:40:85:fa","name":"SMI-X3","RSSI":-57,"time":1499051714125,"flag":"22954","mi":1.5,"datetime":"2017-07-03T03:15:14.125Z","mobile":"Nexus 5","userid":"5937ac8b34ab5a8460df3a6b"},{"_id":"5959b6c2f20f7cd013aede23","mac":"d0:2c:9b:40:85:fa","name":"SMI-X3","RSSI":-62,"time":1499051714130,"flag":"22954","mi":1.5,"datetime":"2017-07-03T03:15:14.130Z","mobile":"Nexus 5","userid":"5937ac8b34ab5a8460df3a6b"},{"_id":"5959b6c4f20f7cd013aedef6","mac":"d0:2c:9b:40:85:fa","name":"SMI-X3","RSSI":-58,"time":1499051716004,"flag":"22954","mi":1.5,"datetime":"2017-07-03T03:15:16.004Z","mobile":"Nexus 5","userid":"5937ac8b34ab5a8460df3a6b"},{"_id":"5959b6c4f20f7cd013aedef7","mac":"d0:2c:9b:40:85:fa","name":"SMI-X3","RSSI":-62,"time":1499051716007,"flag":"22954","mi":1.5,"datetime":"2017-07-03T03:15:16.007Z","mobile":"Nexus 5","userid":"5937ac8b34ab5a8460df3a6b"},{"_id":"5959b6c7f20f7cd013aedf76","mac":"d0:2c:9b:40:85:fa","name":"SMI-X3","RSSI":-55,"time":1499051719759,"flag":"22954","mi":1.5,"datetime":"2017-07-03T03:15:19.759Z","mobile":"Nexus 5","userid":"5937ac8b34ab5a8460df3a6b"},{"_id":"5959b6c7f20f7cd013aedf77","mac":"d0:2c:9b:40:85:fa","name":"SMI-X3","RSSI":-53,"time":1499051719763,"flag":"22954","mi":1.5,"datetime":"2017-07-03T03:15:19.763Z","mobile":"Nexus 5","userid":"5937ac8b34ab5a8460df3a6b"},{"_id":"5959b6c9f20f7cd013aedfad","mac":"d0:2c:9b:40:85:fa","name":"SMI-X3","RSSI":-53,"time":1499051721639,"flag":"22954","mi":1.5,"datetime":"2017-07-03T03:15:21.639Z","mobile":"Nexus 5","userid":"5937ac8b34ab5a8460df3a6b"},{"_id":"5959b6c9f20f7cd013aedfae","mac":"d0:2c:9b:40:85:fa","name":"SMI-X3","RSSI":-53,"time":1499051721643,"flag":"22954","mi":1.5,"datetime":"2017-07-03T03:15:21.643Z","mobile":"Nexus 5","userid":"5937ac8b34ab5a8460df3a6b"},{"_id":"5959b6d1f20f7cd013aee0e7","mac":"d0:2c:9b:40:85:fa","name":"SMI-X3","RSSI":-58,"time":1499051729167,"flag":"22954","mi":1.5,"datetime":"2017-07-03T03:15:29.167Z","mobile":"Nexus 5","userid":"5937ac8b34ab5a8460df3a6b"},{"_id":"5959b6d1f20f7cd013aee0e8","mac":"d0:2c:9b:40:85:fa","name":"SMI-X3","RSSI":-59,"time":1499051729174,"flag":"22954","mi":1.5,"datetime":"2017-07-03T03:15:29.174Z","mobile":"Nexus 5","userid":"5937ac8b34ab5a8460df3a6b"},{"_id":"5959b6d3f20f7cd013aee174","mac":"d0:2c:9b:40:85:fa","name":"SMI-X3","RSSI":-58,"time":1499051731044,"flag":"22954","mi":1.5,"datetime":"2017-07-03T03:15:31.044Z","mobile":"Nexus 5","userid":"5937ac8b34ab5a8460df3a6b"},{"_id":"5959b6d3f20f7cd013aee175","mac":"d0:2c:9b:40:85:fa","name":"SMI-X3","RSSI":-57,"time":1499051731047,"flag":"22954","mi":1.5,"datetime":"2017-07-03T03:15:31.047Z","mobile":"Nexus 5","userid":"5937ac8b34ab5a8460df3a6b"},{"_id":"5959b6d4f20f7cd013aee1b5","mac":"d0:2c:9b:40:85:fa","name":"SMI-X3","RSSI":-52,"time":1499051732920,"flag":"22954","mi":1.5,"datetime":"2017-07-03T03:15:32.920Z","mobile":"Nexus 5","userid":"5937ac8b34ab5a8460df3a6b"},{"_id":"5959b6d4f20f7cd013aee1b6","mac":"d0:2c:9b:40:85:fa","name":"SMI-X3","RSSI":-53,"time":1499051732924,"flag":"22954","mi":1.5,"datetime":"2017-07-03T03:15:32.924Z","mobile":"Nexus 5","userid":"5937ac8b34ab5a8460df3a6b"},{"_id":"5959b6d6f20f7cd013aee208","mac":"d0:2c:9b:40:85:fa","name":"SMI-X3","RSSI":-55,"time":1499051734796,"flag":"22954","mi":1.5,"datetime":"2017-07-03T03:15:34.796Z","mobile":"Nexus 5","userid":"5937ac8b34ab5a8460df3a6b"},{"_id":"5959b6d6f20f7cd013aee209","mac":"d0:2c:9b:40:85:fa","name":"SMI-X3","RSSI":-53,"time":1499051734799,"flag":"22954","mi":1.5,"datetime":"2017-07-03T03:15:34.799Z","mobile":"Nexus 5","userid":"5937ac8b34ab5a8460df3a6b"},{"_id":"5959b6d8f20f7cd013aee25a","mac":"d0:2c:9b:40:85:fa","name":"SMI-X3","RSSI":-52,"time":1499051736678,"flag":"22954","mi":1.5,"datetime":"2017-07-03T03:15:36.678Z","mobile":"Nexus 5","userid":"5937ac8b34ab5a8460df3a6b"},{"_id":"5959b6d8f20f7cd013aee25b","mac":"d0:2c:9b:40:85:fa","name":"SMI-X3","RSSI":-52,"time":1499051736681,"flag":"22954","mi":1.5,"datetime":"2017-07-03T03:15:36.681Z","mobile":"Nexus 5","userid":"5937ac8b34ab5a8460df3a6b"}],"status":{"code":4020100,"msg":"查询成功","sub_code":"scan_query_success","sub_msg":"查询扫描测试记录成功","timestamp":"1501667318341"},"isf":false}
*************** response log end ***************

[2017-08-02 17:51:29.649] [INFO] resLogger - 
*************** response log start ***************
request method: POST
request originalUrl:  /api/blescan/ble_scan_export
request client ip:  ::ffff:127.0.0.1
request body: 
{"mac":"d0:2c:9b:40:85:fa","flag":"22954","name":"SMI-X3","mi":"1.5","mobile":"Nexus 5","userid":"5937ac8b34ab5a8460df3a6b"}
response time: 39
response status: 200
response body: 
{"data":"1501667489623.xlsx","status":{"code":4020200,"msg":"导出成功","sub_code":"scan_export_success","sub_msg":"导出扫描测试记录成功","timestamp":"1501667318341"},"isf":false}
*************** response log end ***************

[2017-08-02 17:51:29.679] [INFO] resLogger - 
*************** response log start ***************
request method: GET
request originalUrl:  /1501667489623.xlsx
request client ip:  ::ffff:127.0.0.1
request query:  {}
response time: 5
response status: 200
response body: 
{"_readableState":{"objectMode":false,"highWaterMark":65536,"buffer":{"head":null,"tail":null,"length":0},"length":0,"pipes":null,"pipesCount":0,"flowing":null,"ended":false,"endEmitted":false,"reading":false,"sync":true,"needReadable":false,"emittedReadable":false,"readableListening":false,"resumeScheduled":false,"destroyed":false,"defaultEncoding":"utf8","awaitDrain":0,"readingMore":false,"decoder":null,"encoding":null},"readable":true,"domain":null,"_events":{},"_eventsCount":2,"path":"/Users/terryzou/company/ble/koaproject/files/excel/1501667489623.xlsx","fd":null,"flags":"r","mode":438,"autoClose":true,"bytesRead":0}
*************** response log end ***************

[2017-08-02 17:51:43.746] [INFO] resLogger - 
*************** response log start ***************
request method: POST
request originalUrl:  /api/blescan/ble_scan_result
request client ip:  ::ffff:127.0.0.1
request body: 
{"mac":"d0:2c:9b:40:85:fa","flag":"22954","name":"SMI-X3","mi":"1.5","mobile":"Nexus 5","userid":"5937ac8b34ab5a8460df3a6b"}
response time: 17
response status: 200
response body: 
{"status":{"code":4030102,"msg":"无数据","sub_code":"scan_result_faild_nodata","sub_msg":"查询扫描测试结论失败，没有数据","timestamp":"1501667318341"},"isf":false}
*************** response log end ***************

[2017-08-02 17:53:39.468] [INFO] resLogger - 
*************** response log start ***************
request method: POST
request originalUrl:  /api/bleconnect/ble_connect_result_export
request client ip:  ::ffff:127.0.0.1
request body: 
{"mac":"a4:b4:76:5e:b6:8d","flag":"20170628-8","name":"honor zero-68D","mi":"1.5","mobile":"Nexus 5","userid":"5937ac8b34ab5a8460df3a6b","connect_num":"200"}
response time: 6
response status: 200
response body: 
{"status":{"code":3030202,"msg":"无数据","sub_code":"connect_result_export_faild_nodata","sub_msg":"导出连接测试结论失败，没有数据","timestamp":"1501667318341"},"isf":false}
*************** response log end ***************

[2017-08-02 17:53:39.485] [INFO] resLogger - 
*************** response log start ***************
request method: GET
request originalUrl:  /undefined
request client ip:  ::ffff:127.0.0.1
request query:  {}
response time: 1
response status: 404
response body: 
undefined
*************** response log end ***************

[2017-08-02 17:54:53.913] [INFO] resLogger - 
*************** response log start ***************
request method: POST
request originalUrl:  /api/blescan/ble_scan_query
request client ip:  ::ffff:127.0.0.1
request body: 
{"mac":"d0:2c:9b:40:85:fa","flag":"22954","name":"SMI-X3","mi":"1.5","mobile":"Nexus 5","userid":"5937ac8b34ab5a8460df3a6b"}
response time: 36
response status: 200
response body: 
{"data":[{"_id":"5959b6bcf20f7cd013aedd26","mac":"d0:2c:9b:40:85:fa","name":"SMI-X3","RSSI":-55,"time":1499051708488,"flag":"22954","mi":1.5,"datetime":"2017-07-03T03:15:08.488Z","mobile":"Nexus 5","userid":"5937ac8b34ab5a8460df3a6b"},{"_id":"5959b6bcf20f7cd013aedd27","mac":"d0:2c:9b:40:85:fa","name":"SMI-X3","RSSI":-56,"time":1499051708493,"flag":"22954","mi":1.5,"datetime":"2017-07-03T03:15:08.493Z","mobile":"Nexus 5","userid":"5937ac8b34ab5a8460df3a6b"},{"_id":"5959b6bef20f7cd013aedd5c","mac":"d0:2c:9b:40:85:fa","name":"SMI-X3","RSSI":-55,"time":1499051710370,"flag":"22954","mi":1.5,"datetime":"2017-07-03T03:15:10.370Z","mobile":"Nexus 5","userid":"5937ac8b34ab5a8460df3a6b"},{"_id":"5959b6bef20f7cd013aedd5d","mac":"d0:2c:9b:40:85:fa","name":"SMI-X3","RSSI":-53,"time":1499051710374,"flag":"22954","mi":1.5,"datetime":"2017-07-03T03:15:10.374Z","mobile":"Nexus 5","userid":"5937ac8b34ab5a8460df3a6b"},{"_id":"5959b6c2f20f7cd013aede22","mac":"d0:2c:9b:40:85:fa","name":"SMI-X3","RSSI":-57,"time":1499051714125,"flag":"22954","mi":1.5,"datetime":"2017-07-03T03:15:14.125Z","mobile":"Nexus 5","userid":"5937ac8b34ab5a8460df3a6b"},{"_id":"5959b6c2f20f7cd013aede23","mac":"d0:2c:9b:40:85:fa","name":"SMI-X3","RSSI":-62,"time":1499051714130,"flag":"22954","mi":1.5,"datetime":"2017-07-03T03:15:14.130Z","mobile":"Nexus 5","userid":"5937ac8b34ab5a8460df3a6b"},{"_id":"5959b6c4f20f7cd013aedef6","mac":"d0:2c:9b:40:85:fa","name":"SMI-X3","RSSI":-58,"time":1499051716004,"flag":"22954","mi":1.5,"datetime":"2017-07-03T03:15:16.004Z","mobile":"Nexus 5","userid":"5937ac8b34ab5a8460df3a6b"},{"_id":"5959b6c4f20f7cd013aedef7","mac":"d0:2c:9b:40:85:fa","name":"SMI-X3","RSSI":-62,"time":1499051716007,"flag":"22954","mi":1.5,"datetime":"2017-07-03T03:15:16.007Z","mobile":"Nexus 5","userid":"5937ac8b34ab5a8460df3a6b"},{"_id":"5959b6c7f20f7cd013aedf76","mac":"d0:2c:9b:40:85:fa","name":"SMI-X3","RSSI":-55,"time":1499051719759,"flag":"22954","mi":1.5,"datetime":"2017-07-03T03:15:19.759Z","mobile":"Nexus 5","userid":"5937ac8b34ab5a8460df3a6b"},{"_id":"5959b6c7f20f7cd013aedf77","mac":"d0:2c:9b:40:85:fa","name":"SMI-X3","RSSI":-53,"time":1499051719763,"flag":"22954","mi":1.5,"datetime":"2017-07-03T03:15:19.763Z","mobile":"Nexus 5","userid":"5937ac8b34ab5a8460df3a6b"},{"_id":"5959b6c9f20f7cd013aedfad","mac":"d0:2c:9b:40:85:fa","name":"SMI-X3","RSSI":-53,"time":1499051721639,"flag":"22954","mi":1.5,"datetime":"2017-07-03T03:15:21.639Z","mobile":"Nexus 5","userid":"5937ac8b34ab5a8460df3a6b"},{"_id":"5959b6c9f20f7cd013aedfae","mac":"d0:2c:9b:40:85:fa","name":"SMI-X3","RSSI":-53,"time":1499051721643,"flag":"22954","mi":1.5,"datetime":"2017-07-03T03:15:21.643Z","mobile":"Nexus 5","userid":"5937ac8b34ab5a8460df3a6b"},{"_id":"5959b6d1f20f7cd013aee0e7","mac":"d0:2c:9b:40:85:fa","name":"SMI-X3","RSSI":-58,"time":1499051729167,"flag":"22954","mi":1.5,"datetime":"2017-07-03T03:15:29.167Z","mobile":"Nexus 5","userid":"5937ac8b34ab5a8460df3a6b"},{"_id":"5959b6d1f20f7cd013aee0e8","mac":"d0:2c:9b:40:85:fa","name":"SMI-X3","RSSI":-59,"time":1499051729174,"flag":"22954","mi":1.5,"datetime":"2017-07-03T03:15:29.174Z","mobile":"Nexus 5","userid":"5937ac8b34ab5a8460df3a6b"},{"_id":"5959b6d3f20f7cd013aee174","mac":"d0:2c:9b:40:85:fa","name":"SMI-X3","RSSI":-58,"time":1499051731044,"flag":"22954","mi":1.5,"datetime":"2017-07-03T03:15:31.044Z","mobile":"Nexus 5","userid":"5937ac8b34ab5a8460df3a6b"},{"_id":"5959b6d3f20f7cd013aee175","mac":"d0:2c:9b:40:85:fa","name":"SMI-X3","RSSI":-57,"time":1499051731047,"flag":"22954","mi":1.5,"datetime":"2017-07-03T03:15:31.047Z","mobile":"Nexus 5","userid":"5937ac8b34ab5a8460df3a6b"},{"_id":"5959b6d4f20f7cd013aee1b5","mac":"d0:2c:9b:40:85:fa","name":"SMI-X3","RSSI":-52,"time":1499051732920,"flag":"22954","mi":1.5,"datetime":"2017-07-03T03:15:32.920Z","mobile":"Nexus 5","userid":"5937ac8b34ab5a8460df3a6b"},{"_id":"5959b6d4f20f7cd013aee1b6","mac":"d0:2c:9b:40:85:fa","name":"SMI-X3","RSSI":-53,"time":1499051732924,"flag":"22954","mi":1.5,"datetime":"2017-07-03T03:15:32.924Z","mobile":"Nexus 5","userid":"5937ac8b34ab5a8460df3a6b"},{"_id":"5959b6d6f20f7cd013aee208","mac":"d0:2c:9b:40:85:fa","name":"SMI-X3","RSSI":-55,"time":1499051734796,"flag":"22954","mi":1.5,"datetime":"2017-07-03T03:15:34.796Z","mobile":"Nexus 5","userid":"5937ac8b34ab5a8460df3a6b"},{"_id":"5959b6d6f20f7cd013aee209","mac":"d0:2c:9b:40:85:fa","name":"SMI-X3","RSSI":-53,"time":1499051734799,"flag":"22954","mi":1.5,"datetime":"2017-07-03T03:15:34.799Z","mobile":"Nexus 5","userid":"5937ac8b34ab5a8460df3a6b"},{"_id":"5959b6d8f20f7cd013aee25a","mac":"d0:2c:9b:40:85:fa","name":"SMI-X3","RSSI":-52,"time":1499051736678,"flag":"22954","mi":1.5,"datetime":"2017-07-03T03:15:36.678Z","mobile":"Nexus 5","userid":"5937ac8b34ab5a8460df3a6b"},{"_id":"5959b6d8f20f7cd013aee25b","mac":"d0:2c:9b:40:85:fa","name":"SMI-X3","RSSI":-52,"time":1499051736681,"flag":"22954","mi":1.5,"datetime":"2017-07-03T03:15:36.681Z","mobile":"Nexus 5","userid":"5937ac8b34ab5a8460df3a6b"}],"status":{"code":4020100,"msg":"查询成功","sub_code":"scan_query_success","sub_msg":"查询扫描测试记录成功","timestamp":"1501667689846"},"isf":false}
*************** response log end ***************

[2017-08-02 17:55:01.769] [INFO] resLogger - 
*************** response log start ***************
request method: POST
request originalUrl:  /api/blescan/ble_scan_export
request client ip:  ::ffff:127.0.0.1
request body: 
{"mac":"d0:2c:9b:40:85:fa","flag":"22954","name":"SMI-X3","mi":"1.5","mobile":"Nexus 5","userid":"5937ac8b34ab5a8460df3a6b"}
response time: 65
response status: 200
response body: 
{"data":"1501667701725.xlsx","status":{"code":4020200,"msg":"导出成功","sub_code":"scan_export_success","sub_msg":"导出扫描测试记录成功","timestamp":"1501667689846"},"isf":false}
*************** response log end ***************

[2017-08-02 17:55:01.804] [INFO] resLogger - 
*************** response log start ***************
request method: GET
request originalUrl:  /1501667701725.xlsx
request client ip:  ::ffff:127.0.0.1
request query:  {}
response time: 12
response status: 200
response body: 
{"_readableState":{"objectMode":false,"highWaterMark":65536,"buffer":{"head":null,"tail":null,"length":0},"length":0,"pipes":null,"pipesCount":0,"flowing":null,"ended":false,"endEmitted":false,"reading":false,"sync":true,"needReadable":false,"emittedReadable":false,"readableListening":false,"resumeScheduled":false,"destroyed":false,"defaultEncoding":"utf8","awaitDrain":0,"readingMore":false,"decoder":null,"encoding":null},"readable":true,"domain":null,"_events":{},"_eventsCount":2,"path":"/Users/terryzou/company/ble/koaproject/files/excel/1501667701725.xlsx","fd":null,"flags":"r","mode":438,"autoClose":true,"bytesRead":0}
*************** response log end ***************

[2017-08-02 17:55:05.445] [INFO] resLogger - 
*************** response log start ***************
request method: POST
request originalUrl:  /api/blescan/ble_scan_result
request client ip:  ::ffff:127.0.0.1
request body: 
{"mac":"d0:2c:9b:40:85:fa","flag":"22954","name":"SMI-X3","mi":"1.5","mobile":"Nexus 5","userid":"5937ac8b34ab5a8460df3a6b"}
response time: 94
response status: 200
response body: 
{"data":[{"name":"SMI-X3","mac":"d0:2c:9b:40:85:fa","flag":"22954","mobile":"Nexus 5","mi":"1.5","count":1364,"avg_rssi":-61.58284457478006,"min_rssi":-94,"max_rssi":-50,"var_time":null}],"status":{"code":4030100,"msg":"查询成功","sub_code":"scan_result_success","sub_msg":"查询扫描测试结论成功","timestamp":"1501667689846"},"isf":false}
*************** response log end ***************

[2017-08-02 17:57:50.661] [INFO] resLogger - 
*************** response log start ***************
request method: POST
request originalUrl:  /api/blescan/ble_scan_result
request client ip:  ::ffff:127.0.0.1
request body: 
{"mac":"d0:2c:9b:40:85:fa","flag":"22954","name":"SMI-X3","mi":"1.5","mobile":"Nexus 5","userid":"5937ac8b34ab5a8460df3a6b"}
response time: 36
response status: 200
response body: 
{"status":{"code":4030102,"msg":"无数据","sub_code":"scan_result_faild_nodata","sub_msg":"查询扫描测试结论失败，没有数据","timestamp":"1501667865509"},"isf":false}
*************** response log end ***************

[2017-08-02 17:58:43.807] [INFO] resLogger - 
*************** response log start ***************
request method: POST
request originalUrl:  /api/blescan/ble_scan_result
request client ip:  ::ffff:127.0.0.1
request body: 
{"mac":"d0:2c:9b:40:85:fa","flag":"22954","name":"SMI-X3","mi":"1.5","mobile":"Nexus 5","userid":"5937ac8b34ab5a8460df3a6b"}
response time: 38
response status: 200
response body: 
{"status":{"code":4030102,"msg":"无数据","sub_code":"scan_result_faild_nodata","sub_msg":"查询扫描测试结论失败，没有数据","timestamp":"1501667917198"},"isf":false}
*************** response log end ***************

[2017-08-02 17:59:59.244] [INFO] resLogger - 
*************** response log start ***************
request method: POST
request originalUrl:  /api/blescan/ble_scan_result
request client ip:  ::ffff:127.0.0.1
request body: 
{"mac":"d0:2c:9b:40:85:fa","flag":"22954","name":"SMI-X3","mi":"1.5","mobile":"Nexus 5","userid":"5937ac8b34ab5a8460df3a6b"}
response time: 37
response status: 200
response body: 
{"status":{"code":4030102,"msg":"无数据","sub_code":"scan_result_faild_nodata","sub_msg":"查询扫描测试结论失败，没有数据","timestamp":"1501667995047"},"isf":false}
*************** response log end ***************

