[2017-07-04 15:01:33.163] [INFO] resLogger - 
*************** response log start ***************
request method: POST
request originalUrl:  /api/bleconnect/ble_connect_result
request client ip:  ::ffff:127.0.0.1
request body: 
{"mac":"","name":"","mi":"","mobile":"","flag":"2011-03","userid":""}
response time: 72
response status: 200
response body: 
{"data":{"var_connect":6920199.68359375,"var_scan":13154869.766927084,"var_rssi":8.456597222222223},"status":{"code":0,"msg":"查询成功","sub_code":"query_success","sub_msg":"查询成功","timestamp":"1499151688515"},"isf":false}
*************** response log end ***************

[2017-07-04 15:02:44.736] [INFO] resLogger - 
*************** response log start ***************
request method: POST
request originalUrl:  /api/bleconnect/ble_connect_result
request client ip:  ::ffff:127.0.0.1
request body: 
{"mac":"","name":"","mi":"","mobile":"","flag":"2011-03","userid":""}
response time: 87
response status: 200
response body: 
{"data":{"var_connect":6920199.68359375,"var_scan":13154869.766927084,"var_rssi":8.456597222222223},"status":{"code":0,"msg":"查询成功","sub_code":"query_success","sub_msg":"查询成功","timestamp":"1499151758922"},"isf":false}
*************** response log end ***************

[2017-07-04 15:03:33.155] [INFO] resLogger - 
*************** response log start ***************
request method: POST
request originalUrl:  /api/bleconnect/ble_connect_result
request client ip:  ::ffff:127.0.0.1
request body: 
{"mac":"","name":"","mi":"","mobile":"","flag":"2011-03","userid":""}
response time: 69
response status: 200
response body: 
{"data":{"avg_connect":2418.9375,"min_connect":249,"max_connect":10965,"avg_scan":2786.9375,"min_scan":269,"max_scan":17433,"avg_rssi":-76.20833333333333,"min_rssi":-83,"max_rssi":-71,"var_connect":6920199.68359375,"var_scan":13154869.766927084,"var_rssi":8.456597222222223},"status":{"code":0,"msg":"查询成功","sub_code":"query_success","sub_msg":"查询成功","timestamp":"1499151809391"},"isf":false}
*************** response log end ***************

[2017-07-04 15:09:13.787] [INFO] resLogger - 
*************** response log start ***************
request method: POST
request originalUrl:  /api/bleconnect/ble_connect_result
request client ip:  ::ffff:127.0.0.1
request body: 
{"mac":"","name":"","mi":"","mobile":"","flag":"2011-03","userid":""}
response time: 66
response status: 200
response body: 
{"status":{"code":-1,"msg":"系统错误","sub_code":"query_faild_syserror","sub_msg":"查询失败，系统错误","timestamp":"1499152148334"},"isf":false}
*************** response log end ***************

[2017-07-04 15:09:44.486] [INFO] resLogger - 
*************** response log start ***************
request method: POST
request originalUrl:  /api/bleconnect/ble_connect_result
request client ip:  ::ffff:127.0.0.1
request body: 
{"mac":"","name":"","mi":"","mobile":"","flag":"2011-03","userid":""}
response time: 60
response status: 200
response body: 
{"status":{"code":-1,"msg":"系统错误","sub_code":"query_faild_syserror","sub_msg":"查询失败，系统错误","timestamp":"1499152180186"},"isf":false}
*************** response log end ***************

[2017-07-04 15:10:18.461] [INFO] resLogger - 
*************** response log start ***************
request method: POST
request originalUrl:  /api/bleconnect/ble_connect_result
request client ip:  ::ffff:127.0.0.1
request body: 
{"mac":"","name":"","mi":"","mobile":"","flag":"2011-03","userid":""}
response time: 92
response status: 200
response body: 
{"data":{"name":"BG5 11070","avg_connect":0,"min_connect":null,"max_connect":null,"avg_scan":0,"min_scan":null,"max_scan":null,"avg_rssi":0,"min_rssi":null,"max_rssi":null},"status":{"code":0,"msg":"查询成功","sub_code":"query_success","sub_msg":"查询成功","timestamp":"1499152214802"},"isf":false}
*************** response log end ***************

