[2017-07-24 15:39:14.138] [INFO] resLogger - 
*************** response log start ***************
request method: POST
request originalUrl:  /api/blescan/ble_scan_export
request client ip:  ::ffff:127.0.0.1
request body: 
{"mac":"","name":"","mi":"","mobile":"","flag":"A7 1m","userid":""}
response time: 174
response status: 200
response body: 
{"data":"/files/excel/1500881954022.xlsx","status":{"code":0,"msg":"导出成功","sub_code":"export_success","sub_msg":"导出成功","timestamp":"1500881938779"},"isf":false}
*************** response log end ***************

[2017-07-24 15:39:14.196] [INFO] resLogger - 
*************** response log start ***************
request method: GET
request originalUrl:  /favicon.ico
request client ip:  ::ffff:127.0.0.1
request query:  {}
response time: 3
response status: 404
response body: 
undefined
*************** response log end ***************

[2017-07-24 15:39:22.287] [INFO] resLogger - 
*************** response log start ***************
request method: POST
request originalUrl:  /api/blescan/ble_scan_result
request client ip:  ::ffff:127.0.0.1
request body: 
{"mac":"","name":"","mi":"","mobile":"","flag":"A7 1m","userid":""}
response time: 70
response status: 200
response body: 
{"data":[{"name":"","mac":"","flag":"A7 1m","model":"","mi":"","avg_rssi":-84.21052631578948,"min_rssi":-99,"max_rssi":-60,"var_scan":null}],"status":{"code":0,"msg":"查询成功","sub_code":"query_success","sub_msg":"查询成功","timestamp":"1500881938779"},"isf":false}
*************** response log end ***************

[2017-07-24 15:51:15.399] [INFO] resLogger - 
*************** response log start ***************
request method: POST
request originalUrl:  /api/blescan/ble_scan_export
request client ip:  ::ffff:127.0.0.1
request body: 
{"mac":"","name":"","mi":"","mobile":"","flag":"A7 1m","userid":""}
response time: 156
response status: 200
response body: 
{"data":"/files/excel/1500882675293.xlsx","status":{"code":0,"msg":"导出成功","sub_code":"export_success","sub_msg":"导出成功","timestamp":"1500882669673"},"isf":false}
*************** response log end ***************

[2017-07-24 15:51:18.338] [INFO] resLogger - 
*************** response log start ***************
request method: POST
request originalUrl:  /api/blescan/ble_scan_result
request client ip:  ::ffff:127.0.0.1
request body: 
{"mac":"","name":"","mi":"","mobile":"","flag":"A7 1m","userid":""}
response time: 48
response status: 200
response body: 
{"data":[{"name":"","mac":"","flag":"A7 1m","model":"","mi":"","count":76,"avg_rssi":-84.21052631578948,"min_rssi":-99,"max_rssi":-60,"var_scan":null}],"status":{"code":0,"msg":"查询成功","sub_code":"query_success","sub_msg":"查询成功","timestamp":"1500882669673"},"isf":false}
*************** response log end ***************

