[2017-08-03 10:29:20.068] [INFO] resLogger - 
*************** response log start ***************
request method: POST
request originalUrl:  /api/bleconnect/ble_connect_query
request client ip:  ::ffff:127.0.0.1
request body: 
{"mac":"00:4d:32:0d:6e:f5","mi":"10","mobile":"Default","flag":"20170802-3","userid":"5937ac8b34ab5a8460df3a6b"}
response time: 0
response status: 200
response body: 
{"status":{"code":3020101,"msg":"参数有误","sub_code":"connect_query_faild_paramerror","sub_msg":"查询连接测试记录失败，查询参数有误","timestamp":"1501722531901"},"isf":false}
*************** response log end ***************

[2017-08-03 10:31:06.053] [INFO] resLogger - 
*************** response log start ***************
request method: POST
request originalUrl:  /api/bleconnect/ble_connect_query
request client ip:  ::ffff:127.0.0.1
request body: 
{"mac":"00:4d:32:0d:6e:f5","mi":"10","mobile":"Default","flag":"20170802-3","userid":"5937ac8b34ab5a8460df3a6b"}
response time: 6
response status: 200
response body: 
{"status":{"code":3020101,"msg":"参数有误","sub_code":"connect_query_faild_paramerror","sub_msg":"查询连接测试记录失败，查询参数有误","timestamp":"1501727459763"},"isf":false}
*************** response log end ***************

