[2017-07-26 10:04:43.649] [INFO] resLogger - 
*************** response log start ***************
request method: POST
request originalUrl:  /api/ble/ble_del_distance
request client ip:  ::ffff:127.0.0.1
request body: 
{"distance":"20","userid":"5937ac8b34ab5a8460df3a6b"}
response time: 26
response status: 200
response body: 
{"status":{"code":1,"msg":"用户已存在","sub_code":"distance_del_faild_exist","sub_msg":"注册失败，用户名已存在","timestamp":"1501034677134"},"isf":false}
*************** response log end ***************

[2017-07-26 10:08:25.408] [INFO] resLogger - 
*************** response log start ***************
request method: POST
request originalUrl:  /api/ble/ble_del_distance
request client ip:  ::ffff:127.0.0.1
request body: 
{"distance":"20","userid":"5937ac8b34ab5a8460df3a6b"}
response time: 25
response status: 200
response body: 
{"status":{"code":-1,"msg":"系统错误","sub_code":"distance_del_faild_syserror","sub_msg":"删除失败，系统错误","timestamp":"1501034899416"},"isf":false}
*************** response log end ***************

[2017-07-26 10:10:27.253] [INFO] resLogger - 
*************** response log start ***************
request method: POST
request originalUrl:  /api/ble/ble_set_distance
request client ip:  ::ffff:127.0.0.1
request body: 
{"distance":"20","userid":"5937ac8b34ab5a8460df3a6b"}
response time: 36
response status: 200
response body: 
{"data":"5977fa135957af033249541a","status":{"code":0,"msg":"查询成功","sub_code":"distance_set_success","sub_msg":"查询成功","timestamp":"1501035022501"},"isf":false}
*************** response log end ***************

[2017-07-26 10:10:36.065] [INFO] resLogger - 
*************** response log start ***************
request method: POST
request originalUrl:  /api/ble/ble_del_distance
request client ip:  ::ffff:127.0.0.1
request body: 
{"distance":"20","userid":"5937ac8b34ab5a8460df3a6b"}
response time: 3
response status: 200
response body: 
{"status":{"code":1,"msg":"数据不存在","sub_code":"distance_del_faild_exist","sub_msg":"删除失败，该数据不存在","timestamp":"1501035022501"},"isf":false}
*************** response log end ***************

[2017-07-26 10:11:16.144] [INFO] resLogger - 
*************** response log start ***************
request method: POST
request originalUrl:  /api/ble/ble_set_distance
request client ip:  ::ffff:127.0.0.1
request body: 
{"distance":"20","userid":"5937ac8b34ab5a8460df3a6b"}
response time: 7
response status: 200
response body: 
{"data":"5977fa445957af033249541b","status":{"code":0,"msg":"查询成功","sub_code":"distance_set_success","sub_msg":"查询成功","timestamp":"1501035022501"},"isf":false}
*************** response log end ***************

[2017-07-26 10:12:32.459] [INFO] resLogger - 
*************** response log start ***************
request method: POST
request originalUrl:  /api/ble/ble_set_distance
request client ip:  ::ffff:127.0.0.1
request body: 
{"distance":"20","userid":"5937ac8b34ab5a8460df3a6b"}
response time: 36
response status: 200
response body: 
{"data":"5977fa908e13c7033403cf91","status":{"code":0,"msg":"查询成功","sub_code":"distance_set_success","sub_msg":"查询成功","timestamp":"1501035147435"},"isf":false}
*************** response log end ***************

[2017-07-26 10:12:37.603] [INFO] resLogger - 
*************** response log start ***************
request method: POST
request originalUrl:  /api/ble/ble_del_distance
request client ip:  ::ffff:127.0.0.1
request body: 
{"distance":"20","userid":"5937ac8b34ab5a8460df3a6b"}
response time: 8
response status: 200
response body: 
{"status":{"code":-1,"msg":"系统错误","sub_code":"distance_del_faild_syserror","sub_msg":"删除失败，系统错误","timestamp":"1501035147435"},"isf":false}
*************** response log end ***************

[2017-07-26 10:16:28.061] [INFO] resLogger - 
*************** response log start ***************
request method: POST
request originalUrl:  /api/ble/ble_set_distance
request client ip:  ::ffff:127.0.0.1
request body: 
{"distance":"20","userid":"5937ac8b34ab5a8460df3a6b"}
response time: 37
response status: 200
response body: 
{"data":"5977fb7ca7d0200337ee65e9","status":{"code":0,"msg":"查询成功","sub_code":"distance_set_success","sub_msg":"查询成功","timestamp":"1501035381980"},"isf":false}
*************** response log end ***************

[2017-07-26 10:16:31.527] [INFO] resLogger - 
*************** response log start ***************
request method: POST
request originalUrl:  /api/ble/ble_del_distance
request client ip:  ::ffff:127.0.0.1
request body: 
{"distance":"20","userid":"5937ac8b34ab5a8460df3a6b"}
response time: 13
response status: 200
response body: 
{"status":{"code":-1,"msg":"系统错误","sub_code":"distance_del_faild_syserror","sub_msg":"删除失败，系统错误","timestamp":"1501035381980"},"isf":false}
*************** response log end ***************

[2017-07-26 10:21:16.656] [INFO] resLogger - 
*************** response log start ***************
request method: POST
request originalUrl:  /api/ble/ble_set_distance
request client ip:  ::ffff:127.0.0.1
request body: 
{"distance":"20","userid":"5937ac8b34ab5a8460df3a6b"}
response time: 39
response status: 200
response body: 
{"data":"5977fc9cdf212f034935fd7f","status":{"code":0,"msg":"查询成功","sub_code":"distance_set_success","sub_msg":"查询成功","timestamp":"1501035664156"},"isf":false}
*************** response log end ***************

[2017-07-26 10:21:18.930] [INFO] resLogger - 
*************** response log start ***************
request method: POST
request originalUrl:  /api/ble/ble_del_distance
request client ip:  ::ffff:127.0.0.1
request body: 
{"distance":"20","userid":"5937ac8b34ab5a8460df3a6b"}
response time: 11
response status: 200
response body: 
{"status":{"code":0,"msg":"删除成功","sub_code":"distance_del_success","sub_msg":"删除成功","timestamp":"1501035664156"},"isf":false}
*************** response log end ***************

[2017-07-26 10:22:24.061] [INFO] resLogger - 
*************** response log start ***************
request method: POST
request originalUrl:  /api/ble/ble_set_distance
request client ip:  ::ffff:127.0.0.1
request body: 
{"distance":"20","userid":"5937ac8b34ab5a8460df3a6b"}
response time: 36
response status: 200
response body: 
{"data":"5977fce09df9f4034b3bc743","status":{"code":0,"msg":"查询成功","sub_code":"distance_set_success","sub_msg":"查询成功","timestamp":"1501035737754"},"isf":false}
*************** response log end ***************

[2017-07-26 10:22:25.525] [INFO] resLogger - 
*************** response log start ***************
request method: POST
request originalUrl:  /api/ble/ble_del_distance
request client ip:  ::ffff:127.0.0.1
request body: 
{"distance":"20","userid":"5937ac8b34ab5a8460df3a6b"}
response time: 7
response status: 200
response body: 
{"status":{"code":0,"msg":"删除成功","sub_code":"distance_del_success","sub_msg":"删除成功","timestamp":"1501035737754"},"isf":false}
*************** response log end ***************

