[2017-06-22 15:21:10.183] [INFO] resLogger - 
*************** response log start ***************
request method: POST
request originalUrl:  /api/users/registerUser
request client ip:  ::ffff:10.0.0.62
request body: 
{"name":"张三","pwd":"111111"}
response time: 38
response status: 200
response body: 
{"code":0,"message":"success","data":{"id":"594b6fe618c3982f04b7d874","succ":true}}
*************** response log end ***************

[2017-06-22 15:21:40.936] [INFO] resLogger - 
*************** response log start ***************
request method: POST
request originalUrl:  /api/users/registerUser
request client ip:  ::ffff:10.0.0.62
request body: 
{"name":"张三","pwd":"123456"}
response time: 13
response status: 200
response body: 
{"code":0,"message":"success","data":{"id":"594b700418c3982f04b7d875","succ":true}}
*************** response log end ***************

[2017-06-22 15:21:43.519] [INFO] resLogger - 
*************** response log start ***************
request method: POST
request originalUrl:  /api/users/registerUser
request client ip:  ::ffff:10.0.0.62
request body: 
{"name":"张三","pwd":"123456"}
response time: 19
response status: 200
response body: 
{"code":0,"message":"success","data":{"id":"594b700718c3982f04b7d876","succ":true}}
*************** response log end ***************

[2017-06-22 15:21:46.272] [INFO] resLogger - 
*************** response log start ***************
request method: POST
request originalUrl:  /api/users/registerUser
request client ip:  ::ffff:10.0.0.62
request body: 
{"name":"张三","pwd":"123456"}
response time: 12
response status: 200
response body: 
{"code":0,"message":"success","data":{"id":"594b700a18c3982f04b7d877","succ":true}}
*************** response log end ***************

[2017-06-22 15:21:49.075] [INFO] resLogger - 
*************** response log start ***************
request method: POST
request originalUrl:  /api/users/registerUser
request client ip:  ::ffff:10.0.0.62
request body: 
{"name":"张三","pwd":"123456"}
response time: 71
response status: 200
response body: 
{"code":0,"message":"success","data":{"id":"594b700d18c3982f04b7d878","succ":true}}
*************** response log end ***************

[2017-06-22 15:21:52.901] [INFO] resLogger - 
*************** response log start ***************
request method: POST
request originalUrl:  /api/users/registerUser
request client ip:  ::ffff:10.0.0.62
request body: 
{"name":"张三","pwd":"123456"}
response time: 10
response status: 200
response body: 
{"code":0,"message":"success","data":{"id":"594b701018c3982f04b7d879","succ":true}}
*************** response log end ***************

[2017-06-22 15:21:57.854] [INFO] resLogger - 
*************** response log start ***************
request method: POST
request originalUrl:  /api/users/registerUser
request client ip:  ::ffff:10.0.0.62
request body: 
{"name":"张三","pwd":"123456"}
response time: 17
response status: 200
response body: 
{"code":0,"message":"success","data":{"id":"594b701518c3982f04b7d87a","succ":true}}
*************** response log end ***************

