[2017-08-02 18:08:32.911] [INFO] resLogger - 
*************** response log start ***************
request method: POST
request originalUrl:  /api/blescan/ble_scan_queryonce
request client ip:  ::ffff:127.0.0.1
request body: 
{"mac":"a4:b4:76:5e:b6:8d","flag":"20170628-8","name":"honor zero-68D","mi":"1.5","mobile":"Nexus 5","userid":"5937ac8b34ab5a8460df3a6b"}
response time: 34
response status: 200
response body: 
{"status":{"code":4040102,"msg":"无数据","sub_code":"scan_query_faild_nodata","sub_msg":"查询新增扫描记录失败，没有数据","timestamp":"1501668503123"},"isf":false}
*************** response log end ***************

[2017-08-02 18:09:07.781] [INFO] resLogger - 
*************** response log start ***************
request method: POST
request originalUrl:  /api/config/get_url
request client ip:  ::ffff:127.0.0.1
request body: 
{"userid":"5937ac8b34ab5a8460df3a6b"}
response time: 7
response status: 200
response body: 
{"status":{"code":5010102,"msg":"无数据","sub_code":"baseconfig_get_url_faild_nodata","sub_msg":"获取url失败，没有数据","timestamp":"1501668503123"},"isf":false}
*************** response log end ***************

[2017-08-02 18:09:12.061] [INFO] resLogger - 
*************** response log start ***************
request method: POST
request originalUrl:  /api/config/set_url
request client ip:  ::ffff:127.0.0.1
request body: 
{"host":"127.8.8.4","port":"3388","userid":"1"}
response time: 9
response status: 200
response body: 
{"status":{"code":5010202,"msg":"修改失败","sub_code":"baseconfig_set_url_faild_paramerror","sub_msg":"修改url失败，没有数据被修改","timestamp":"1501668503123"},"isf":false}
*************** response log end ***************

[2017-08-02 18:09:49.744] [INFO] resLogger - 
*************** response log start ***************
request method: POST
request originalUrl:  /api/config/set_url
request client ip:  ::ffff:127.0.0.1
request body: 
{"host":"127.8.8.4","port":"3388","userid":"1"}
response time: 2
response status: 200
response body: 
{"status":{"code":5010202,"msg":"修改失败","sub_code":"baseconfig_set_url_faild_paramerror","sub_msg":"修改url失败，没有数据被修改","timestamp":"1501668503123"},"isf":false}
*************** response log end ***************

[2017-08-02 18:09:57.400] [INFO] resLogger - 
*************** response log start ***************
request method: POST
request originalUrl:  /api/config/get_url
request client ip:  ::ffff:127.0.0.1
request body: 
{"userid":"1"}
response time: 6
response status: 200
response body: 
{"data":{"_id":"5923fab6a3d4e899b5c7e769","host":"127.8.8.4","port":"3388","userid":"1"},"status":{"code":5010100,"msg":"获取成功","sub_code":"baseconfig_get_url_success","sub_msg":"获取url成功","timestamp":"1501668503123"},"isf":false}
*************** response log end ***************

[2017-08-02 18:12:21.897] [INFO] resLogger - 
*************** response log start ***************
request method: POST
request originalUrl:  /api/config/set_url
request client ip:  ::ffff:127.0.0.1
request body: 
{"host":"127.8.8.4","port":"3388","userid":"1"}
response time: 19
response status: 200
response body: 
{"status":{"code":5010202,"msg":"修改失败","sub_code":"baseconfig_set_url_faild_paramerror","sub_msg":"修改url失败，没有数据被修改","timestamp":"1501668734719"},"isf":false}
*************** response log end ***************

[2017-08-02 18:13:33.044] [INFO] resLogger - 
*************** response log start ***************
request method: POST
request originalUrl:  /api/config/set_url
request client ip:  ::ffff:127.0.0.1
request body: 
{"host":"127.8.8.4","port":"3388","userid":"1"}
response time: 20
response status: 200
response body: 
{"status":{"code":5010202,"msg":"修改失败","sub_code":"baseconfig_set_url_faild_nochange","sub_msg":"修改url失败，没有数据被修改","timestamp":"1501668808403"},"isf":false}
*************** response log end ***************

[2017-08-02 18:13:41.034] [INFO] resLogger - 
*************** response log start ***************
request method: POST
request originalUrl:  /api/config/ble_get_distance
request client ip:  ::ffff:127.0.0.1
request body: 
{"userid":"5937ac8b34ab5a8460df3a6b"}
response time: 11
response status: 200
response body: 
{"status":{"code":5030102,"msg":"无数据","sub_code":"get_distance_faild_nodata","sub_msg":"获取距离数据失败，没有数据","timestamp":"1501668808403"},"isf":false}
*************** response log end ***************

[2017-08-02 18:13:45.002] [INFO] resLogger - 
*************** response log start ***************
request method: POST
request originalUrl:  /api/config/ble_set_distance
request client ip:  ::ffff:127.0.0.1
request body: 
{"distance":"20","userid":"5937ac8b34ab5a8460df3a6b"}
response time: 22
response status: 200
response body: 
{"data":"5981a5d8c9b8ed05810ab294","status":{"code":5030200,"msg":"新增成功","sub_code":"distance_set_success","sub_msg":"新增距离数据成功","timestamp":"1501668808403"},"isf":false}
*************** response log end ***************

[2017-08-02 18:13:52.507] [INFO] resLogger - 
*************** response log start ***************
request method: POST
request originalUrl:  /api/config/ble_set_distance
request client ip:  ::ffff:127.0.0.1
request body: 
{"distance":"20","userid":"5937ac8b34ab5a8460df3a6b"}
response time: 5
response status: 200
response body: 
{"status":{"code":5030201,"msg":"数据已存在","sub_code":"distance_set_faild_exist","sub_msg":"新增距离数据失败，数据已存在","timestamp":"1501668808403"},"isf":false}
*************** response log end ***************

[2017-08-02 18:13:57.153] [INFO] resLogger - 
*************** response log start ***************
request method: POST
request originalUrl:  /api/config/ble_del_distance
request client ip:  ::ffff:127.0.0.1
request body: 
{"distance":"20","userid":"5937ac8b34ab5a8460df3a6b"}
response time: 8
response status: 200
response body: 
{"status":{"code":5030300,"msg":"删除成功","sub_code":"distance_del_success","sub_msg":"删除距离数据成功","timestamp":"1501668808403"},"isf":false}
*************** response log end ***************

[2017-08-02 18:14:01.052] [INFO] resLogger - 
*************** response log start ***************
request method: POST
request originalUrl:  /api/config/ble_set_distance
request client ip:  ::ffff:127.0.0.1
request body: 
{"distance":"20","userid":"5937ac8b34ab5a8460df3a6b"}
response time: 6
response status: 200
response body: 
{"data":"5981a5e9c9b8ed05810ab295","status":{"code":5030200,"msg":"新增成功","sub_code":"distance_set_success","sub_msg":"新增距离数据成功","timestamp":"1501668808403"},"isf":false}
*************** response log end ***************

[2017-08-02 18:14:04.653] [INFO] resLogger - 
*************** response log start ***************
request method: POST
request originalUrl:  /api/ble/ble_add_mobile
request client ip:  ::ffff:127.0.0.1
request body: 
{"mobile":"Nexus 55","scan_interval":"5000","scan_window":"5000","connect_interval":"96","connect_window":"48","connect_min_interval":"24","connect_max_interval":"40"}
response time: 0
response status: 200
response body: 
{"code":0,"message":"success"}
*************** response log end ***************

[2017-08-02 18:14:36.532] [INFO] resLogger - 
*************** response log start ***************
request method: POST
request originalUrl:  /api/config/ble_get_scan
request client ip:  ::ffff:127.0.0.1
request body: 
{}
response time: 5
response status: 200
response body: 
{"data":[{"_id":{"scan_interval":"0","scan_window":"0"}},{"_id":{"scan_interval":"0080","scan_window":"0018"}},{"_id":{"scan_interval":"8000","scan_window":"8000"}},{"_id":{"scan_interval":"0018","scan_window":"0018"}},{"_id":{"scan_interval":"0016","scan_window":"0016"}}],"status":{"code":5040200,"msg":"获取成功","sub_code":"scan_get_success","sub_msg":"获取扫描参数成功","timestamp":"1501668808403"},"isf":false}
*************** response log end ***************

[2017-08-02 18:14:43.384] [INFO] resLogger - 
*************** response log start ***************
request method: POST
request originalUrl:  /api/config/ble_get_scan_mobile
request client ip:  ::ffff:127.0.0.1
request body: 
{"scan_interval":"8000","scan_window":"8000"}
response time: 12
response status: 200
response body: 
{"data":[{"_id":"57b17a4113153759feb1da8f","mobile":"Nexus 5","scan_interval":"8000","scan_window":"8000","connect_interval":"96","connect_window":"48","connect_min_interval":"24","connect_max_interval":"40"},{"_id":"59142728c4c5c082f268b4dc","mobile":"三星 S7edge","scan_interval":"8000","scan_window":"8000","connect_interval":"96","connect_window":"48","connect_min_interval":"24","connect_max_interval":"40"},{"_id":"591427c8c4c5c082f268b4dd","mobile":"三星 S7edge","scan_interval":"8000","scan_window":"8000","connect_interval":"96","connect_window":"48","connect_min_interval":"24","connect_max_interval":"40"},{"_id":"59142803c4c5c082f268b4de","mobile":"三星 S6","scan_interval":"8000","scan_window":"8000","connect_interval":"96","connect_window":"48","connect_min_interval":"24","connect_max_interval":"40"},{"_id":"59142849c4c5c082f268b4df","mobile":"Nexus 6","scan_interval":"8000","scan_window":"8000","connect_interval":"96","connect_window":"48","connect_min_interval":"24","connect_max_interval":"40"},{"_id":"59142856c4c5c082f268b4e0","mobile":"三星 S5","scan_interval":"8000","scan_window":"8000","connect_interval":"96","connect_window":"48","connect_min_interval":"24","connect_max_interval":"40"},{"_id":"5914285cc4c5c082f268b4e1","mobile":"小米 M4","scan_interval":"8000","scan_window":"8000","connect_interval":"96","connect_window":"48","connect_min_interval":"24","connect_max_interval":"40"},{"_id":"5914285cc4c5c082f268b4e2","mobile":"三星 Note3","scan_interval":"8000","scan_window":"8000","connect_interval":"96","connect_window":"48","connect_min_interval":"24","connect_max_interval":"40"},{"_id":"5914285cc4c5c082f268b4e3","mobile":"LG-G3","scan_interval":"8000","scan_window":"8000","connect_interval":"96","connect_window":"48","connect_min_interval":"24","connect_max_interval":"40"},{"_id":"5914285cc4c5c082f268b4e4","mobile":"Nexus 4","scan_interval":"8000","scan_window":"8000","connect_interval":"96","connect_window":"48","connect_min_interval":"24","connect_max_interval":"40"},{"_id":"5914285cc4c5c082f268b4e5","mobile":"Moto X2","scan_interval":"8000","scan_window":"8000","connect_interval":"96","connect_window":"48","connect_min_interval":"24","connect_max_interval":"40"},{"_id":"5914285cc4c5c082f268b4e6","mobile":"HTC-M7","scan_interval":"8000","scan_window":"8000","connect_interval":"96","connect_window":"48","connect_min_interval":"24","connect_max_interval":"40"},{"_id":"5914285cc4c5c082f268b4e7","mobile":"HTC-M8","scan_interval":"8000","scan_window":"8000","connect_interval":"96","connect_window":"48","connect_min_interval":"24","connect_max_interval":"40"},{"_id":"5914285cc4c5c082f268b4e8","mobile":"三星 SM-J7108","scan_interval":"8000","scan_window":"8000","connect_interval":"96","connect_window":"48","connect_min_interval":"24","connect_max_interval":"40"},{"_id":"5914285cc4c5c082f268b4e9","mobile":"三星 SM-J3109","scan_interval":"8000","scan_window":"8000","connect_interval":"96","connect_window":"48","connect_min_interval":"24","connect_max_interval":"40"},{"_id":"5914285cc4c5c082f268b4ea","mobile":"三星 SM-J120F","scan_interval":"8000","scan_window":"8000","connect_interval":"96","connect_window":"48","connect_min_interval":"24","connect_max_interval":"40"},{"_id":"5914285cc4c5c082f268b4eb","mobile":"三星 Note5","scan_interval":"8000","scan_window":"8000","connect_interval":"96","connect_window":"48","connect_min_interval":"24","connect_max_interval":"40"},{"_id":"5914285cc4c5c082f268b4ec","mobile":"华硕 ASUS_Z00ADB","scan_interval":"8000","scan_window":"8000","connect_interval":"96","connect_window":"48","connect_min_interval":"24","connect_max_interval":"40"}],"status":{"code":5040300,"msg":"获取成功","sub_code":"scan_mobile_get_success","sub_msg":"获取扫描手机型号成功","timestamp":"1501668808403"},"isf":false}
*************** response log end ***************

[2017-08-02 18:14:47.551] [INFO] resLogger - 
*************** response log start ***************
request method: POST
request originalUrl:  /api/config/ble_get_connect
request client ip:  ::ffff:127.0.0.1
request body: 
{}
response time: 3
response status: 200
response body: 
{"data":[{"_id":{"connect_interval":"0","connect_window":"0","connect_min_interval":"0","connect_max_interval":"0"}},{"_id":{"connect_interval":"80","connect_window":"18","connect_min_interval":"10","connect_max_interval":"15"}},{"_id":{"connect_interval":"96","connect_window":"48","connect_min_interval":"24","connect_max_interval":"40"}},{"_id":{"connect_interval":"96","connect_window":"48","connect_min_interval":"06","connect_max_interval":"06"}},{"_id":{"connect_interval":"05","connect_window":"05","connect_min_interval":"15","connect_max_interval":"15"}}],"status":{"code":5040400,"msg":"获取成功","sub_code":"connect_get_success","sub_msg":"获取连接参数成功","timestamp":"1501668808403"},"isf":false}
*************** response log end ***************

[2017-08-02 18:14:51.195] [INFO] resLogger - 
*************** response log start ***************
request method: POST
request originalUrl:  /api/config/ble_get_connect_mobile
request client ip:  ::ffff:127.0.0.1
request body: 
{"connect_interval":"96","connect_window":"48","connect_min_interval":"06","connect_max_interval":"06"}
response time: 3
response status: 200
response body: 
{"data":[{"_id":"57b17a4113153759feb1da8e","mobile":"LG_D325","scan_interval":"0018","scan_window":"0018","connect_interval":"96","connect_window":"48","connect_min_interval":"06","connect_max_interval":"06"}],"status":{"code":5040500,"msg":"获取成功","sub_code":"connect_mobile_get_success","sub_msg":"获取连接手机型号成功","timestamp":"1501668808403"},"isf":false}
*************** response log end ***************

[2017-08-02 18:14:55.187] [INFO] resLogger - 
*************** response log start ***************
request method: POST
request originalUrl:  /api/config/ble_env_query
request client ip:  ::ffff:127.0.0.1
request body: 
{"userid":"5937ac8b34ab5a8460df3a6b"}
response time: 3
response status: 200
response body: 
{"data":[{"_id":{"flag":""}},{"_id":{"flag":"01"}},{"_id":{"flag":"test1"}},{"_id":{"flag":"test"}}],"status":{"code":5050100,"msg":"查询成功","sub_code":"env_query_success","sub_msg":"获取各个用户对应测试环境列表成功","timestamp":"1501668808403"},"isf":false}
*************** response log end ***************

[2017-08-02 18:14:58.563] [INFO] resLogger - 
*************** response log start ***************
request method: POST
request originalUrl:  /api/config/ble_device_query
request client ip:  ::ffff:127.0.0.1
request body: 
{"userid":"5937ac8b34ab5a8460df3a6b","flag":"test"}
response time: 2
response status: 200
response body: 
{"data":[{"_id":{"name":"BP5S 11070","mac":"00:40:32:0b:55:d0"}},{"_id":{"name":"honor zero-68D","mac":"a4:b4:76:5e:b6:8d"}},{"_id":{"name":"BP5S 11070","mac":"00:4d:32:0d:6e:cc"}},{"_id":{"name":"BP5S 11070","mac":"00:4d:32:0d:6e:99"}},{"_id":{"name":"AM3S","mac":"01:4d:32:00:00:01"}},{"_id":{"name":"BP5S 11070","mac":"00:4d:32:0d:6e:da"}},{"_id":{"name":"BP5S 11070","mac":"00:4d:32:0d:6f:0a"}},{"_id":{"name":"BP Monitor","mac":"20:c3:8f:ec:c8:a5"}}],"status":{"code":5050200,"msg":"查询成功","sub_code":"device_query_success","sub_msg":"获取设备测试设备列表成功","timestamp":"1501668808403"},"isf":false}
*************** response log end ***************

