[2017-06-28 16:00:25.221] [INFO] resLogger - 
*************** response log start ***************
request method: POST
request originalUrl:  /api/bleconnect/ble_connect_export
request client ip:  ::ffff:127.0.0.1
request body: 
{"mac":"00:4D:32:07:91:9C","name":"","mi":"","mobile":"","flag":"","userid":""}
response time: 717
response status: 200
response body: 
{"status":{"code":-1,"msg":"系统错误","sub_code":"query_faild_syserror","sub_msg":"导出失败，系统错误","timestamp":"1498636819851"},"isf":false}
*************** response log end ***************

[2017-06-28 16:01:47.542] [INFO] resLogger - 
*************** response log start ***************
request method: POST
request originalUrl:  /api/bleconnect/ble_connect_export
request client ip:  ::ffff:127.0.0.1
request body: 
{"mac":"00:4D:32:07:91:9C","name":"","mi":"","mobile":"","flag":"","userid":""}
response time: 550
response status: 200
response body: 
{"status":{"code":-1,"msg":"系统错误","sub_code":"query_faild_syserror","sub_msg":"导出失败，系统错误","timestamp":"1498636901767"},"isf":false}
*************** response log end ***************

[2017-06-28 16:02:55.677] [INFO] resLogger - 
*************** response log start ***************
request method: POST
request originalUrl:  /api/bleconnect/ble_connect_export
request client ip:  ::ffff:127.0.0.1
request body: 
{"mac":"00:4D:32:07:91:9C","name":"","mi":"","mobile":"","flag":"","userid":""}
response time: 572
response status: 200
response body: 
{"data":"/files/excle/ble.xlsx","status":{"code":0,"msg":"导出成功","sub_code":"query_success","sub_msg":"查询成功","timestamp":"1498636970894"},"isf":false}
*************** response log end ***************

[2017-06-28 16:08:51.744] [INFO] resLogger - 
*************** response log start ***************
request method: POST
request originalUrl:  /api/bleconnect/ble_connect_query
request client ip:  ::ffff:127.0.0.1
request body: 
{"mac":"00:4D:32:07:91:9C","name":"","mi":"","mobile":"","flag":"","userid":""}
response time: 62
response status: 200
response body: 
{"data":[{"_id":"57c7a7447855a3e6b37219f7","mac":"00:4d:32:07:91:9c","flag":"test1111","name":"AM4","mi":1.5,"time":1472702273164,"mobile":null,"LescanTime":3133,"RSSI":-75,"isConnect":0},{"_id":"57c7a7487855a3e6b37219f8","mac":"00:4d:32:07:91:9c","flag":"test1111","name":"AM4","mi":1.5,"time":1472702278819,"mobile":null,"LescanTime":850,"RSSI":-86,"isConnect":0},{"_id":"57c7a74d7855a3e6b37219f9","mac":"00:4d:32:07:91:9c","flag":"test1111","name":"AM4","mi":1.5,"time":1472702282099,"mobile":null,"LescanTime":3087,"RSSI":-88,"isConnect":0},{"_id":"57c7a7517855a3e6b37219fa","mac":"00:4d:32:07:91:9c","flag":"test1111","name":"AM4","mi":1.5,"time":1472702287590,"mobile":null,"LescanTime":1965,"RSSI":-75,"isConnect":0},{"_id":"57c7a7557855a3e6b37219fb","mac":"00:4d:32:07:91:9c","flag":"test1111","name":"AM4","mi":1.5,"time":1472702291945,"mobile":null,"LescanTime":1443,"RSSI":-91,"isConnect":0},{"_id":"57c7a7587855a3e6b37219fc","mac":"00:4d:32:07:91:9c","flag":"test1111","name":"AM4","mi":1.5,"time":1472702295769,"mobile":null,"LescanTime":397,"RSSI":-78,"isConnect":0},{"_id":"57c7a75b7855a3e6b37219fd","mac":"00:4d:32:07:91:9c","flag":"test1111","name":"AM4","mi":1.5,"time":1472702298528,"mobile":null,"LescanTime":388,"RSSI":-77,"isConnect":0},{"_id":"57c7a76e7855a3e6b37219fe","mac":"00:4d:32:07:91:9c","flag":"test1111","name":"AM4","mi":1.5,"time":1472702315593,"mobile":null,"LescanTime":113,"RSSI":-76,"isConnect":0},{"_id":"57c7a7707855a3e6b37219ff","mac":"00:4d:32:07:91:9c","flag":"test1111","name":"AM4","mi":1.5,"time":1472702320083,"mobile":null,"LescanTime":326,"RSSI":-80,"isConnect":0},{"_id":"57c7a7797855a3e6b3721a00","mac":"00:4d:32:07:91:9c","flag":"test1111","name":"AM4","mi":1.5,"time":1472702322768,"mobile":null,"LescanTime":6385,"RSSI":-77,"isConnect":0},{"_id":"57c7a77c7855a3e6b3721a01","mac":"00:4d:32:07:91:9c","flag":"test1111","name":"AM4","mi":1.5,"time":1472702331565,"mobile":null,"LescanTime":346,"RSSI":-77,"isConnect":0},{"_id":"57c7a77f7855a3e6b3721a02","mac":"00:4d:32:07:91:9c","flag":"test1111","name":"AM4","mi":1.5,"time":1472702334304,"mobile":null,"LescanTime":374,"RSSI":-84,"isConnect":0},{"_id":"57c7a7817855a3e6b3721a03","mac":"00:4d:32:07:91:9c","flag":"test1111","name":"AM4","mi":1.5,"time":1472702337059,"mobile":null,"LescanTime":406,"RSSI":-83,"isConnect":0},{"_id":"57c7a7977855a3e6b3721a04","mac":"00:4d:32:07:91:9c","flag":"test1111","name":"AM4","mi":1.5,"time":1472702354159,"mobile":null,"LescanTime":3408,"RSSI":-74,"isConnect":0},{"_id":"57c7a79a7855a3e6b3721a05","mac":"00:4d:32:07:91:9c","flag":"test1111","name":"AM4","mi":1.5,"time":1472702361858,"mobile":null,"LescanTime":315,"RSSI":-74,"isConnect":0},{"_id":"57c7a79d7855a3e6b3721a06","mac":"00:4d:32:07:91:9c","flag":"test1111","name":"AM4","mi":1.5,"time":1472702364573,"mobile":null,"LescanTime":892,"RSSI":-80,"isConnect":0},{"_id":"57c7a7a27855a3e6b3721a07","mac":"00:4d:32:07:91:9c","flag":"test1111","name":"AM4","mi":1.5,"time":1472702367812,"mobile":null,"LescanTime":2543,"RSSI":-76,"isConnect":0},{"_id":"57c7a7a57855a3e6b3721a08","mac":"00:4d:32:07:91:9c","flag":"test1111","name":"AM4","mi":1.5,"time":1472702372717,"mobile":null,"LescanTime":944,"RSSI":-83,"isConnect":0},{"_id":"57c7a7aa7855a3e6b3721a09","mac":"00:4d:32:07:91:9c","flag":"test1111","name":"AM4","mi":1.5,"time":1472702376041,"mobile":null,"LescanTime":2538,"RSSI":-84,"isConnect":0},{"_id":"57c7a7ad7855a3e6b3721a0a","mac":"00:4d:32:07:91:9c","flag":"test1111","name":"AM4","mi":1.5,"time":1472702380979,"mobile":null,"LescanTime":389,"RSSI":-76,"isConnect":0},{"_id":"57c7a7b17855a3e6b3721a0b","mac":"00:4d:32:07:91:9c","flag":"test1111","name":"AM4","mi":1.5,"time":1472702383797,"mobile":null,"LescanTime":1440,"RSSI":-77,"isConnect":0},{"_id":"57c7a7b47855a3e6b3721a0c","mac":"00:4d:32:07:91:9c","flag":"test1111","name":"AM4","mi":1.5,"time":1472702387634,"mobile":null,"LescanTime":287,"RSSI":-88,"isConnect":0},{"_id":"57c7a7b77855a3e6b3721a0d","mac":"00:4d:32:07:91:9c","flag":"test1111","name":"AM4","mi":1.5,"time":1472702390333,"mobile":null,"LescanTime":944,"RSSI":-80,"isConnect":0},{"_id":"57c7a7bc7855a3e6b3721a0e","mac":"00:4d:32:07:91:9c","flag":"test1111","name":"AM4","mi":1.5,"time":1472702393653,"mobile":null,"LescanTime":2031,"RSSI":-79,"isConnect":0},{"_id":"57c7a7bf7855a3e6b3721a0f","mac":"00:4d:32:07:91:9c","flag":"test1111","name":"AM4","mi":1.5,"time":1472702398043,"mobile":null,"LescanTime":965,"RSSI":-80,"isConnect":0},{"_id":"57c7a7c27855a3e6b3721a10","mac":"00:4d:32:07:91:9c","flag":"test1111","name":"AM4","mi":1.5,"time":1472702401382,"mobile":null,"LescanTime":281,"RSSI":-85,"isConnect":0},{"_id":"57c7a7c57855a3e6b3721a11","mac":"00:4d:32:07:91:9c","flag":"test1111","name":"AM4","mi":1.5,"time":1472702404095,"mobile":null,"LescanTime":918,"RSSI":-76,"isConnect":0},{"_id":"57c7a7cb7855a3e6b3721a12","mac":"00:4d:32:07:91:9c","flag":"test1111","name":"AM4","mi":1.5,"time":1472702407408,"mobile":null,"LescanTime":4178,"RSSI":-77,"isConnect":0},{"_id":"57c7a7cf7855a3e6b3721a13","mac":"00:4d:32:07:91:9c","flag":"test1111","name":"AM4","mi":1.5,"time":1472702414027,"mobile":null,"LescanTime":1482,"RSSI":-77,"isConnect":0},{"_id":"57c7a7d27855a3e6b3721a14","mac":"00:4d:32:07:91:9c","flag":"test1111","name":"AM4","mi":1.5,"time":1472702417903,"mobile":null,"LescanTime":371,"RSSI":-84,"isConnect":0},{"_id":"57c7a7d67855a3e6b3721a15","mac":"00:4d:32:07:91:9c","flag":"test1111","name":"AM4","mi":1.5,"time":1472702420642,"mobile":null,"LescanTime":1380,"RSSI":-81,"isConnect":0},{"_id":"57c7a7d97855a3e6b3721a16","mac":"00:4d:32:07:91:9c","flag":"test1111","name":"AM4","mi":1.5,"time":1472702424493,"mobile":null,"LescanTime":364,"RSSI":-84,"isConnect":0},{"_id":"57c7a7db7855a3e6b3721a17","mac":"00:4d:32:07:91:9c","flag":"test1111","name":"AM4","mi":1.5,"time":1472702427254,"mobile":null,"LescanTime":311,"RSSI":-84,"isConnect":0},{"_id":"57c7a7df7855a3e6b3721a18","mac":"00:4d:32:07:91:9c","flag":"test1111","name":"AM4","mi":1.5,"time":1472702429965,"mobile":null,"LescanTime":875,"RSSI":-79,"isConnect":0},{"_id":"57c7a7e17855a3e6b3721a19","mac":"00:4d:32:07:91:9c","flag":"test1111","name":"AM4","mi":1.5,"time":1472702433248,"mobile":null,"LescanTime":315,"RSSI":-77,"isConnect":0},{"_id":"57c7a7e57855a3e6b3721a1a","mac":"00:4d:32:07:91:9c","flag":"test1111","name":"AM4","mi":1.5,"time":1472702435955,"mobile":null,"LescanTime":913,"RSSI":-80,"isConnect":0},{"_id":"57c7a7e97855a3e6b3721a1b","mac":"00:4d:32:07:91:9c","flag":"test1111","name":"AM4","mi":1.5,"time":1472702439262,"mobile":null,"LescanTime":1987,"RSSI":-83,"isConnect":0},{"_id":"57c7a7ed7855a3e6b3721a1c","mac":"00:4d:32:07:91:9c","flag":"test1111","name":"AM4","mi":1.5,"time":1472702443730,"mobile":null,"LescanTime":1410,"RSSI":-82,"isConnect":0},{"_id":"57c7a7f07855a3e6b3721a1d","mac":"00:4d:32:07:91:9c","flag":"test1111","name":"AM4","mi":1.5,"time":1472702447721,"mobile":null,"LescanTime":873,"RSSI":-85,"isConnect":0},{"_id":"57c7a7f37855a3e6b3721a1e","mac":"00:4d:32:07:91:9c","flag":"test1111","name":"AM4","mi":1.5,"time":1472702450998,"mobile":null,"LescanTime":367,"RSSI":-86,"isConnect":0},{"_id":"57c7a7f67855a3e6b3721a1f","mac":"00:4d:32:07:91:9c","flag":"test1111","name":"AM4","mi":1.5,"time":1472702453737,"mobile":null,"LescanTime":852,"RSSI":-80,"isConnect":0},{"_id":"57c7a8167855a3e6b3721a20","mac":"00:4d:32:07:91:9c","flag":"test1111","name":"AM4","mi":1.5,"time":1472702479487,"mobile":null,"LescanTime":7130,"RSSI":-87,"isConnect":0},{"_id":"57c7a8197855a3e6b3721a21","mac":"00:4d:32:07:91:9c","flag":"test1111","name":"AM4","mi":1.5,"time":1472702489007,"mobile":null,"LescanTime":314,"RSSI":-75,"isConnect":0},{"_id":"57c7a81c7855a3e6b3721a22","mac":"00:4d:32:07:91:9c","flag":"test1111","name":"AM4","mi":1.5,"time":1472702491892,"mobile":null,"LescanTime":345,"RSSI":-88,"isConnect":0},{"_id":"57c7a81f7855a3e6b3721a23","mac":"00:4d:32:07:91:9c","flag":"test1111","name":"AM4","mi":1.5,"time":1472702494607,"mobile":null,"LescanTime":316,"RSSI":-75,"isConnect":0},{"_id":"57c7a8237855a3e6b3721a24","mac":"00:4d:32:07:91:9c","flag":"test1111","name":"AM4","mi":1.5,"time":1472702497348,"mobile":null,"LescanTime":1475,"RSSI":-75,"isConnect":0},{"_id":"57c7a8257855a3e6b3721a25","mac":"00:4d:32:07:91:9c","flag":"test1111","name":"AM4","mi":1.5,"time":1472702501164,"mobile":null,"LescanTime":410,"RSSI":-78,"isConnect":0},{"_id":"57c7a8297855a3e6b3721a26","mac":"00:4d:32:07:91:9c","flag":"test1111","name":"AM4","mi":1.5,"time":1472702503942,"mobile":null,"LescanTime":1443,"RSSI":-76,"isConnect":0},{"_id":"57c7a82c7855a3e6b3721a27","mac":"00:4d:32:07:91:9c","flag":"test1111","name":"AM4","mi":1.5,"time":1472702507782,"mobile":null,"LescanTime":883,"RSSI":-77,"isConnect":0},{"_id":"57c7a8307855a3e6b3721a28","mac":"00:4d:32:07:91:9c","flag":"test1111","name":"AM4","mi":1.5,"time":1472702511031,"mobile":null,"LescanTime":855,"RSSI":-86,"isConnect":0},{"_id":"57c7a8327855a3e6b3721a29","mac":"00:4d:32:07:91:9c","flag":"test1111","name":"AM4","mi":1.5,"time":1472702514285,"mobile":null,"LescanTime":336,"RSSI":-75,"isConnect":0},{"_id":"57c7a8357855a3e6b3721a2a","mac":"00:4d:32:07:91:9c","flag":"test1111","name":"AM4","mi":1.5,"time":1472702517002,"mobile":null,"LescanTime":318,"RSSI":-77,"isConnect":0},{"_id":"57c7a8387855a3e6b3721a2b","mac":"00:4d:32:07:91:9c","flag":"test1111","name":"AM4","mi":1.5,"time":1472702519695,"mobile":null,"LescanTime":296,"RSSI":-78,"isConnect":0},{"_id":"57c7a83b7855a3e6b3721a2c","mac":"00:4d:32:07:91:9c","flag":"test1111","name":"AM4","mi":1.5,"time":1472702522403,"mobile":null,"LescanTime":270,"RSSI":-85,"isConnect":0},{"_id":"57c7a83d7855a3e6b3721a2d","mac":"00:4d:32:07:91:9c","flag":"test1111","name":"AM4","mi":1.5,"time":1472702525118,"mobile":null,"LescanTime":316,"RSSI":-78,"isConnect":0},{"_id":"57c7a8417855a3e6b3721a2e","mac":"00:4d:32:07:91:9c","flag":"test1111","name":"AM4","mi":1.5,"time":1472702527830,"mobile":null,"LescanTime":1476,"RSSI":-78,"isConnect":0},{"_id":"57c7a8447855a3e6b3721a2f","mac":"00:4d:32:07:91:9c","flag":"test1111","name":"AM4","mi":1.5,"time":1472702531641,"mobile":null,"LescanTime":428,"RSSI":-77,"isConnect":0},{"_id":"57c7a8477855a3e6b3721a30","mac":"00:4d:32:07:91:9c","flag":"test1111","name":"AM4","mi":1.5,"time":1472702534429,"mobile":null,"LescanTime":879,"RSSI":-78,"isConnect":0},{"_id":"57c7a84a7855a3e6b3721a31","mac":"00:4d:32:07:91:9c","flag":"test1111","name":"AM4","mi":1.5,"time":1472702537689,"mobile":null,"LescanTime":846,"RSSI":-77,"isConnect":0},{"_id":"57c7a84d7855a3e6b3721a32","mac":"00:4d:32:07:91:9c","flag":"test1111","name":"AM4","mi":1.5,"time":1472702540954,"mobile":null,"LescanTime":299,"RSSI":-77,"isConnect":0},{"_id":"57c7a8507855a3e6b3721a33","mac":"00:4d:32:07:91:9c","flag":"test1111","name":"AM4","mi":1.5,"time":1472702543773,"mobile":null,"LescanTime":305,"RSSI":-78,"isConnect":0},{"_id":"57c7a8537855a3e6b3721a34","mac":"00:4d:32:07:91:9c","flag":"test1111","name":"AM4","mi":1.5,"time":1472702546643,"mobile":null,"LescanTime":326,"RSSI":-78,"isConnect":0},{"_id":"57c7a8567855a3e6b3721a35","mac":"00:4d:32:07:91:9c","flag":"test1111","name":"AM4","mi":1.5,"time":1472702549356,"mobile":null,"LescanTime":899,"RSSI":-80,"isConnect":0},{"_id":"57c7a8597855a3e6b3721a36","mac":"00:4d:32:07:91:9c","flag":"test1111","name":"AM4","mi":1.5,"time":1472702552629,"mobile":null,"LescanTime":317,"RSSI":-79,"isConnect":0},{"_id":"57c7a85c7855a3e6b3721a37","mac":"00:4d:32:07:91:9c","flag":"test1111","name":"AM4","mi":1.5,"time":1472702555347,"mobile":null,"LescanTime":294,"RSSI":-80,"isConnect":0},{"_id":"57c7a85f7855a3e6b3721a38","mac":"00:4d:32:07:91:9c","flag":"test1111","name":"AM4","mi":1.5,"time":1472702558042,"mobile":null,"LescanTime":875,"RSSI":-80,"isConnect":0},{"_id":"57c7a8617855a3e6b3721a39","mac":"00:4d:32:07:91:9c","flag":"test1111","name":"AM4","mi":1.5,"time":1472702561290,"mobile":null,"LescanTime":280,"RSSI":-77,"isConnect":0},{"_id":"57c7a8647855a3e6b3721a3a","mac":"00:4d:32:07:91:9c","flag":"test1111","name":"AM4","mi":1.5,"time":1472702563982,"mobile":null,"LescanTime":335,"RSSI":-80,"isConnect":0},{"_id":"57c7a8677855a3e6b3721a3b","mac":"00:4d:32:07:91:9c","flag":"test1111","name":"AM4","mi":1.5,"time":1472702566708,"mobile":null,"LescanTime":880,"RSSI":-78,"isConnect":0},{"_id":"57c7a86b7855a3e6b3721a3c","mac":"00:4d:32:07:91:9c","flag":"test1111","name":"AM4","mi":1.5,"time":1472702569986,"mobile":null,"LescanTime":898,"RSSI":-77,"isConnect":0},{"_id":"57c7a86e7855a3e6b3721a3d","mac":"00:4d:32:07:91:9c","flag":"test1111","name":"AM4","mi":1.5,"time":1472702573282,"mobile":null,"LescanTime":407,"RSSI":-84,"isConnect":0},{"_id":"57c7a8707855a3e6b3721a3e","mac":"00:4d:32:07:91:9c","flag":"test1111","name":"AM4","mi":1.5,"time":1472702576061,"mobile":null,"LescanTime":328,"RSSI":-79,"isConnect":0},{"_id":"57c7a8737855a3e6b3721a3f","mac":"00:4d:32:07:91:9c","flag":"test1111","name":"AM4","mi":1.5,"time":1472702578748,"mobile":null,"LescanTime":339,"RSSI":-76,"isConnect":0},{"_id":"57c7a8767855a3e6b3721a40","mac":"00:4d:32:07:91:9c","flag":"test1111","name":"AM4","mi":1.5,"time":1472702581487,"mobile":null,"LescanTime":874,"RSSI":-77,"isConnect":0},{"_id":"57c7a8797855a3e6b3721a41","mac":"00:4d:32:07:91:9c","flag":"test1111","name":"AM4","mi":1.5,"time":1472702584754,"mobile":null,"LescanTime":418,"RSSI":-74,"isConnect":0},{"_id":"57c7a87c7855a3e6b3721a42","mac":"00:4d:32:07:91:9c","flag":"test1111","name":"AM4","mi":1.5,"time":1472702587528,"mobile":null,"LescanTime":333,"RSSI":-76,"isConnect":0},{"_id":"57c7a87e7855a3e6b3721a43","mac":"00:4d:32:07:91:9c","flag":"test1111","name":"AM4","mi":1.5,"time":1472702590259,"mobile":null,"LescanTime":299,"RSSI":-76,"isConnect":0},{"_id":"57c7a8817855a3e6b3721a44","mac":"00:4d:32:07:91:9c","flag":"test1111","name":"AM4","mi":1.5,"time":1472702592981,"mobile":null,"LescanTime":341,"RSSI":-78,"isConnect":0},{"_id":"57c7a8847855a3e6b3721a45","mac":"00:4d:32:07:91:9c","flag":"test1111","name":"AM4","mi":1.5,"time":1472702595698,"mobile":null,"LescanTime":322,"RSSI":-73,"isConnect":0},{"_id":"57c7a8877855a3e6b3721a46","mac":"00:4d:32:07:91:9c","flag":"test1111","name":"AM4","mi":1.5,"time":1472702598412,"mobile":null,"LescanTime":291,"RSSI":-76,"isConnect":0},{"_id":"57c7a8897855a3e6b3721a47","mac":"00:4d:32:07:91:9c","flag":"test1111","name":"AM4","mi":1.5,"time":1472702601125,"mobile":null,"LescanTime":284,"RSSI":-79,"isConnect":0},{"_id":"57c7a88c7855a3e6b3721a48","mac":"00:4d:32:07:91:9c","flag":"test1111","name":"AM4","mi":1.5,"time":1472702603832,"mobile":null,"LescanTime":295,"RSSI":-74,"isConnect":0},{"_id":"57c7a88f7855a3e6b3721a49","mac":"00:4d:32:07:91:9c","flag":"test1111","name":"AM4","mi":1.5,"time":1472702606542,"mobile":null,"LescanTime":330,"RSSI":-75,"isConnect":0},{"_id":"57c7a8917855a3e6b3721a4a","mac":"00:4d:32:07:91:9c","flag":"test1111","name":"AM4","mi":1.5,"time":1472702609264,"mobile":null,"LescanTime":309,"RSSI":-81,"isConnect":0},{"_id":"57c7a8947855a3e6b3721a4b","mac":"00:4d:32:07:91:9c","flag":"test1111","name":"AM4","mi":1.5,"time":1472702611961,"mobile":null,"LescanTime":354,"RSSI":-78,"isConnect":0},{"_id":"57c7a8977855a3e6b3721a4c","mac":"00:4d:32:07:91:9c","flag":"test1111","name":"AM4","mi":1.5,"time":1472702614764,"mobile":null,"LescanTime":874,"RSSI":-76,"isConnect":0},{"_id":"57c7a89a7855a3e6b3721a4d","mac":"00:4d:32:07:91:9c","flag":"test1111","name":"AM4","mi":1.5,"time":1472702617960,"mobile":null,"LescanTime":315,"RSSI":-75,"isConnect":0},{"_id":"57c7a8a07855a3e6b3721a4e","mac":"00:4d:32:07:91:9c","flag":"test1111","name":"AM4","mi":1.5,"time":1472702620671,"mobile":null,"LescanTime":3626,"RSSI":-89,"isConnect":0},{"_id":"57c7a8a37855a3e6b3721a4f","mac":"00:4d:32:07:91:9c","flag":"test1111","name":"AM4","mi":1.5,"time":1472702626685,"mobile":null,"LescanTime":840,"RSSI":-78,"isConnect":0},{"_id":"57c7a8a87855a3e6b3721a50","mac":"00:4d:32:07:91:9c","flag":"test1111","name":"AM4","mi":1.5,"time":1472702629963,"mobile":null,"LescanTime":2028,"RSSI":-80,"isConnect":0},{"_id":"57c7a8ab7855a3e6b3721a51","mac":"00:4d:32:07:91:9c","flag":"test1111","name":"AM4","mi":1.5,"time":1472702634376,"mobile":null,"LescanTime":364,"RSSI":-85,"isConnect":0},{"_id":"57c7a8ad7855a3e6b3721a52","mac":"00:4d:32:07:91:9c","flag":"test1111","name":"AM4","mi":1.5,"time":1472702637068,"mobile":null,"LescanTime":319,"RSSI":-80,"isConnect":0},{"_id":"57c7a8b27855a3e6b3721a53","mac":"00:4d:32:07:91:9c","flag":"test1111","name":"AM4","mi":1.5,"time":1472702639791,"mobile":null,"LescanTime":2045,"RSSI":-80,"isConnect":0},{"_id":"57c7a8b77855a3e6b3721a54","mac":"00:4d:32:07:91:9c","flag":"test1111","name":"AM4","mi":1.5,"time":1472702644203,"mobile":null,"LescanTime":2568,"RSSI":-79,"isConnect":0},{"_id":"57c7a8ba7855a3e6b3721a55","mac":"00:4d:32:07:91:9c","flag":"test1111","name":"AM4","mi":1.5,"time":1472702649138,"mobile":null,"LescanTime":879,"RSSI":-80,"isConnect":0},{"_id":"57c7a8be7855a3e6b3721a56","mac":"00:4d:32:07:91:9c","flag":"test1111","name":"AM4","mi":1.5,"time":1472702652395,"mobile":null,"LescanTime":1414,"RSSI":-86,"isConnect":0},{"_id":"57c7a8c17855a3e6b3721a57","mac":"00:4d:32:07:91:9c","flag":"test1111","name":"AM4","mi":1.5,"time":1472702656216,"mobile":null,"LescanTime":845,"RSSI":-80,"isConnect":0},{"_id":"57c7a8c47855a3e6b3721a58","mac":"00:4d:32:07:91:9c","flag":"test1111","name":"AM4","mi":1.5,"time":1472702659457,"mobile":null,"LescanTime":826,"RSSI":-79,"isConnect":0},{"_id":"57c7a8c87855a3e6b3721a59","mac":"00:4d:32:07:91:9c","flag":"test1111","name":"AM4","mi":1.5,"time":1472702662718,"mobile":null,"LescanTime":1459,"RSSI":-86,"isConnect":0}],"status":{"code":0,"msg":"查询成功","sub_code":"query_success","sub_msg":"查询成功","timestamp":"1498636970894"},"isf":false}
*************** response log end ***************

[2017-06-28 16:24:29.216] [INFO] resLogger - 
*************** response log start ***************
request method: POST
request originalUrl:  /api/bleconnect/ble_connect_export
request client ip:  ::ffff:127.0.0.1
request body: 
{"mac":"00:4D:32:07:91:9C","name":"","mi":"","mobile":"","flag":"","userid":""}
response time: 634
response status: 200
response body: 
{"data":"/files/excle/ble.xlsx","status":{"code":0,"msg":"导出成功","sub_code":"query_success","sub_msg":"查询成功","timestamp":"1498638264680"},"isf":false}
*************** response log end ***************

[2017-06-28 16:29:52.772] [INFO] resLogger - 
*************** response log start ***************
request method: POST
request originalUrl:  /api/bleconnect/ble_connect_export
request client ip:  ::ffff:127.0.0.1
request body: 
{"mac":"00:4D:32:07:91:9C","name":"","mi":"","mobile":"","flag":"","userid":""}
response time: 526
response status: 200
response body: 
{"data":"[object Object]1498638592321.xlsx","status":{"code":0,"msg":"导出成功","sub_code":"query_success","sub_msg":"查询成功","timestamp":"1498638516498"},"isf":false}
*************** response log end ***************

[2017-06-28 16:30:00.440] [INFO] resLogger - 
*************** response log start ***************
request method: POST
request originalUrl:  /api/bleconnect/ble_connect_export
request client ip:  ::ffff:127.0.0.1
request body: 
{"mac":"00:4D:32:07:91:9C","name":"","mi":"","mobile":"","flag":"","userid":""}
response time: 536
response status: 200
response body: 
{"data":"[object Object]1498638599944.xlsx","status":{"code":0,"msg":"导出成功","sub_code":"query_success","sub_msg":"查询成功","timestamp":"1498638516498"},"isf":false}
*************** response log end ***************

[2017-06-28 16:30:00.503] [INFO] resLogger - 
*************** response log start ***************
request method: GET
request originalUrl:  /[object%20Object]1498638599944.xlsx
request client ip:  ::ffff:127.0.0.1
request query:  {}
response time: 26
response status: 404
response body: 
undefined
*************** response log end ***************

[2017-06-28 16:30:00.533] [INFO] resLogger - 
*************** response log start ***************
request method: GET
request originalUrl:  /favicon.ico
request client ip:  ::ffff:127.0.0.1
request query:  {}
response time: 1
response status: 404
response body: 
undefined
*************** response log end ***************

[2017-06-28 16:30:17.942] [INFO] resLogger - 
*************** response log start ***************
request method: POST
request originalUrl:  /api/bleconnect/ble_connect_export
request client ip:  ::ffff:127.0.0.1
request body: 
{"mac":"00:4D:32:07:91:9C","name":"","mi":"","mobile":"","flag":"","userid":""}
response time: 511
response status: 200
response body: 
{"data":"[object Object]1498638617482.xlsx","status":{"code":0,"msg":"导出成功","sub_code":"query_success","sub_msg":"查询成功","timestamp":"1498638516498"},"isf":false}
*************** response log end ***************

[2017-06-28 16:30:17.983] [INFO] resLogger - 
*************** response log start ***************
request method: GET
request originalUrl:  /[object%20Object]1498638617482.xlsx
request client ip:  ::ffff:127.0.0.1
request query:  {}
response time: 2
response status: 404
response body: 
undefined
*************** response log end ***************

[2017-06-28 16:31:14.519] [INFO] resLogger - 
*************** response log start ***************
request method: POST
request originalUrl:  /api/bleconnect/ble_connect_export
request client ip:  ::ffff:127.0.0.1
request body: 
{"mac":"00:4D:32:07:91:9C","name":"","mi":"","mobile":"","flag":"","userid":""}
response time: 583
response status: 200
response body: 
{"data":"[object Object]1498638674012.xlsx","status":{"code":0,"msg":"导出成功","sub_code":"query_success","sub_msg":"查询成功","timestamp":"1498638665827"},"isf":false}
*************** response log end ***************

[2017-06-28 16:31:14.574] [INFO] resLogger - 
*************** response log start ***************
request method: GET
request originalUrl:  /[object%20Object]1498638674012.xlsx
request client ip:  ::ffff:127.0.0.1
request query:  {}
response time: 8
response status: 404
response body: 
undefined
*************** response log end ***************

[2017-06-28 16:32:42.576] [INFO] resLogger - 
*************** response log start ***************
request method: POST
request originalUrl:  /api/bleconnect/ble_connect_export
request client ip:  ::ffff:127.0.0.1
request body: 
{"mac":"00:4D:32:07:91:9C","name":"","mi":"","mobile":"","flag":"","userid":""}
response time: 527
response status: 200
response body: 
{"data":"/files/excel/1498638762114.xlsx","status":{"code":0,"msg":"导出成功","sub_code":"query_success","sub_msg":"查询成功","timestamp":"1498638758468"},"isf":false}
*************** response log end ***************

[2017-06-28 16:32:42.631] [INFO] resLogger - 
*************** response log start ***************
request method: GET
request originalUrl:  //files/excel/1498638762114.xlsx
request client ip:  ::ffff:127.0.0.1
request query:  {}
response time: 9
response status: 404
response body: 
undefined
*************** response log end ***************

[2017-06-28 16:33:01.389] [INFO] resLogger - 
*************** response log start ***************
request method: GET
request originalUrl:  //files/excel/1498638762114.xlsx
request client ip:  ::ffff:127.0.0.1
request query:  {}
response time: 2
response status: 404
response body: 
undefined
*************** response log end ***************

[2017-06-28 16:37:26.171] [INFO] resLogger - 
*************** response log start ***************
request method: POST
request originalUrl:  /api/bleconnect/ble_connect_export
request client ip:  ::ffff:127.0.0.1
request body: 
{"mac":"00:4D:32:07:91:9C","name":"","mi":"","mobile":"","flag":"","userid":""}
response time: 570
response status: 200
response body: 
{"data":"/files/excel/1498639045666.xlsx","status":{"code":0,"msg":"导出成功","sub_code":"query_success","sub_msg":"查询成功","timestamp":"1498639035790"},"isf":false}
*************** response log end ***************

[2017-06-28 16:37:26.253] [INFO] resLogger - 
*************** response log start ***************
request method: GET
request originalUrl:  //files/excel/1498639045666.xlsx
request client ip:  ::ffff:127.0.0.1
request query:  {}
response time: 39
response status: 404
response body: 
undefined
*************** response log end ***************

[2017-06-28 16:38:00.855] [INFO] resLogger - 
*************** response log start ***************
request method: POST
request originalUrl:  /api/bleconnect/ble_connect_export
request client ip:  ::ffff:127.0.0.1
request body: 
{"mac":"00:4D:32:07:91:9C","name":"","mi":"","mobile":"","flag":"","userid":""}
response time: 645
response status: 200
response body: 
{"data":"/files/excel/1498639080295.xlsx","status":{"code":0,"msg":"导出成功","sub_code":"query_success","sub_msg":"查询成功","timestamp":"1498639075847"},"isf":false}
*************** response log end ***************

[2017-06-28 16:38:00.915] [INFO] resLogger - 
*************** response log start ***************
request method: GET
request originalUrl:  //files/excel/1498639080295.xlsx
request client ip:  ::ffff:127.0.0.1
request query:  {}
response time: 10
response status: 200
response body: 
{"_readableState":{"objectMode":false,"highWaterMark":65536,"buffer":{"head":null,"tail":null,"length":0},"length":0,"pipes":null,"pipesCount":0,"flowing":null,"ended":false,"endEmitted":false,"reading":false,"sync":true,"needReadable":false,"emittedReadable":false,"readableListening":false,"resumeScheduled":false,"destroyed":false,"defaultEncoding":"utf8","awaitDrain":0,"readingMore":false,"decoder":null,"encoding":null},"readable":true,"domain":null,"_events":{},"_eventsCount":2,"path":"F:\\koa\\koaproject\\files\\excel\\1498639080295.xlsx","fd":null,"flags":"r","mode":438,"autoClose":true,"bytesRead":0}
*************** response log end ***************

