[2017-07-07 16:06:38.779] [INFO] resLogger - 
*************** response log start ***************
request method: POST
request originalUrl:  /api/baseconfig/set_url
request client ip:  ::ffff:127.0.0.1
request body: 
{"host":"127.0.0.1","port":"3001","userid":"2"}
response time: 11
response status: 200
response body: 
{"status":{"code":-1,"msg":"系统错误","sub_code":"get_faild_syserror","sub_msg":"修改失败，系统错误","timestamp":"1499414788616"},"isf":false}
*************** response log end ***************

[2017-07-07 16:08:28.836] [INFO] resLogger - 
*************** response log start ***************
request method: POST
request originalUrl:  /api/baseconfig/set_url
request client ip:  ::ffff:127.0.0.1
request body: 
{"host":"127.0.0.1","port":"3001","userid":"2"}
response time: 25
response status: 200
response body: 
{"status":{"code":-1,"msg":"系统错误","sub_code":"get_faild_syserror","sub_msg":"修改失败，系统错误","timestamp":"1499414902137"},"isf":false}
*************** response log end ***************

[2017-07-07 16:09:49.527] [INFO] resLogger - 
*************** response log start ***************
request method: POST
request originalUrl:  /api/baseconfig/set_url
request client ip:  ::ffff:127.0.0.1
request body: 
{"host":"127.0.0.1","port":"3001","userid":"2"}
response time: 19
response status: 200
response body: 
{"status":{"code":-1,"msg":"系统错误","sub_code":"get_faild_syserror","sub_msg":"修改失败，系统错误","timestamp":"1499414984659"},"isf":false}
*************** response log end ***************

[2017-07-07 16:10:34.856] [INFO] resLogger - 
*************** response log start ***************
request method: POST
request originalUrl:  /api/baseconfig/set_url
request client ip:  ::ffff:127.0.0.1
request body: 
{"host":"127.0.0.1","port":"3001","userid":"2"}
response time: 29
response status: 200
response body: 
{"status":{"code":-1,"msg":"系统错误","sub_code":"get_faild_syserror","sub_msg":"修改失败，系统错误","timestamp":"1499415031501"},"isf":false}
*************** response log end ***************

[2017-07-07 16:11:12.288] [INFO] resLogger - 
*************** response log start ***************
request method: POST
request originalUrl:  /api/baseconfig/set_url
request client ip:  ::ffff:127.0.0.1
request body: 
{"host":"127.0.0.1","port":"3001","userid":"2"}
response time: 26
response status: 200
response body: 
{"status":{"code":-1,"msg":"系统错误","sub_code":"get_faild_syserror","sub_msg":"修改失败，系统错误","timestamp":"1499415068003"},"isf":false}
*************** response log end ***************

[2017-07-07 16:13:11.872] [INFO] resLogger - 
*************** response log start ***************
request method: POST
request originalUrl:  /api/baseconfig/set_url
request client ip:  ::ffff:127.0.0.1
request body: 
{"host":"127.0.0.1","port":"3001","userid":"2"}
response time: 26
response status: 200
response body: 
{"status":{"code":-1,"msg":"系统错误","sub_code":"get_faild_syserror","sub_msg":"修改失败，系统错误","timestamp":"1499415186277"},"isf":false}
*************** response log end ***************

[2017-07-07 16:14:15.630] [INFO] resLogger - 
*************** response log start ***************
request method: POST
request originalUrl:  /api/baseconfig/set_url
request client ip:  ::ffff:127.0.0.1
request body: 
{"host":"127.0.0.1","port":"3001","userid":"2"}
response time: 40
response status: 200
response body: 
{"status":{"code":-1,"msg":"系统错误","sub_code":"get_faild_syserror","sub_msg":"修改失败，系统错误","timestamp":"1499415252321"},"isf":false}
*************** response log end ***************

[2017-07-07 16:14:30.338] [INFO] resLogger - 
*************** response log start ***************
request method: POST
request originalUrl:  /api/baseconfig/set_url
request client ip:  ::ffff:127.0.0.1
request body: 
{"host":"127.0.0.1","port":"3001","userid":"2"}
response time: 17
response status: 200
response body: 
{"status":{"code":-1,"msg":"系统错误","sub_code":"get_faild_syserror","sub_msg":"修改失败，系统错误","timestamp":"1499415252321"},"isf":false}
*************** response log end ***************

[2017-07-07 16:15:21.870] [INFO] resLogger - 
*************** response log start ***************
request method: POST
request originalUrl:  /api/baseconfig/set_url
request client ip:  ::ffff:127.0.0.1
request body: 
{"host":"127.0.0.1","port":"3001","userid":"2"}
response time: 13
response status: 200
response body: 
{"status":{"code":-1,"msg":"系统错误","sub_code":"get_faild_syserror","sub_msg":"修改失败，系统错误","timestamp":"1499415310015"},"isf":false}
*************** response log end ***************

[2017-07-07 16:15:55.492] [INFO] resLogger - 
*************** response log start ***************
request method: POST
request originalUrl:  /api/baseconfig/set_url
request client ip:  ::ffff:127.0.0.1
request body: 
{"host":"127.0.0.1","port":"3001","userid":"2"}
response time: 36
response status: 200
response body: 
{"status":{"code":-1,"msg":"系统错误","sub_code":"get_faild_syserror","sub_msg":"修改失败，系统错误","timestamp":"1499415352313"},"isf":false}
*************** response log end ***************

[2017-07-07 16:16:22.240] [INFO] resLogger - 
*************** response log start ***************
request method: POST
request originalUrl:  /api/baseconfig/set_url
request client ip:  ::ffff:127.0.0.1
request body: 
{"host":"127.0.0.1","port":"3001","userid":"2"}
response time: 26
response status: 200
response body: 
{"status":{"code":-1,"msg":"系统错误","sub_code":"get_faild_syserror","sub_msg":"修改失败，系统错误","timestamp":"1499415379612"},"isf":false}
*************** response log end ***************

[2017-07-07 16:18:27.540] [INFO] resLogger - 
*************** response log start ***************
request method: POST
request originalUrl:  /api/baseconfig/set_url
request client ip:  ::ffff:127.0.0.1
request body: 
{"host":"127.0.0.1","port":"3001","userid":"2"}
response time: 16
response status: 200
response body: 
{"status":{"code":-1,"msg":"系统错误","sub_code":"get_faild_syserror","sub_msg":"修改失败，系统错误","timestamp":"1499415501683"},"isf":false}
*************** response log end ***************

[2017-07-07 16:19:18.728] [INFO] resLogger - 
*************** response log start ***************
request method: POST
request originalUrl:  /api/baseconfig/set_url
request client ip:  ::ffff:127.0.0.1
request body: 
{"host":"127.0.0.1","port":"3001","userid":"2"}
response time: 15
response status: 200
response body: 
{"status":{"code":-1,"msg":"系统错误","sub_code":"get_faild_syserror","sub_msg":"修改失败，系统错误","timestamp":"1499415554946"},"isf":false}
*************** response log end ***************

[2017-07-07 16:19:53.614] [INFO] resLogger - 
*************** response log start ***************
request method: POST
request originalUrl:  /api/baseconfig/set_url
request client ip:  ::ffff:127.0.0.1
request body: 
{"host":"127.0.0.1","port":"3001","userid":"2"}
response time: 21
response status: 200
response body: 
{"status":{"code":-1,"msg":"系统错误","sub_code":"get_faild_syserror","sub_msg":"修改失败，系统错误","timestamp":"1499415589818"},"isf":false}
*************** response log end ***************

[2017-07-07 16:20:16.842] [INFO] resLogger - 
*************** response log start ***************
request method: POST
request originalUrl:  /api/baseconfig/set_url
request client ip:  ::ffff:127.0.0.1
request body: 
{"host":"127.0.0.1","port":"3001","userid":"2"}
response time: 15
response status: 200
response body: 
{"status":{"code":-1,"msg":"系统错误","sub_code":"get_faild_syserror","sub_msg":"修改失败，系统错误","timestamp":"1499415613401"},"isf":false}
*************** response log end ***************

[2017-07-07 16:20:48.013] [INFO] resLogger - 
*************** response log start ***************
request method: POST
request originalUrl:  /api/bleconnect/ble_connect_export
request client ip:  ::ffff:127.0.0.1
request body: 
{"mac":"00:4D:32:07:91:9C","name":"","mi":"","mobile":"","flag":"","userid":""}
response time: 46
response status: 200
response body: 
{"status":{"code":-1,"msg":"系统错误","sub_code":"export_faild_syserror","sub_msg":"导出失败，系统错误","timestamp":"1499415644400"},"isf":false}
*************** response log end ***************

[2017-07-07 16:20:48.111] [INFO] resLogger - 
*************** response log start ***************
request method: GET
request originalUrl:  /undefined
request client ip:  ::ffff:127.0.0.1
request query:  {}
response time: 38
response status: 404
response body: 
undefined
*************** response log end ***************

[2017-07-07 16:20:48.147] [INFO] resLogger - 
*************** response log start ***************
request method: GET
request originalUrl:  /favicon.ico
request client ip:  ::ffff:127.0.0.1
request query:  {}
response time: 1
response status: 404
response body: 
undefined
*************** response log end ***************

[2017-07-07 16:20:53.277] [INFO] resLogger - 
*************** response log start ***************
request method: POST
request originalUrl:  /api/baseconfig/set_url
request client ip:  ::ffff:127.0.0.1
request body: 
{"host":"127.0.0.1","port":"3001","userid":"2"}
response time: 12
response status: 200
response body: 
{"status":{"code":-1,"msg":"系统错误","sub_code":"get_faild_syserror","sub_msg":"修改失败，系统错误","timestamp":"1499415644400"},"isf":false}
*************** response log end ***************

[2017-07-07 16:21:11.940] [INFO] resLogger - 
*************** response log start ***************
request method: POST
request originalUrl:  /api/bleconnect/ble_connect_export
request client ip:  ::ffff:127.0.0.1
request body: 
{"mac":"00:4D:32:07:91:9C","name":"","mi":"","mobile":"","flag":"","userid":""}
response time: 31
response status: 200
response body: 
{"status":{"code":-1,"msg":"系统错误","sub_code":"export_faild_syserror","sub_msg":"导出失败，系统错误","timestamp":"1499415644400"},"isf":false}
*************** response log end ***************

[2017-07-07 16:21:12.005] [INFO] resLogger - 
*************** response log start ***************
request method: GET
request originalUrl:  /undefined
request client ip:  ::ffff:127.0.0.1
request query:  {}
response time: 22
response status: 404
response body: 
undefined
*************** response log end ***************

[2017-07-07 16:23:03.461] [INFO] resLogger - 
*************** response log start ***************
request method: POST
request originalUrl:  /api/bleconnect/ble_connect_export
request client ip:  ::ffff:127.0.0.1
request body: 
{"mac":"00:4D:32:07:91:9C","name":"","mi":"","mobile":"","flag":"","userid":""}
response time: 39
response status: 200
response body: 
{"status":{"code":-1,"msg":"系统错误","sub_code":"export_faild_syserror","sub_msg":"导出失败，系统错误","timestamp":"1499415778913"},"isf":false}
*************** response log end ***************

[2017-07-07 16:23:03.514] [INFO] resLogger - 
*************** response log start ***************
request method: GET
request originalUrl:  /undefined
request client ip:  ::ffff:127.0.0.1
request query:  {}
response time: 6
response status: 404
response body: 
undefined
*************** response log end ***************

[2017-07-07 16:24:35.031] [INFO] resLogger - 
*************** response log start ***************
request method: POST
request originalUrl:  /api/bleconnect/ble_connect_export
request client ip:  ::ffff:127.0.0.1
request body: 
{"mac":"00:4D:32:07:91:9C","name":"","mi":"","mobile":"","flag":"","userid":""}
response time: 43
response status: 200
response body: 
{"status":{"code":-1,"msg":"系统错误","sub_code":"export_faild_syserror","sub_msg":"导出失败，系统错误","timestamp":"1499415872332"},"isf":false}
*************** response log end ***************

[2017-07-07 16:24:35.094] [INFO] resLogger - 
*************** response log start ***************
request method: GET
request originalUrl:  /undefined
request client ip:  ::ffff:127.0.0.1
request query:  {}
response time: 11
response status: 404
response body: 
undefined
*************** response log end ***************

[2017-07-07 16:25:40.937] [INFO] resLogger - 
*************** response log start ***************
request method: POST
request originalUrl:  /api/bleconnect/ble_connect_export
request client ip:  ::ffff:127.0.0.1
request body: 
{"mac":"00:4D:32:07:91:9C","name":"","mi":"","mobile":"","flag":"","userid":""}
response time: 90
response status: 200
response body: 
{"status":{"code":-1,"msg":"系统错误","sub_code":"export_faild_syserror","sub_msg":"导出失败，系统错误","timestamp":"1499415924133"},"isf":false}
*************** response log end ***************

[2017-07-07 16:25:41.018] [INFO] resLogger - 
*************** response log start ***************
request method: GET
request originalUrl:  /undefined
request client ip:  ::ffff:127.0.0.1
request query:  {}
response time: 27
response status: 404
response body: 
undefined
*************** response log end ***************

[2017-07-07 16:27:08.143] [INFO] resLogger - 
*************** response log start ***************
request method: POST
request originalUrl:  /api/bleconnect/ble_connect_export
request client ip:  ::ffff:127.0.0.1
request body: 
{"mac":"","name":"","mi":"","mobile":"","flag":"2017060501","userid":""}
response time: 50
response status: 200
response body: 
{"status":{"code":-1,"msg":"系统错误","sub_code":"export_faild_syserror","sub_msg":"导出失败，系统错误","timestamp":"1499416015555"},"isf":false}
*************** response log end ***************

[2017-07-07 16:27:08.226] [INFO] resLogger - 
*************** response log start ***************
request method: GET
request originalUrl:  /undefined
request client ip:  ::ffff:127.0.0.1
request query:  {}
response time: 25
response status: 404
response body: 
undefined
*************** response log end ***************

[2017-07-07 16:27:34.260] [INFO] resLogger - 
*************** response log start ***************
request method: POST
request originalUrl:  /api/bleconnect/ble_connect_result_export
request client ip:  ::ffff:127.0.0.1
request body: 
{"mac":"","name":"","mi":"","mobile":"","flag":"2017060501","userid":"","connect_num":"200"}
response time: 34
response status: 200
response body: 
{"status":{"code":-1,"msg":"系统错误","sub_code":"export_faild_syserror","sub_msg":"导出失败，系统错误","timestamp":"1499416015555"},"isf":false}
*************** response log end ***************

[2017-07-07 16:27:34.329] [INFO] resLogger - 
*************** response log start ***************
request method: GET
request originalUrl:  /undefined
request client ip:  ::ffff:127.0.0.1
request query:  {}
response time: 22
response status: 404
response body: 
undefined
*************** response log end ***************

[2017-07-07 16:30:57.733] [INFO] resLogger - 
*************** response log start ***************
request method: GET
request originalUrl:  /api/users/getUser
request client ip:  ::ffff:127.0.0.1
request query:  {}
response time: 38
response status: 200
response body: 
{"code":0,"message":"success"}
*************** response log end ***************

[2017-07-07 16:31:14.472] [INFO] resLogger - 
*************** response log start ***************
request method: POST
request originalUrl:  /api/users/login
request client ip:  ::ffff:127.0.0.1
request body: 
{"username":"3@3.com","password":"6512bd43d9caa6e02c990b0a82652dca"}
response time: 36
response status: 200
response body: 
{"status":{"code":1,"msg":"密码错误","sub_code":"login_faild_pwderror","sub_msg":"登录失败，密码错误","timestamp":"1499416248355"},"isf":false}
*************** response log end ***************

[2017-07-07 16:31:31.187] [INFO] resLogger - 
*************** response log start ***************
request method: POST
request originalUrl:  /api/bleconnect/ble_connect_query
request client ip:  ::ffff:127.0.0.1
request body: 
{"mac":"00:4D:32:07:91:9C","name":"","mi":"","mobile":"","flag":"","userid":""}
response time: 4
response status: 200
response body: 
{"status":{"code":1,"msg":"查询失败","sub_code":"query_faild_paramerror","sub_msg":"查询失败，查询参数有误","timestamp":"1499416248355"},"isf":false}
*************** response log end ***************

[2017-07-07 16:31:38.002] [INFO] resLogger - 
*************** response log start ***************
request method: POST
request originalUrl:  /api/bleconnect/ble_connect_result
request client ip:  ::ffff:127.0.0.1
request body: 
{"mac":"","name":"","mi":"","mobile":"","flag":"2017060501","userid":"","connect_num":"200"}
response time: 6
response status: 200
response body: 
{"status":{"code":1,"msg":"查询失败","sub_code":"query_faild_paramerror","sub_msg":"查询失败，查询参数有误","timestamp":"1499416248355"},"isf":false}
*************** response log end ***************

[2017-07-07 16:31:44.569] [INFO] resLogger - 
*************** response log start ***************
request method: POST
request originalUrl:  /api/baseconfig/get_url
request client ip:  ::ffff:127.0.0.1
request body: 
{"userid":"2"}
response time: 11
response status: 200
response body: 
{"status":{"code":2,"msg":"无数据","sub_code":"get_faild_nodata","sub_msg":"获取失败，没有数据","timestamp":"1499416248355"},"isf":false}
*************** response log end ***************

[2017-07-07 16:32:14.473] [INFO] resLogger - 
*************** response log start ***************
request method: POST
request originalUrl:  /api/baseconfig/get_url
request client ip:  ::ffff:127.0.0.1
request body: 
{"userid":"2"}
response time: 4
response status: 200
response body: 
{"status":{"code":-1,"msg":"系统错误","sub_code":"get_faild_syserror","sub_msg":"获取失败，系统错误","timestamp":"1499416248355"},"isf":false}
*************** response log end ***************

[2017-07-07 16:33:32.245] [INFO] resLogger - 
*************** response log start ***************
request method: POST
request originalUrl:  /api/baseconfig/get_url
request client ip:  ::ffff:127.0.0.1
request body: 
{"userid":"2"}
response time: 29
response status: 200
response body: 
{"status":{"code":2,"msg":"无数据","sub_code":"get_faild_nodata","sub_msg":"获取失败，没有数据","timestamp":"1499416407814"},"isf":false}
*************** response log end ***************

[2017-07-07 16:33:44.257] [INFO] resLogger - 
*************** response log start ***************
request method: POST
request originalUrl:  /api/baseconfig/get_url
request client ip:  ::ffff:127.0.0.1
request body: 
{"userid":"2"}
response time: 6
response status: 200
response body: 
{"status":{"code":-1,"msg":"系统错误","sub_code":"get_faild_syserror","sub_msg":"获取失败，系统错误","timestamp":"1499416407814"},"isf":false}
*************** response log end ***************

[2017-07-07 16:33:48.211] [INFO] resLogger - 
*************** response log start ***************
request method: POST
request originalUrl:  /api/baseconfig/get_url
request client ip:  ::ffff:127.0.0.1
request body: 
{"userid":"2"}
response time: 14
response status: 200
response body: 
{"status":{"code":-1,"msg":"系统错误","sub_code":"get_faild_syserror","sub_msg":"获取失败，系统错误","timestamp":"1499416407814"},"isf":false}
*************** response log end ***************

[2017-07-07 16:33:53.287] [INFO] resLogger - 
*************** response log start ***************
request method: POST
request originalUrl:  /api/baseconfig/get_url
request client ip:  ::ffff:127.0.0.1
request body: 
{"userid":"2"}
response time: 12
response status: 200
response body: 
{"status":{"code":2,"msg":"无数据","sub_code":"get_faild_nodata","sub_msg":"获取失败，没有数据","timestamp":"1499416407814"},"isf":false}
*************** response log end ***************

[2017-07-07 16:34:10.539] [INFO] resLogger - 
*************** response log start ***************
request method: POST
request originalUrl:  /api/baseconfig/get_url
request client ip:  ::ffff:127.0.0.1
request body: 
{"userid":"2"}
response time: 16
response status: 200
response body: 
{"status":{"code":-1,"msg":"系统错误","sub_code":"get_faild_syserror","sub_msg":"获取失败，系统错误","timestamp":"1499416407814"},"isf":false}
*************** response log end ***************

[2017-07-07 16:34:14.059] [INFO] resLogger - 
*************** response log start ***************
request method: POST
request originalUrl:  /api/baseconfig/get_url
request client ip:  ::ffff:127.0.0.1
request body: 
{"userid":"2"}
response time: 33
response status: 200
response body: 
{"status":{"code":-1,"msg":"系统错误","sub_code":"get_faild_syserror","sub_msg":"获取失败，系统错误","timestamp":"1499416407814"},"isf":false}
*************** response log end ***************

[2017-07-07 16:34:17.269] [INFO] resLogger - 
*************** response log start ***************
request method: POST
request originalUrl:  /api/baseconfig/get_url
request client ip:  ::ffff:127.0.0.1
request body: 
{"userid":"2"}
response time: 3
response status: 200
response body: 
{"status":{"code":-1,"msg":"系统错误","sub_code":"get_faild_syserror","sub_msg":"获取失败，系统错误","timestamp":"1499416407814"},"isf":false}
*************** response log end ***************

[2017-07-07 16:34:20.438] [INFO] resLogger - 
*************** response log start ***************
request method: POST
request originalUrl:  /api/baseconfig/get_url
request client ip:  ::ffff:127.0.0.1
request body: 
{"userid":"2"}
response time: 3
response status: 200
response body: 
{"status":{"code":-1,"msg":"系统错误","sub_code":"get_faild_syserror","sub_msg":"获取失败，系统错误","timestamp":"1499416407814"},"isf":false}
*************** response log end ***************

[2017-07-07 16:35:02.265] [INFO] resLogger - 
*************** response log start ***************
request method: POST
request originalUrl:  /api/baseconfig/get_url
request client ip:  ::ffff:127.0.0.1
request body: 
{"userid":"2"}
response time: 47
response status: 200
response body: 
{"status":{"code":2,"msg":"无数据","sub_code":"get_faild_nodata","sub_msg":"获取失败，没有数据","timestamp":"1499416496608"},"isf":false}
*************** response log end ***************

[2017-07-07 16:35:10.826] [INFO] resLogger - 
*************** response log start ***************
request method: POST
request originalUrl:  /api/baseconfig/get_url
request client ip:  ::ffff:127.0.0.1
request body: 
{"userid":"2"}
response time: 12
response status: 200
response body: 
{"status":{"code":-1,"msg":"系统错误","sub_code":"get_faild_syserror","sub_msg":"获取失败，系统错误","timestamp":"1499416496608"},"isf":false}
*************** response log end ***************

[2017-07-07 16:35:17.904] [INFO] resLogger - 
*************** response log start ***************
request method: POST
request originalUrl:  /api/baseconfig/get_url
request client ip:  ::ffff:127.0.0.1
request body: 
{"userid":"2"}
response time: 13
response status: 200
response body: 
{"status":{"code":2,"msg":"无数据","sub_code":"get_faild_nodata","sub_msg":"获取失败，没有数据","timestamp":"1499416496608"},"isf":false}
*************** response log end ***************

[2017-07-07 16:35:21.943] [INFO] resLogger - 
*************** response log start ***************
request method: POST
request originalUrl:  /api/baseconfig/get_url
request client ip:  ::ffff:127.0.0.1
request body: 
{"userid":"2"}
response time: 14
response status: 200
response body: 
{"status":{"code":-1,"msg":"系统错误","sub_code":"get_faild_syserror","sub_msg":"获取失败，系统错误","timestamp":"1499416496608"},"isf":false}
*************** response log end ***************

[2017-07-07 16:35:26.317] [INFO] resLogger - 
*************** response log start ***************
request method: POST
request originalUrl:  /api/baseconfig/get_url
request client ip:  ::ffff:127.0.0.1
request body: 
{"userid":"2"}
response time: 11
response status: 200
response body: 
{"status":{"code":-1,"msg":"系统错误","sub_code":"get_faild_syserror","sub_msg":"获取失败，系统错误","timestamp":"1499416496608"},"isf":false}
*************** response log end ***************

[2017-07-07 16:35:30.684] [INFO] resLogger - 
*************** response log start ***************
request method: POST
request originalUrl:  /api/baseconfig/get_url
request client ip:  ::ffff:127.0.0.1
request body: 
{"userid":"2"}
response time: 11
response status: 200
response body: 
{"status":{"code":2,"msg":"无数据","sub_code":"get_faild_nodata","sub_msg":"获取失败，没有数据","timestamp":"1499416496608"},"isf":false}
*************** response log end ***************

[2017-07-07 16:36:16.313] [INFO] resLogger - 
*************** response log start ***************
request method: POST
request originalUrl:  /api/baseconfig/get_url
request client ip:  ::ffff:127.0.0.1
request body: 
{"userid":"2"}
response time: 44
response status: 200
response body: 
{"status":{"code":2,"msg":"无数据","sub_code":"get_faild_nodata","sub_msg":"获取失败，没有数据","timestamp":"1499416573347"},"isf":false}
*************** response log end ***************

[2017-07-07 16:36:29.522] [INFO] resLogger - 
*************** response log start ***************
request method: POST
request originalUrl:  /api/baseconfig/get_url
request client ip:  ::ffff:127.0.0.1
request body: 
{"userid":"2"}
response time: 12
response status: 200
response body: 
{"status":{"code":2,"msg":"无数据","sub_code":"get_faild_nodata","sub_msg":"获取失败，没有数据","timestamp":"1499416573347"},"isf":false}
*************** response log end ***************

[2017-07-07 16:36:36.805] [INFO] resLogger - 
*************** response log start ***************
request method: POST
request originalUrl:  /api/baseconfig/get_url
request client ip:  ::ffff:127.0.0.1
request body: 
{"userid":"2"}
response time: 10
response status: 200
response body: 
{"status":{"code":-1,"msg":"系统错误","sub_code":"get_faild_syserror","sub_msg":"获取失败，系统错误","timestamp":"1499416573347"},"isf":false}
*************** response log end ***************

[2017-07-07 16:36:52.289] [INFO] resLogger - 
*************** response log start ***************
request method: POST
request originalUrl:  /api/baseconfig/get_url
request client ip:  ::ffff:127.0.0.1
request body: 
{"userid":"2"}
response time: 14
response status: 200
response body: 
{"status":{"code":-1,"msg":"系统错误","sub_code":"get_faild_syserror","sub_msg":"获取失败，系统错误","timestamp":"1499416573347"},"isf":false}
*************** response log end ***************

[2017-07-07 16:37:22.473] [INFO] resLogger - 
*************** response log start ***************
request method: POST
request originalUrl:  /api/baseconfig/get_url
request client ip:  ::ffff:127.0.0.1
request body: 
{"userid":"2"}
response time: 14
response status: 200
response body: 
{"status":{"code":2,"msg":"无数据","sub_code":"get_faild_nodata","sub_msg":"获取失败，没有数据","timestamp":"1499416573347"},"isf":false}
*************** response log end ***************

[2017-07-07 16:37:58.923] [INFO] resLogger - 
*************** response log start ***************
request method: POST
request originalUrl:  /api/baseconfig/get_url
request client ip:  ::ffff:127.0.0.1
request body: 
{"userid":"1"}
response time: 16
response status: 200
response body: 
{"status":{"code":-1,"msg":"系统错误","sub_code":"get_faild_syserror","sub_msg":"获取失败，系统错误","timestamp":"1499416573347"},"isf":false}
*************** response log end ***************

[2017-07-07 16:38:19.321] [INFO] resLogger - 
*************** response log start ***************
request method: POST
request originalUrl:  /api/baseconfig/get_url
request client ip:  ::ffff:127.0.0.1
request body: 
{"userid":"1"}
response time: 14
response status: 200
response body: 
{"data":{"_id":"5923fab6a3d4e899b5c7e769","host":"172.16.3.82","port":"8085","userid":"1"},"status":{"code":0,"msg":"获取成功","sub_code":"get_success","sub_msg":"获取成功","timestamp":"1499416573347"},"isf":false}
*************** response log end ***************

[2017-07-07 16:38:25.384] [INFO] resLogger - 
*************** response log start ***************
request method: POST
request originalUrl:  /api/baseconfig/get_url
request client ip:  ::ffff:127.0.0.1
request body: 
{"userid":"1"}
response time: 30
response status: 200
response body: 
{"data":{"_id":"5923fab6a3d4e899b5c7e769","host":"172.16.3.82","port":"8085","userid":"1"},"status":{"code":0,"msg":"获取成功","sub_code":"get_success","sub_msg":"获取成功","timestamp":"1499416573347"},"isf":false}
*************** response log end ***************

[2017-07-07 16:38:28.882] [INFO] resLogger - 
*************** response log start ***************
request method: POST
request originalUrl:  /api/baseconfig/get_url
request client ip:  ::ffff:127.0.0.1
request body: 
{"userid":"1"}
response time: 19
response status: 200
response body: 
{"data":{"_id":"5923fab6a3d4e899b5c7e769","host":"172.16.3.82","port":"8085","userid":"1"},"status":{"code":0,"msg":"获取成功","sub_code":"get_success","sub_msg":"获取成功","timestamp":"1499416573347"},"isf":false}
*************** response log end ***************

[2017-07-07 16:38:32.491] [INFO] resLogger - 
*************** response log start ***************
request method: POST
request originalUrl:  /api/baseconfig/get_url
request client ip:  ::ffff:127.0.0.1
request body: 
{"userid":"1"}
response time: 18
response status: 200
response body: 
{"data":{"_id":"5923fab6a3d4e899b5c7e769","host":"172.16.3.82","port":"8085","userid":"1"},"status":{"code":0,"msg":"获取成功","sub_code":"get_success","sub_msg":"获取成功","timestamp":"1499416573347"},"isf":false}
*************** response log end ***************

[2017-07-07 16:38:36.093] [INFO] resLogger - 
*************** response log start ***************
request method: POST
request originalUrl:  /api/baseconfig/get_url
request client ip:  ::ffff:127.0.0.1
request body: 
{"userid":"1"}
response time: 20
response status: 200
response body: 
{"status":{"code":-1,"msg":"系统错误","sub_code":"get_faild_syserror","sub_msg":"获取失败，系统错误","timestamp":"1499416573347"},"isf":false}
*************** response log end ***************

[2017-07-07 16:38:36.840] [INFO] resLogger - 
*************** response log start ***************
request method: POST
request originalUrl:  /api/baseconfig/get_url
request client ip:  ::ffff:127.0.0.1
request body: 
{"userid":"1"}
response time: 18
response status: 200
response body: 
{"status":{"code":-1,"msg":"系统错误","sub_code":"get_faild_syserror","sub_msg":"获取失败，系统错误","timestamp":"1499416573347"},"isf":false}
*************** response log end ***************

[2017-07-07 16:38:37.454] [INFO] resLogger - 
*************** response log start ***************
request method: POST
request originalUrl:  /api/baseconfig/get_url
request client ip:  ::ffff:127.0.0.1
request body: 
{"userid":"1"}
response time: 7
response status: 200
response body: 
{"status":{"code":-1,"msg":"系统错误","sub_code":"get_faild_syserror","sub_msg":"获取失败，系统错误","timestamp":"1499416573347"},"isf":false}
*************** response log end ***************

[2017-07-07 16:38:38.209] [INFO] resLogger - 
*************** response log start ***************
request method: POST
request originalUrl:  /api/baseconfig/get_url
request client ip:  ::ffff:127.0.0.1
request body: 
{"userid":"1"}
response time: 8
response status: 200
response body: 
{"status":{"code":-1,"msg":"系统错误","sub_code":"get_faild_syserror","sub_msg":"获取失败，系统错误","timestamp":"1499416573347"},"isf":false}
*************** response log end ***************

[2017-07-07 16:38:39.018] [INFO] resLogger - 
*************** response log start ***************
request method: POST
request originalUrl:  /api/baseconfig/get_url
request client ip:  ::ffff:127.0.0.1
request body: 
{"userid":"1"}
response time: 10
response status: 200
response body: 
{"data":{"_id":"5923fab6a3d4e899b5c7e769","host":"172.16.3.82","port":"8085","userid":"1"},"status":{"code":0,"msg":"获取成功","sub_code":"get_success","sub_msg":"获取成功","timestamp":"1499416573347"},"isf":false}
*************** response log end ***************

[2017-07-07 16:38:39.719] [INFO] resLogger - 
*************** response log start ***************
request method: POST
request originalUrl:  /api/baseconfig/get_url
request client ip:  ::ffff:127.0.0.1
request body: 
{"userid":"1"}
response time: 8
response status: 200
response body: 
{"status":{"code":-1,"msg":"系统错误","sub_code":"get_faild_syserror","sub_msg":"获取失败，系统错误","timestamp":"1499416573347"},"isf":false}
*************** response log end ***************

[2017-07-07 16:38:58.317] [INFO] resLogger - 
*************** response log start ***************
request method: POST
request originalUrl:  /api/baseconfig/get_url
request client ip:  ::ffff:127.0.0.1
request body: 
{"userid":"1"}
response time: 13
response status: 200
response body: 
{"data":{"_id":"5923fab6a3d4e899b5c7e769","host":"172.16.3.82","port":"8085","userid":"1"},"status":{"code":0,"msg":"获取成功","sub_code":"get_success","sub_msg":"获取成功","timestamp":"1499416573347"},"isf":false}
*************** response log end ***************

[2017-07-07 16:42:09.244] [INFO] resLogger - 
*************** response log start ***************
request method: POST
request originalUrl:  /api/baseconfig/get_url
request client ip:  ::ffff:127.0.0.1
request body: 
{"userid":"1"}
response time: 18
response status: 200
response body: 
{"data":{"_id":"5923fab6a3d4e899b5c7e769","host":"172.16.3.82","port":"8085","userid":"1"},"status":{"code":0,"msg":"获取成功","sub_code":"get_success","sub_msg":"获取成功","timestamp":"1499416573347"},"isf":false}
*************** response log end ***************

[2017-07-07 16:43:01.773] [INFO] resLogger - 
*************** response log start ***************
request method: POST
request originalUrl:  /api/baseconfig/get_url
request client ip:  ::ffff:127.0.0.1
request body: 
{"userid":"1"}
response time: 37
response status: 200
response body: 
{"data":{"_id":"5923fab6a3d4e899b5c7e769","host":"172.16.3.82","port":"8085","userid":"1"},"status":{"code":0,"msg":"获取成功","sub_code":"get_success","sub_msg":"获取成功","timestamp":"1499416977249"},"isf":false}
*************** response log end ***************

[2017-07-07 16:43:04.433] [INFO] resLogger - 
*************** response log start ***************
request method: POST
request originalUrl:  /api/baseconfig/get_url
request client ip:  ::ffff:127.0.0.1
request body: 
{"userid":"1"}
response time: 11
response status: 200
response body: 
{"data":{"_id":"5923fab6a3d4e899b5c7e769","host":"172.16.3.82","port":"8085","userid":"1"},"status":{"code":0,"msg":"获取成功","sub_code":"get_success","sub_msg":"获取成功","timestamp":"1499416977249"},"isf":false}
*************** response log end ***************

[2017-07-07 16:43:07.021] [INFO] resLogger - 
*************** response log start ***************
request method: POST
request originalUrl:  /api/baseconfig/get_url
request client ip:  ::ffff:127.0.0.1
request body: 
{"userid":"1"}
response time: 19
response status: 200
response body: 
{"data":{"_id":"5923fab6a3d4e899b5c7e769","host":"172.16.3.82","port":"8085","userid":"1"},"status":{"code":0,"msg":"获取成功","sub_code":"get_success","sub_msg":"获取成功","timestamp":"1499416977249"},"isf":false}
*************** response log end ***************

[2017-07-07 16:43:09.492] [INFO] resLogger - 
*************** response log start ***************
request method: POST
request originalUrl:  /api/baseconfig/get_url
request client ip:  ::ffff:127.0.0.1
request body: 
{"userid":"1"}
response time: 22
response status: 200
response body: 
{"data":{"_id":"5923fab6a3d4e899b5c7e769","host":"172.16.3.82","port":"8085","userid":"1"},"status":{"code":0,"msg":"获取成功","sub_code":"get_success","sub_msg":"获取成功","timestamp":"1499416977249"},"isf":false}
*************** response log end ***************

[2017-07-07 16:43:11.812] [INFO] resLogger - 
*************** response log start ***************
request method: POST
request originalUrl:  /api/baseconfig/get_url
request client ip:  ::ffff:127.0.0.1
request body: 
{"userid":"1"}
response time: 20
response status: 200
response body: 
{"status":{"code":-1,"msg":"系统错误","sub_code":"get_faild_syserror","sub_msg":"获取失败，系统错误","timestamp":"1499416977249"},"isf":false}
*************** response log end ***************

[2017-07-07 16:43:27.358] [INFO] resLogger - 
*************** response log start ***************
request method: POST
request originalUrl:  /api/baseconfig/get_url
request client ip:  ::ffff:127.0.0.1
request body: 
{"userid":"1"}
response time: 14
response status: 200
response body: 
{"data":{"_id":"5923fab6a3d4e899b5c7e769","host":"172.16.3.82","port":"8085","userid":"1"},"status":{"code":0,"msg":"获取成功","sub_code":"get_success","sub_msg":"获取成功","timestamp":"1499416977249"},"isf":false}
*************** response log end ***************

[2017-07-07 16:43:30.346] [INFO] resLogger - 
*************** response log start ***************
request method: POST
request originalUrl:  /api/baseconfig/get_url
request client ip:  ::ffff:127.0.0.1
request body: 
{"userid":"1"}
response time: 13
response status: 200
response body: 
{"data":{"_id":"5923fab6a3d4e899b5c7e769","host":"172.16.3.82","port":"8085","userid":"1"},"status":{"code":0,"msg":"获取成功","sub_code":"get_success","sub_msg":"获取成功","timestamp":"1499416977249"},"isf":false}
*************** response log end ***************

[2017-07-07 16:43:30.817] [INFO] resLogger - 
*************** response log start ***************
request method: POST
request originalUrl:  /api/baseconfig/get_url
request client ip:  ::ffff:127.0.0.1
request body: 
{"userid":"1"}
response time: 13
response status: 200
response body: 
{"status":{"code":-1,"msg":"系统错误","sub_code":"get_faild_syserror","sub_msg":"获取失败，系统错误","timestamp":"1499416977249"},"isf":false}
*************** response log end ***************

[2017-07-07 16:43:31.322] [INFO] resLogger - 
*************** response log start ***************
request method: POST
request originalUrl:  /api/baseconfig/get_url
request client ip:  ::ffff:127.0.0.1
request body: 
{"userid":"1"}
response time: 14
response status: 200
response body: 
{"status":{"code":-1,"msg":"系统错误","sub_code":"get_faild_syserror","sub_msg":"获取失败，系统错误","timestamp":"1499416977249"},"isf":false}
*************** response log end ***************

[2017-07-07 16:43:31.534] [INFO] resLogger - 
*************** response log start ***************
request method: POST
request originalUrl:  /api/baseconfig/get_url
request client ip:  ::ffff:127.0.0.1
request body: 
{"userid":"1"}
response time: 8
response status: 200
response body: 
{"data":{"_id":"5923fab6a3d4e899b5c7e769","host":"172.16.3.82","port":"8085","userid":"1"},"status":{"code":0,"msg":"获取成功","sub_code":"get_success","sub_msg":"获取成功","timestamp":"1499416977249"},"isf":false}
*************** response log end ***************

[2017-07-07 16:43:31.704] [INFO] resLogger - 
*************** response log start ***************
request method: POST
request originalUrl:  /api/baseconfig/get_url
request client ip:  ::ffff:127.0.0.1
request body: 
{"userid":"1"}
response time: 5
response status: 200
response body: 
{"status":{"code":-1,"msg":"系统错误","sub_code":"get_faild_syserror","sub_msg":"获取失败，系统错误","timestamp":"1499416977249"},"isf":false}
*************** response log end ***************

[2017-07-07 16:43:31.862] [INFO] resLogger - 
*************** response log start ***************
request method: POST
request originalUrl:  /api/baseconfig/get_url
request client ip:  ::ffff:127.0.0.1
request body: 
{"userid":"1"}
response time: 11
response status: 200
response body: 
{"status":{"code":-1,"msg":"系统错误","sub_code":"get_faild_syserror","sub_msg":"获取失败，系统错误","timestamp":"1499416977249"},"isf":false}
*************** response log end ***************

[2017-07-07 16:43:32.161] [INFO] resLogger - 
*************** response log start ***************
request method: POST
request originalUrl:  /api/baseconfig/get_url
request client ip:  ::ffff:127.0.0.1
request body: 
{"userid":"1"}
response time: 6
response status: 200
response body: 
{"data":{"_id":"5923fab6a3d4e899b5c7e769","host":"172.16.3.82","port":"8085","userid":"1"},"status":{"code":0,"msg":"获取成功","sub_code":"get_success","sub_msg":"获取成功","timestamp":"1499416977249"},"isf":false}
*************** response log end ***************

[2017-07-07 16:43:32.347] [INFO] resLogger - 
*************** response log start ***************
request method: POST
request originalUrl:  /api/baseconfig/get_url
request client ip:  ::ffff:127.0.0.1
request body: 
{"userid":"1"}
response time: 6
response status: 200
response body: 
{"status":{"code":-1,"msg":"系统错误","sub_code":"get_faild_syserror","sub_msg":"获取失败，系统错误","timestamp":"1499416977249"},"isf":false}
*************** response log end ***************

[2017-07-07 16:45:38.719] [INFO] resLogger - 
*************** response log start ***************
request method: POST
request originalUrl:  /api/baseconfig/get_url
request client ip:  ::ffff:127.0.0.1
request body: 
{"userid":"1"}
response time: 51
response status: 200
response body: 
{"data":{"_id":"5923fab6a3d4e899b5c7e769","host":"172.16.3.82","port":"8085","userid":"1"},"status":{"code":0,"msg":"获取成功","sub_code":"get_success","sub_msg":"获取成功","timestamp":"1499417123384"},"isf":false}
*************** response log end ***************

[2017-07-07 16:45:46.177] [INFO] resLogger - 
*************** response log start ***************
request method: POST
request originalUrl:  /api/baseconfig/get_url
request client ip:  ::ffff:127.0.0.1
request body: 
{"userid":"1"}
response time: 11
response status: 200
response body: 
{"data":{"_id":"5923fab6a3d4e899b5c7e769","host":"172.16.3.82","port":"8085","userid":"1"},"status":{"code":0,"msg":"获取成功","sub_code":"get_success","sub_msg":"获取成功","timestamp":"1499417123384"},"isf":false}
*************** response log end ***************

[2017-07-07 16:45:47.156] [INFO] resLogger - 
*************** response log start ***************
request method: POST
request originalUrl:  /api/baseconfig/get_url
request client ip:  ::ffff:127.0.0.1
request body: 
{"userid":"1"}
response time: 9
response status: 200
response body: 
{"data":{"_id":"5923fab6a3d4e899b5c7e769","host":"172.16.3.82","port":"8085","userid":"1"},"status":{"code":0,"msg":"获取成功","sub_code":"get_success","sub_msg":"获取成功","timestamp":"1499417123384"},"isf":false}
*************** response log end ***************

[2017-07-07 16:45:47.615] [INFO] resLogger - 
*************** response log start ***************
request method: POST
request originalUrl:  /api/baseconfig/get_url
request client ip:  ::ffff:127.0.0.1
request body: 
{"userid":"1"}
response time: 12
response status: 200
response body: 
{"status":{"code":-1,"msg":"系统错误","sub_code":"get_faild_syserror","sub_msg":"获取失败，系统错误","timestamp":"1499417123384"},"isf":false}
*************** response log end ***************

[2017-07-07 16:45:47.942] [INFO] resLogger - 
*************** response log start ***************
request method: POST
request originalUrl:  /api/baseconfig/get_url
request client ip:  ::ffff:127.0.0.1
request body: 
{"userid":"1"}
response time: 9
response status: 200
response body: 
{"status":{"code":-1,"msg":"系统错误","sub_code":"get_faild_syserror","sub_msg":"获取失败，系统错误","timestamp":"1499417123384"},"isf":false}
*************** response log end ***************

[2017-07-07 16:45:48.147] [INFO] resLogger - 
*************** response log start ***************
request method: POST
request originalUrl:  /api/baseconfig/get_url
request client ip:  ::ffff:127.0.0.1
request body: 
{"userid":"1"}
response time: 15
response status: 200
response body: 
{"status":{"code":-1,"msg":"系统错误","sub_code":"get_faild_syserror","sub_msg":"获取失败，系统错误","timestamp":"1499417123384"},"isf":false}
*************** response log end ***************

[2017-07-07 16:45:48.324] [INFO] resLogger - 
*************** response log start ***************
request method: POST
request originalUrl:  /api/baseconfig/get_url
request client ip:  ::ffff:127.0.0.1
request body: 
{"userid":"1"}
response time: 9
response status: 200
response body: 
{"data":{"_id":"5923fab6a3d4e899b5c7e769","host":"172.16.3.82","port":"8085","userid":"1"},"status":{"code":0,"msg":"获取成功","sub_code":"get_success","sub_msg":"获取成功","timestamp":"1499417123384"},"isf":false}
*************** response log end ***************

[2017-07-07 16:46:35.022] [INFO] resLogger - 
*************** response log start ***************
request method: POST
request originalUrl:  /api/baseconfig/get_url
request client ip:  ::ffff:127.0.0.1
request body: 
{"userid":"1"}
response time: 8
response status: 200
response body: 
{"status":{"code":-1,"msg":"系统错误","sub_code":"get_faild_syserror","sub_msg":"获取失败，系统错误","timestamp":"1499417123384"},"isf":false}
*************** response log end ***************

[2017-07-07 16:46:38.742] [INFO] resLogger - 
*************** response log start ***************
request method: POST
request originalUrl:  /api/baseconfig/get_url
request client ip:  ::ffff:127.0.0.1
request body: 
{"userid":"1"}
response time: 3
response status: 200
response body: 
{"data":{"_id":"5923fab6a3d4e899b5c7e769","host":"172.16.3.82","port":"8085","userid":"1"},"status":{"code":0,"msg":"获取成功","sub_code":"get_success","sub_msg":"获取成功","timestamp":"1499417123384"},"isf":false}
*************** response log end ***************

[2017-07-07 16:48:18.226] [INFO] resLogger - 
*************** response log start ***************
request method: POST
request originalUrl:  /api/baseconfig/set_url
request client ip:  ::ffff:127.0.0.1
request body: 
{"host":"127.0.0.1","port":"3001","userid":"2"}
response time: 7
response status: 200
response body: 
{"status":{"code":-1,"msg":"系统错误","sub_code":"get_faild_syserror","sub_msg":"修改失败，系统错误","timestamp":"1499417123384"},"isf":false}
*************** response log end ***************

[2017-07-07 16:48:42.617] [INFO] resLogger - 
*************** response log start ***************
request method: POST
request originalUrl:  /api/baseconfig/set_url
request client ip:  ::ffff:127.0.0.1
request body: 
{"host":"127.0.0.1","port":"3001","userid":"1"}
response time: 10
response status: 200
response body: 
{"status":{"code":-1,"msg":"系统错误","sub_code":"get_faild_syserror","sub_msg":"修改失败，系统错误","timestamp":"1499417123384"},"isf":false}
*************** response log end ***************

[2017-07-07 16:50:24.858] [INFO] resLogger - 
*************** response log start ***************
request method: POST
request originalUrl:  /api/baseconfig/set_url
request client ip:  ::ffff:127.0.0.1
request body: 
{"host":"127.1.2.1","port":"3002","userid":"1"}
response time: 12
response status: 200
response body: 
{"status":{"code":-1,"msg":"系统错误","sub_code":"get_faild_syserror","sub_msg":"修改失败，系统错误","timestamp":"1499417402573"},"isf":false}
*************** response log end ***************

[2017-07-07 16:50:42.523] [INFO] resLogger - 
*************** response log start ***************
request method: POST
request originalUrl:  /api/baseconfig/get_url
request client ip:  ::ffff:127.0.0.1
request body: 
{"userid":"1"}
response time: 58
response status: 200
response body: 
{"data":{"_id":"5923fab6a3d4e899b5c7e769","host":"127.1.2.1","port":"3002","userid":"1"},"status":{"code":0,"msg":"获取成功","sub_code":"get_success","sub_msg":"获取成功","timestamp":"1499417402573"},"isf":false}
*************** response log end ***************

[2017-07-07 16:50:42.627] [INFO] resLogger - 
*************** response log start ***************
request method: POST
request originalUrl:  /api/baseconfig/get_url
request client ip:  ::ffff:127.0.0.1
request body: 
{"userid":"1"}
response time: 17
response status: 200
response body: 
{"data":{"_id":"5923fab6a3d4e899b5c7e769","host":"127.1.2.1","port":"3002","userid":"1"},"status":{"code":0,"msg":"获取成功","sub_code":"get_success","sub_msg":"获取成功","timestamp":"1499417402573"},"isf":false}
*************** response log end ***************

[2017-07-07 16:50:42.785] [INFO] resLogger - 
*************** response log start ***************
request method: POST
request originalUrl:  /api/baseconfig/get_url
request client ip:  ::ffff:127.0.0.1
request body: 
{"userid":"1"}
response time: 17
response status: 200
response body: 
{"status":{"code":-1,"msg":"系统错误","sub_code":"get_faild_syserror","sub_msg":"获取失败，系统错误","timestamp":"1499417402573"},"isf":false}
*************** response log end ***************

[2017-07-07 16:50:43.060] [INFO] resLogger - 
*************** response log start ***************
request method: POST
request originalUrl:  /api/baseconfig/get_url
request client ip:  ::ffff:127.0.0.1
request body: 
{"userid":"1"}
response time: 19
response status: 200
response body: 
{"data":{"_id":"5923fab6a3d4e899b5c7e769","host":"127.1.2.1","port":"3002","userid":"1"},"status":{"code":0,"msg":"获取成功","sub_code":"get_success","sub_msg":"获取成功","timestamp":"1499417402573"},"isf":false}
*************** response log end ***************

[2017-07-07 16:50:43.205] [INFO] resLogger - 
*************** response log start ***************
request method: POST
request originalUrl:  /api/baseconfig/get_url
request client ip:  ::ffff:127.0.0.1
request body: 
{"userid":"1"}
response time: 12
response status: 200
response body: 
{"status":{"code":-1,"msg":"系统错误","sub_code":"get_faild_syserror","sub_msg":"获取失败，系统错误","timestamp":"1499417402573"},"isf":false}
*************** response log end ***************

[2017-07-07 16:50:43.356] [INFO] resLogger - 
*************** response log start ***************
request method: POST
request originalUrl:  /api/baseconfig/get_url
request client ip:  ::ffff:127.0.0.1
request body: 
{"userid":"1"}
response time: 19
response status: 200
response body: 
{"status":{"code":-1,"msg":"系统错误","sub_code":"get_faild_syserror","sub_msg":"获取失败，系统错误","timestamp":"1499417402573"},"isf":false}
*************** response log end ***************

[2017-07-07 16:50:57.586] [INFO] resLogger - 
*************** response log start ***************
request method: POST
request originalUrl:  /api/baseconfig/get_url
request client ip:  ::ffff:127.0.0.1
request body: 
{"userid":"1"}
response time: 23
response status: 200
response body: 
{"status":{"code":-1,"msg":"系统错误","sub_code":"get_faild_syserror","sub_msg":"获取失败，系统错误","timestamp":"1499417402573"},"isf":false}
*************** response log end ***************

[2017-07-07 16:51:00.955] [INFO] resLogger - 
*************** response log start ***************
request method: POST
request originalUrl:  /api/baseconfig/get_url
request client ip:  ::ffff:127.0.0.1
request body: 
{"userid":"1"}
response time: 10
response status: 200
response body: 
{"data":{"_id":"5923fab6a3d4e899b5c7e769","host":"127.1.2.1","port":"3002","userid":"1"},"status":{"code":0,"msg":"获取成功","sub_code":"get_success","sub_msg":"获取成功","timestamp":"1499417402573"},"isf":false}
*************** response log end ***************

