[2017-07-31 19:19:06.988] [INFO] resLogger - 
*************** response log start ***************
request method: POST
request originalUrl:  /api/users/login
request client ip:  ::ffff:127.0.0.1
request body: 
{"username":"4@3.com","password":"6512bd43d9caa6e02c990b0a82652dca"}
response time: 16
response status: 200
response body: 
{"data":{"succ":true,"data":{"_id":"5971adf9f2132b0724fc21b7","username":"4@3.com","password":"6512bd43d9caa6e02c990b0a82652dca"}},"status":{"code":1010100,"msg":"登录成功","sub_code":"login_success","sub_msg":"登录成功","timestamp":"1501493536424"},"isf":false}
*************** response log end ***************

[2017-07-31 19:19:23.823] [INFO] resLogger - 
*************** response log start ***************
request method: POST
request originalUrl:  /api/users/login
request client ip:  ::ffff:127.0.0.1
request body: 
{"username":"4@3.com","password":"6512bd43d9caa6e02c990b0a82652dca"}
response time: 27
response status: 200
response body: 
{"data":{"succ":true,"data":{"_id":"5971adf9f2132b0724fc21b7","username":"4@3.com","password":"6512bd43d9caa6e02c990b0a82652dca"}},"status":{"code":1010100,"msg":"登录成功","sub_code":"login_success","sub_msg":"登录成功","timestamp":"1501499959769"},"isf":false}
*************** response log end ***************

[2017-07-31 19:20:17.219] [INFO] resLogger - 
*************** response log start ***************
request method: POST
request originalUrl:  /api/users/login
request client ip:  ::ffff:127.0.0.1
request body: 
{"username":"4@3.com","password":"6512bd43d9caa6e02c990b0a82652dca"}
response time: 25
response status: 200
response body: 
{"data":{"succ":true,"data":{"_id":"5971adf9f2132b0724fc21b7","username":"4@3.com","password":"6512bd43d9caa6e02c990b0a82652dca"}},"status":{"code":1010100,"msg":"登录成功","sub_code":"login_success","sub_msg":"登录成功","timestamp":"1501500012983"},"isf":false}
*************** response log end ***************

[2017-07-31 19:21:08.929] [INFO] resLogger - 
*************** response log start ***************
request method: POST
request originalUrl:  /api/users/login
request client ip:  ::ffff:127.0.0.1
request body: 
{"username":"4@3.com","password":"6512bd43d9caa6e02c990b0a82652dca"}
response time: 26
response status: 200
response body: 
{"data":{"succ":true,"data":{"_id":"5971adf9f2132b0724fc21b7","username":"4@3.com","password":"6512bd43d9caa6e02c990b0a82652dca"}},"status":{"code":1010100,"msg":"登录成功","sub_code":"login_success","sub_msg":"登录成功","timestamp":"1501500061579"},"isf":false}
*************** response log end ***************

