[2017-07-24 16:00:41.783] [ERROR] errorLogger - 
*************** error log start ***************
request method: GET
request originalUrl:  //files/excel/1500883241741.xlsx
request client ip:  ::ffff:127.0.0.1
request query:  {}
response time: 3
err name: BadRequestError
err message: Malicious Path
err stack: BadRequestError: Malicious Path
    at resolvePath (/Users/terryzou/company/ble/koaproject/node_modules/resolve-path/index.js:77:11)
    at /Users/terryzou/company/ble/koaproject/node_modules/koa-send/index.js:69:12
    at Generator.next (<anonymous>)
    at onFulfilled (/Users/terryzou/company/ble/koaproject/node_modules/co/index.js:65:19)
    at /Users/terryzou/company/ble/koaproject/node_modules/co/index.js:54:5
    at Promise (<anonymous>)
    at co (/Users/terryzou/company/ble/koaproject/node_modules/co/index.js:50:10)
    at send (/Users/terryzou/company/ble/koaproject/node_modules/koa-send/index.js:36:10)
    at serve (/Users/terryzou/company/ble/koaproject/node_modules/koa-static/index.js:41:16)
    at dispatch (/Users/terryzou/company/ble/koaproject/node_modules/koa-compose/index.js:44:32)
    at next (/Users/terryzou/company/ble/koaproject/node_modules/koa-compose/index.js:45:18)
    at app.use (/Users/terryzou/company/ble/koaproject/app.js:36:11)
    at dispatch (/Users/terryzou/company/ble/koaproject/node_modules/koa-compose/index.js:44:32)
    at next (/Users/terryzou/company/ble/koaproject/node_modules/koa-compose/index.js:45:18)
    at filter (/Users/terryzou/company/ble/koaproject/node_modules/koa-json/index.js:25:12)
    at dispatch (/Users/terryzou/company/ble/koaproject/node_modules/koa-compose/index.js:44:32)
    at next (/Users/terryzou/company/ble/koaproject/node_modules/koa-compose/index.js:45:18)
    at parseBody.then.body (/Users/terryzou/company/ble/koaproject/node_modules/koa-bodyparser/index.js:74:14)
    at <anonymous>
    at process._tickCallback (internal/process/next_tick.js:169:7)
*************** error log end ***************

[2017-07-24 16:04:34.907] [ERROR] errorLogger - 
*************** error log start ***************
request method: GET
request originalUrl:  //files/excel/1500883474861.xlsx
request client ip:  ::ffff:127.0.0.1
request query:  {}
response time: 0
err name: BadRequestError
err message: Malicious Path
err stack: BadRequestError: Malicious Path
    at resolvePath (/Users/terryzou/company/ble/koaproject/node_modules/resolve-path/index.js:77:11)
    at /Users/terryzou/company/ble/koaproject/node_modules/koa-send/index.js:69:12
    at Generator.next (<anonymous>)
    at onFulfilled (/Users/terryzou/company/ble/koaproject/node_modules/co/index.js:65:19)
    at /Users/terryzou/company/ble/koaproject/node_modules/co/index.js:54:5
    at Promise (<anonymous>)
    at co (/Users/terryzou/company/ble/koaproject/node_modules/co/index.js:50:10)
    at send (/Users/terryzou/company/ble/koaproject/node_modules/koa-send/index.js:36:10)
    at serve (/Users/terryzou/company/ble/koaproject/node_modules/koa-static/index.js:41:16)
    at dispatch (/Users/terryzou/company/ble/koaproject/node_modules/koa-compose/index.js:44:32)
    at next (/Users/terryzou/company/ble/koaproject/node_modules/koa-compose/index.js:45:18)
    at app.use (/Users/terryzou/company/ble/koaproject/app.js:36:11)
    at dispatch (/Users/terryzou/company/ble/koaproject/node_modules/koa-compose/index.js:44:32)
    at next (/Users/terryzou/company/ble/koaproject/node_modules/koa-compose/index.js:45:18)
    at filter (/Users/terryzou/company/ble/koaproject/node_modules/koa-json/index.js:25:12)
    at dispatch (/Users/terryzou/company/ble/koaproject/node_modules/koa-compose/index.js:44:32)
    at next (/Users/terryzou/company/ble/koaproject/node_modules/koa-compose/index.js:45:18)
    at parseBody.then.body (/Users/terryzou/company/ble/koaproject/node_modules/koa-bodyparser/index.js:74:14)
    at <anonymous>
    at process._tickCallback (internal/process/next_tick.js:169:7)
*************** error log end ***************

[2017-07-24 16:06:00.061] [ERROR] errorLogger - 
*************** error log start ***************
request method: GET
request originalUrl:  //files/excel/1500883474861.xlsx
request client ip:  ::ffff:127.0.0.1
request query:  {}
response time: 1
err name: BadRequestError
err message: Malicious Path
err stack: BadRequestError: Malicious Path
    at resolvePath (/Users/terryzou/company/ble/koaproject/node_modules/resolve-path/index.js:77:11)
    at /Users/terryzou/company/ble/koaproject/node_modules/koa-send/index.js:69:12
    at Generator.next (<anonymous>)
    at onFulfilled (/Users/terryzou/company/ble/koaproject/node_modules/co/index.js:65:19)
    at /Users/terryzou/company/ble/koaproject/node_modules/co/index.js:54:5
    at Promise (<anonymous>)
    at co (/Users/terryzou/company/ble/koaproject/node_modules/co/index.js:50:10)
    at send (/Users/terryzou/company/ble/koaproject/node_modules/koa-send/index.js:36:10)
    at serve (/Users/terryzou/company/ble/koaproject/node_modules/koa-static/index.js:41:16)
    at dispatch (/Users/terryzou/company/ble/koaproject/node_modules/koa-compose/index.js:44:32)
    at next (/Users/terryzou/company/ble/koaproject/node_modules/koa-compose/index.js:45:18)
    at app.use (/Users/terryzou/company/ble/koaproject/app.js:36:11)
    at dispatch (/Users/terryzou/company/ble/koaproject/node_modules/koa-compose/index.js:44:32)
    at next (/Users/terryzou/company/ble/koaproject/node_modules/koa-compose/index.js:45:18)
    at filter (/Users/terryzou/company/ble/koaproject/node_modules/koa-json/index.js:25:12)
    at dispatch (/Users/terryzou/company/ble/koaproject/node_modules/koa-compose/index.js:44:32)
    at next (/Users/terryzou/company/ble/koaproject/node_modules/koa-compose/index.js:45:18)
    at parseBody.then.body (/Users/terryzou/company/ble/koaproject/node_modules/koa-bodyparser/index.js:74:14)
    at <anonymous>
    at process._tickCallback (internal/process/next_tick.js:169:7)
*************** error log end ***************

[2017-07-24 16:14:37.010] [ERROR] errorLogger - 
*************** error log start ***************
request method: GET
request originalUrl:  //files/excel/1498638762114.xlsx
request client ip:  ::ffff:127.0.0.1
request query:  {}
response time: 0
err name: BadRequestError
err message: Malicious Path
err stack: BadRequestError: Malicious Path
    at resolvePath (/Users/terryzou/company/ble/koaproject/node_modules/resolve-path/index.js:77:11)
    at /Users/terryzou/company/ble/koaproject/node_modules/koa-send/index.js:69:12
    at Generator.next (<anonymous>)
    at onFulfilled (/Users/terryzou/company/ble/koaproject/node_modules/co/index.js:65:19)
    at /Users/terryzou/company/ble/koaproject/node_modules/co/index.js:54:5
    at Promise (<anonymous>)
    at co (/Users/terryzou/company/ble/koaproject/node_modules/co/index.js:50:10)
    at send (/Users/terryzou/company/ble/koaproject/node_modules/koa-send/index.js:36:10)
    at serve (/Users/terryzou/company/ble/koaproject/node_modules/koa-static/index.js:41:16)
    at dispatch (/Users/terryzou/company/ble/koaproject/node_modules/koa-compose/index.js:44:32)
    at next (/Users/terryzou/company/ble/koaproject/node_modules/koa-compose/index.js:45:18)
    at app.use (/Users/terryzou/company/ble/koaproject/app.js:36:11)
    at dispatch (/Users/terryzou/company/ble/koaproject/node_modules/koa-compose/index.js:44:32)
    at next (/Users/terryzou/company/ble/koaproject/node_modules/koa-compose/index.js:45:18)
    at filter (/Users/terryzou/company/ble/koaproject/node_modules/koa-json/index.js:25:12)
    at dispatch (/Users/terryzou/company/ble/koaproject/node_modules/koa-compose/index.js:44:32)
    at next (/Users/terryzou/company/ble/koaproject/node_modules/koa-compose/index.js:45:18)
    at parseBody.then.body (/Users/terryzou/company/ble/koaproject/node_modules/koa-bodyparser/index.js:74:14)
    at <anonymous>
    at process._tickCallback (internal/process/next_tick.js:169:7)
*************** error log end ***************

[2017-07-24 16:19:06.123] [ERROR] errorLogger - 
*************** error log start ***************
request method: GET
request originalUrl:  //files/excel/1498638762114.xlsx
request client ip:  ::ffff:10.0.0.12
request query:  {}
response time: 1
err name: BadRequestError
err message: Malicious Path
err stack: BadRequestError: Malicious Path
    at resolvePath (/Users/terryzou/company/ble/koaproject/node_modules/resolve-path/index.js:77:11)
    at /Users/terryzou/company/ble/koaproject/node_modules/koa-send/index.js:69:12
    at Generator.next (<anonymous>)
    at onFulfilled (/Users/terryzou/company/ble/koaproject/node_modules/co/index.js:65:19)
    at /Users/terryzou/company/ble/koaproject/node_modules/co/index.js:54:5
    at Promise (<anonymous>)
    at co (/Users/terryzou/company/ble/koaproject/node_modules/co/index.js:50:10)
    at send (/Users/terryzou/company/ble/koaproject/node_modules/koa-send/index.js:36:10)
    at serve (/Users/terryzou/company/ble/koaproject/node_modules/koa-static/index.js:41:16)
    at dispatch (/Users/terryzou/company/ble/koaproject/node_modules/koa-compose/index.js:44:32)
    at next (/Users/terryzou/company/ble/koaproject/node_modules/koa-compose/index.js:45:18)
    at app.use (/Users/terryzou/company/ble/koaproject/app.js:36:11)
    at dispatch (/Users/terryzou/company/ble/koaproject/node_modules/koa-compose/index.js:44:32)
    at next (/Users/terryzou/company/ble/koaproject/node_modules/koa-compose/index.js:45:18)
    at filter (/Users/terryzou/company/ble/koaproject/node_modules/koa-json/index.js:25:12)
    at dispatch (/Users/terryzou/company/ble/koaproject/node_modules/koa-compose/index.js:44:32)
    at next (/Users/terryzou/company/ble/koaproject/node_modules/koa-compose/index.js:45:18)
    at parseBody.then.body (/Users/terryzou/company/ble/koaproject/node_modules/koa-bodyparser/index.js:74:14)
    at <anonymous>
    at process._tickCallback (internal/process/next_tick.js:169:7)
*************** error log end ***************

[2017-07-24 16:19:15.665] [ERROR] errorLogger - 
*************** error log start ***************
request method: GET
request originalUrl:  //files/excel/1498638762114.xlsx
request client ip:  ::ffff:10.0.0.12
request query:  {}
response time: 1
err name: BadRequestError
err message: Malicious Path
err stack: BadRequestError: Malicious Path
    at resolvePath (/Users/terryzou/company/ble/koaproject/node_modules/resolve-path/index.js:77:11)
    at /Users/terryzou/company/ble/koaproject/node_modules/koa-send/index.js:69:12
    at Generator.next (<anonymous>)
    at onFulfilled (/Users/terryzou/company/ble/koaproject/node_modules/co/index.js:65:19)
    at /Users/terryzou/company/ble/koaproject/node_modules/co/index.js:54:5
    at Promise (<anonymous>)
    at co (/Users/terryzou/company/ble/koaproject/node_modules/co/index.js:50:10)
    at send (/Users/terryzou/company/ble/koaproject/node_modules/koa-send/index.js:36:10)
    at serve (/Users/terryzou/company/ble/koaproject/node_modules/koa-static/index.js:41:16)
    at dispatch (/Users/terryzou/company/ble/koaproject/node_modules/koa-compose/index.js:44:32)
    at next (/Users/terryzou/company/ble/koaproject/node_modules/koa-compose/index.js:45:18)
    at app.use (/Users/terryzou/company/ble/koaproject/app.js:36:11)
    at dispatch (/Users/terryzou/company/ble/koaproject/node_modules/koa-compose/index.js:44:32)
    at next (/Users/terryzou/company/ble/koaproject/node_modules/koa-compose/index.js:45:18)
    at filter (/Users/terryzou/company/ble/koaproject/node_modules/koa-json/index.js:25:12)
    at dispatch (/Users/terryzou/company/ble/koaproject/node_modules/koa-compose/index.js:44:32)
    at next (/Users/terryzou/company/ble/koaproject/node_modules/koa-compose/index.js:45:18)
    at parseBody.then.body (/Users/terryzou/company/ble/koaproject/node_modules/koa-bodyparser/index.js:74:14)
    at <anonymous>
    at process._tickCallback (internal/process/next_tick.js:169:7)
*************** error log end ***************

[2017-07-24 16:24:48.074] [ERROR] errorLogger - 
*************** error log start ***************
request method: GET
request originalUrl:  //api/blescan/ble_scan_result_export
request client ip:  ::ffff:10.0.0.12
request query:  {}
response time: 0
err name: BadRequestError
err message: Malicious Path
err stack: BadRequestError: Malicious Path
    at resolvePath (/Users/terryzou/company/ble/koaproject/node_modules/resolve-path/index.js:77:11)
    at /Users/terryzou/company/ble/koaproject/node_modules/koa-send/index.js:69:12
    at Generator.next (<anonymous>)
    at onFulfilled (/Users/terryzou/company/ble/koaproject/node_modules/co/index.js:65:19)
    at /Users/terryzou/company/ble/koaproject/node_modules/co/index.js:54:5
    at Promise (<anonymous>)
    at co (/Users/terryzou/company/ble/koaproject/node_modules/co/index.js:50:10)
    at send (/Users/terryzou/company/ble/koaproject/node_modules/koa-send/index.js:36:10)
    at serve (/Users/terryzou/company/ble/koaproject/node_modules/koa-static/index.js:41:16)
    at dispatch (/Users/terryzou/company/ble/koaproject/node_modules/koa-compose/index.js:44:32)
    at next (/Users/terryzou/company/ble/koaproject/node_modules/koa-compose/index.js:45:18)
    at app.use (/Users/terryzou/company/ble/koaproject/app.js:36:11)
    at dispatch (/Users/terryzou/company/ble/koaproject/node_modules/koa-compose/index.js:44:32)
    at next (/Users/terryzou/company/ble/koaproject/node_modules/koa-compose/index.js:45:18)
    at filter (/Users/terryzou/company/ble/koaproject/node_modules/koa-json/index.js:25:12)
    at dispatch (/Users/terryzou/company/ble/koaproject/node_modules/koa-compose/index.js:44:32)
    at next (/Users/terryzou/company/ble/koaproject/node_modules/koa-compose/index.js:45:18)
    at parseBody.then.body (/Users/terryzou/company/ble/koaproject/node_modules/koa-bodyparser/index.js:74:14)
    at <anonymous>
    at process._tickCallback (internal/process/next_tick.js:169:7)
*************** error log end ***************

[2017-07-24 16:25:55.547] [ERROR] errorLogger - 
*************** error log start ***************
request method: GET
request originalUrl:  //files/excel/1500884755421.xlsx
request client ip:  ::ffff:127.0.0.1
request query:  {}
response time: 0
err name: BadRequestError
err message: Malicious Path
err stack: BadRequestError: Malicious Path
    at resolvePath (/Users/terryzou/company/ble/koaproject/node_modules/resolve-path/index.js:77:11)
    at /Users/terryzou/company/ble/koaproject/node_modules/koa-send/index.js:69:12
    at Generator.next (<anonymous>)
    at onFulfilled (/Users/terryzou/company/ble/koaproject/node_modules/co/index.js:65:19)
    at /Users/terryzou/company/ble/koaproject/node_modules/co/index.js:54:5
    at Promise (<anonymous>)
    at co (/Users/terryzou/company/ble/koaproject/node_modules/co/index.js:50:10)
    at send (/Users/terryzou/company/ble/koaproject/node_modules/koa-send/index.js:36:10)
    at serve (/Users/terryzou/company/ble/koaproject/node_modules/koa-static/index.js:41:16)
    at dispatch (/Users/terryzou/company/ble/koaproject/node_modules/koa-compose/index.js:44:32)
    at next (/Users/terryzou/company/ble/koaproject/node_modules/koa-compose/index.js:45:18)
    at app.use (/Users/terryzou/company/ble/koaproject/app.js:36:11)
    at dispatch (/Users/terryzou/company/ble/koaproject/node_modules/koa-compose/index.js:44:32)
    at next (/Users/terryzou/company/ble/koaproject/node_modules/koa-compose/index.js:45:18)
    at filter (/Users/terryzou/company/ble/koaproject/node_modules/koa-json/index.js:25:12)
    at dispatch (/Users/terryzou/company/ble/koaproject/node_modules/koa-compose/index.js:44:32)
    at next (/Users/terryzou/company/ble/koaproject/node_modules/koa-compose/index.js:45:18)
    at parseBody.then.body (/Users/terryzou/company/ble/koaproject/node_modules/koa-bodyparser/index.js:74:14)
    at <anonymous>
    at process._tickCallback (internal/process/next_tick.js:169:7)
*************** error log end ***************

[2017-07-24 16:26:09.270] [ERROR] errorLogger - 
*************** error log start ***************
request method: GET
request originalUrl:  //files/excel/1500884769245.xlsx
request client ip:  ::ffff:127.0.0.1
request query:  {}
response time: 0
err name: BadRequestError
err message: Malicious Path
err stack: BadRequestError: Malicious Path
    at resolvePath (/Users/terryzou/company/ble/koaproject/node_modules/resolve-path/index.js:77:11)
    at /Users/terryzou/company/ble/koaproject/node_modules/koa-send/index.js:69:12
    at Generator.next (<anonymous>)
    at onFulfilled (/Users/terryzou/company/ble/koaproject/node_modules/co/index.js:65:19)
    at /Users/terryzou/company/ble/koaproject/node_modules/co/index.js:54:5
    at Promise (<anonymous>)
    at co (/Users/terryzou/company/ble/koaproject/node_modules/co/index.js:50:10)
    at send (/Users/terryzou/company/ble/koaproject/node_modules/koa-send/index.js:36:10)
    at serve (/Users/terryzou/company/ble/koaproject/node_modules/koa-static/index.js:41:16)
    at dispatch (/Users/terryzou/company/ble/koaproject/node_modules/koa-compose/index.js:44:32)
    at next (/Users/terryzou/company/ble/koaproject/node_modules/koa-compose/index.js:45:18)
    at app.use (/Users/terryzou/company/ble/koaproject/app.js:36:11)
    at dispatch (/Users/terryzou/company/ble/koaproject/node_modules/koa-compose/index.js:44:32)
    at next (/Users/terryzou/company/ble/koaproject/node_modules/koa-compose/index.js:45:18)
    at filter (/Users/terryzou/company/ble/koaproject/node_modules/koa-json/index.js:25:12)
    at dispatch (/Users/terryzou/company/ble/koaproject/node_modules/koa-compose/index.js:44:32)
    at next (/Users/terryzou/company/ble/koaproject/node_modules/koa-compose/index.js:45:18)
    at parseBody.then.body (/Users/terryzou/company/ble/koaproject/node_modules/koa-bodyparser/index.js:74:14)
    at <anonymous>
    at process._tickCallback (internal/process/next_tick.js:169:7)
*************** error log end ***************

[2017-07-24 16:29:11.931] [ERROR] errorLogger - 
*************** error log start ***************
request method: GET
request originalUrl:  //files/excel/1500277266394.xlsx
request client ip:  ::ffff:127.0.0.1
request query:  {}
response time: 0
err name: BadRequestError
err message: Malicious Path
err stack: BadRequestError: Malicious Path
    at resolvePath (/Users/terryzou/company/ble/koaproject/node_modules/resolve-path/index.js:77:11)
    at /Users/terryzou/company/ble/koaproject/node_modules/koa-send/index.js:69:12
    at Generator.next (<anonymous>)
    at onFulfilled (/Users/terryzou/company/ble/koaproject/node_modules/co/index.js:65:19)
    at /Users/terryzou/company/ble/koaproject/node_modules/co/index.js:54:5
    at Promise (<anonymous>)
    at co (/Users/terryzou/company/ble/koaproject/node_modules/co/index.js:50:10)
    at send (/Users/terryzou/company/ble/koaproject/node_modules/koa-send/index.js:36:10)
    at serve (/Users/terryzou/company/ble/koaproject/node_modules/koa-static/index.js:41:16)
    at dispatch (/Users/terryzou/company/ble/koaproject/node_modules/koa-compose/index.js:44:32)
    at next (/Users/terryzou/company/ble/koaproject/node_modules/koa-compose/index.js:45:18)
    at app.use (/Users/terryzou/company/ble/koaproject/app.js:36:11)
    at dispatch (/Users/terryzou/company/ble/koaproject/node_modules/koa-compose/index.js:44:32)
    at next (/Users/terryzou/company/ble/koaproject/node_modules/koa-compose/index.js:45:18)
    at filter (/Users/terryzou/company/ble/koaproject/node_modules/koa-json/index.js:25:12)
    at dispatch (/Users/terryzou/company/ble/koaproject/node_modules/koa-compose/index.js:44:32)
    at next (/Users/terryzou/company/ble/koaproject/node_modules/koa-compose/index.js:45:18)
    at parseBody.then.body (/Users/terryzou/company/ble/koaproject/node_modules/koa-bodyparser/index.js:74:14)
    at <anonymous>
    at process._tickCallback (internal/process/next_tick.js:169:7)
*************** error log end ***************

[2017-07-24 16:29:14.776] [ERROR] errorLogger - 
*************** error log start ***************
request method: GET
request originalUrl:  //files/excel/1500277266394.xlsx
request client ip:  ::ffff:127.0.0.1
request query:  {}
response time: 0
err name: BadRequestError
err message: Malicious Path
err stack: BadRequestError: Malicious Path
    at resolvePath (/Users/terryzou/company/ble/koaproject/node_modules/resolve-path/index.js:77:11)
    at /Users/terryzou/company/ble/koaproject/node_modules/koa-send/index.js:69:12
    at Generator.next (<anonymous>)
    at onFulfilled (/Users/terryzou/company/ble/koaproject/node_modules/co/index.js:65:19)
    at /Users/terryzou/company/ble/koaproject/node_modules/co/index.js:54:5
    at Promise (<anonymous>)
    at co (/Users/terryzou/company/ble/koaproject/node_modules/co/index.js:50:10)
    at send (/Users/terryzou/company/ble/koaproject/node_modules/koa-send/index.js:36:10)
    at serve (/Users/terryzou/company/ble/koaproject/node_modules/koa-static/index.js:41:16)
    at dispatch (/Users/terryzou/company/ble/koaproject/node_modules/koa-compose/index.js:44:32)
    at next (/Users/terryzou/company/ble/koaproject/node_modules/koa-compose/index.js:45:18)
    at app.use (/Users/terryzou/company/ble/koaproject/app.js:36:11)
    at dispatch (/Users/terryzou/company/ble/koaproject/node_modules/koa-compose/index.js:44:32)
    at next (/Users/terryzou/company/ble/koaproject/node_modules/koa-compose/index.js:45:18)
    at filter (/Users/terryzou/company/ble/koaproject/node_modules/koa-json/index.js:25:12)
    at dispatch (/Users/terryzou/company/ble/koaproject/node_modules/koa-compose/index.js:44:32)
    at next (/Users/terryzou/company/ble/koaproject/node_modules/koa-compose/index.js:45:18)
    at parseBody.then.body (/Users/terryzou/company/ble/koaproject/node_modules/koa-bodyparser/index.js:74:14)
    at <anonymous>
    at process._tickCallback (internal/process/next_tick.js:169:7)
*************** error log end ***************

[2017-07-24 16:35:02.305] [ERROR] errorLogger - 
*************** error log start ***************
request method: GET
request originalUrl:  //files/excel/1500885302172.xlsx
request client ip:  ::ffff:127.0.0.1
request query:  {}
response time: 4
err name: BadRequestError
err message: Malicious Path
err stack: BadRequestError: Malicious Path
    at resolvePath (/Users/terryzou/company/ble/koaproject/node_modules/resolve-path/index.js:77:11)
    at /Users/terryzou/company/ble/koaproject/node_modules/koa-send/index.js:69:12
    at Generator.next (<anonymous>)
    at onFulfilled (/Users/terryzou/company/ble/koaproject/node_modules/co/index.js:65:19)
    at /Users/terryzou/company/ble/koaproject/node_modules/co/index.js:54:5
    at Promise (<anonymous>)
    at co (/Users/terryzou/company/ble/koaproject/node_modules/co/index.js:50:10)
    at send (/Users/terryzou/company/ble/koaproject/node_modules/koa-send/index.js:36:10)
    at serve (/Users/terryzou/company/ble/koaproject/node_modules/koa-static/index.js:41:16)
    at dispatch (/Users/terryzou/company/ble/koaproject/node_modules/koa-compose/index.js:44:32)
    at next (/Users/terryzou/company/ble/koaproject/node_modules/koa-compose/index.js:45:18)
    at app.use (/Users/terryzou/company/ble/koaproject/app.js:36:11)
    at dispatch (/Users/terryzou/company/ble/koaproject/node_modules/koa-compose/index.js:44:32)
    at next (/Users/terryzou/company/ble/koaproject/node_modules/koa-compose/index.js:45:18)
    at filter (/Users/terryzou/company/ble/koaproject/node_modules/koa-json/index.js:25:12)
    at dispatch (/Users/terryzou/company/ble/koaproject/node_modules/koa-compose/index.js:44:32)
    at next (/Users/terryzou/company/ble/koaproject/node_modules/koa-compose/index.js:45:18)
    at parseBody.then.body (/Users/terryzou/company/ble/koaproject/node_modules/koa-bodyparser/index.js:74:14)
    at <anonymous>
    at process._tickCallback (internal/process/next_tick.js:169:7)
*************** error log end ***************

[2017-07-24 16:40:57.556] [ERROR] errorLogger - 
*************** error log start ***************
request method: GET
request originalUrl:  //files/excel/1500885657395.xlsx
request client ip:  ::ffff:10.0.0.12
request query:  {}
response time: 1
err name: BadRequestError
err message: Malicious Path
err stack: BadRequestError: Malicious Path
    at resolvePath (/Users/terryzou/company/ble/koaproject/node_modules/resolve-path/index.js:77:11)
    at /Users/terryzou/company/ble/koaproject/node_modules/koa-send/index.js:69:12
    at Generator.next (<anonymous>)
    at onFulfilled (/Users/terryzou/company/ble/koaproject/node_modules/co/index.js:65:19)
    at /Users/terryzou/company/ble/koaproject/node_modules/co/index.js:54:5
    at Promise (<anonymous>)
    at co (/Users/terryzou/company/ble/koaproject/node_modules/co/index.js:50:10)
    at send (/Users/terryzou/company/ble/koaproject/node_modules/koa-send/index.js:36:10)
    at serve (/Users/terryzou/company/ble/koaproject/node_modules/koa-static/index.js:41:16)
    at dispatch (/Users/terryzou/company/ble/koaproject/node_modules/koa-compose/index.js:44:32)
    at next (/Users/terryzou/company/ble/koaproject/node_modules/koa-compose/index.js:45:18)
    at app.use (/Users/terryzou/company/ble/koaproject/app.js:36:11)
    at dispatch (/Users/terryzou/company/ble/koaproject/node_modules/koa-compose/index.js:44:32)
    at next (/Users/terryzou/company/ble/koaproject/node_modules/koa-compose/index.js:45:18)
    at filter (/Users/terryzou/company/ble/koaproject/node_modules/koa-json/index.js:25:12)
    at dispatch (/Users/terryzou/company/ble/koaproject/node_modules/koa-compose/index.js:44:32)
    at next (/Users/terryzou/company/ble/koaproject/node_modules/koa-compose/index.js:45:18)
    at parseBody.then.body (/Users/terryzou/company/ble/koaproject/node_modules/koa-bodyparser/index.js:74:14)
    at <anonymous>
    at process._tickCallback (internal/process/next_tick.js:169:7)
*************** error log end ***************

