[2017-07-21 17:41:00.738] [ERROR] errorLogger - 
*************** error log start ***************
request method: GET
request originalUrl:  //files/excel/1500630059337.xlsx
request client ip:  ::ffff:127.0.0.1
request query:  {}
response time: 6
err name: BadRequestError
err message: Malicious Path
err stack: BadRequestError: Malicious Path
    at resolvePath (/Users/terryzou/company/ble/koaproject/node_modules/resolve-path/index.js:77:11)
    at /Users/terryzou/company/ble/koaproject/node_modules/koa-send/index.js:69:12
    at Generator.next (<anonymous>)
    at onFulfilled (/Users/terryzou/company/ble/koaproject/node_modules/co/index.js:65:19)
    at /Users/terryzou/company/ble/koaproject/node_modules/co/index.js:54:5
    at Promise (<anonymous>)
    at co (/Users/terryzou/company/ble/koaproject/node_modules/co/index.js:50:10)
    at send (/Users/terryzou/company/ble/koaproject/node_modules/koa-send/index.js:36:10)
    at serve (/Users/terryzou/company/ble/koaproject/node_modules/koa-static/index.js:41:16)
    at dispatch (/Users/terryzou/company/ble/koaproject/node_modules/koa-compose/index.js:44:32)
    at next (/Users/terryzou/company/ble/koaproject/node_modules/koa-compose/index.js:45:18)
    at app.use (/Users/terryzou/company/ble/koaproject/app.js:36:11)
    at dispatch (/Users/terryzou/company/ble/koaproject/node_modules/koa-compose/index.js:44:32)
    at next (/Users/terryzou/company/ble/koaproject/node_modules/koa-compose/index.js:45:18)
    at filter (/Users/terryzou/company/ble/koaproject/node_modules/koa-json/index.js:25:12)
    at dispatch (/Users/terryzou/company/ble/koaproject/node_modules/koa-compose/index.js:44:32)
    at next (/Users/terryzou/company/ble/koaproject/node_modules/koa-compose/index.js:45:18)
    at parseBody.then.body (/Users/terryzou/company/ble/koaproject/node_modules/koa-bodyparser/index.js:74:14)
    at <anonymous>
    at process._tickCallback (internal/process/next_tick.js:169:7)
*************** error log end ***************

[2017-07-21 17:41:19.538] [ERROR] errorLogger - 
*************** error log start ***************
request method: GET
request originalUrl:  //files/excel/1500630078004.xlsx
request client ip:  ::ffff:127.0.0.1
request query:  {}
response time: 0
err name: BadRequestError
err message: Malicious Path
err stack: BadRequestError: Malicious Path
    at resolvePath (/Users/terryzou/company/ble/koaproject/node_modules/resolve-path/index.js:77:11)
    at /Users/terryzou/company/ble/koaproject/node_modules/koa-send/index.js:69:12
    at Generator.next (<anonymous>)
    at onFulfilled (/Users/terryzou/company/ble/koaproject/node_modules/co/index.js:65:19)
    at /Users/terryzou/company/ble/koaproject/node_modules/co/index.js:54:5
    at Promise (<anonymous>)
    at co (/Users/terryzou/company/ble/koaproject/node_modules/co/index.js:50:10)
    at send (/Users/terryzou/company/ble/koaproject/node_modules/koa-send/index.js:36:10)
    at serve (/Users/terryzou/company/ble/koaproject/node_modules/koa-static/index.js:41:16)
    at dispatch (/Users/terryzou/company/ble/koaproject/node_modules/koa-compose/index.js:44:32)
    at next (/Users/terryzou/company/ble/koaproject/node_modules/koa-compose/index.js:45:18)
    at app.use (/Users/terryzou/company/ble/koaproject/app.js:36:11)
    at dispatch (/Users/terryzou/company/ble/koaproject/node_modules/koa-compose/index.js:44:32)
    at next (/Users/terryzou/company/ble/koaproject/node_modules/koa-compose/index.js:45:18)
    at filter (/Users/terryzou/company/ble/koaproject/node_modules/koa-json/index.js:25:12)
    at dispatch (/Users/terryzou/company/ble/koaproject/node_modules/koa-compose/index.js:44:32)
    at next (/Users/terryzou/company/ble/koaproject/node_modules/koa-compose/index.js:45:18)
    at parseBody.then.body (/Users/terryzou/company/ble/koaproject/node_modules/koa-bodyparser/index.js:74:14)
    at <anonymous>
    at process._tickCallback (internal/process/next_tick.js:169:7)
*************** error log end ***************

